Log file open, 05/03/17 15:02:24
LogInit:Display: Running engine for game: VRProject
LogPlatformFile: Not using cached read wrapper
LogInit:Display: RandInit(-1049603647) SRandInit(-1049603647).
LogTaskGraph: Started task graph with 5 named threads and 6 total threads with 1 sets of task threads.
LogStats: Stats thread started at 0.302748
LogInit: Using libcurl 7.47.1
LogInit:  - built for x86_64-pc-win32
LogInit:  - supports SSL with OpenSSL/1.0.2g
LogInit:  - supports HTTP deflate (compression) using libz 1.2.8
LogInit:  - other features:
LogInit:      CURL_VERSION_SSL
LogInit:      CURL_VERSION_LIBZ
LogInit:      CURL_VERSION_IPV6
LogInit:      CURL_VERSION_ASYNCHDNS
LogInit:      CURL_VERSION_LARGEFILE
LogInit:      CURL_VERSION_IDN
LogInit:  CurlRequestOptions (configurable via config and command line):
LogInit:  - bVerifyPeer = false  - Libcurl will NOT verify peer certificate
LogInit:  - bUseHttpProxy = false  - Libcurl will NOT use HTTP proxy
LogInit:  - bDontReuseConnections = false  - Libcurl will reuse connections
LogInit:  - CertBundlePath = nullptr  - Libcurl will use whatever was configured at build time.
LogInit: Build: ++UE4+Release-4.15-CL-3348071
LogInit: Engine Version: 4.15.1-3348071+++UE4+Release-4.15
LogInit: Compatible Engine Version: 4.15.0-3299760+++UE4+Release-4.15
LogInit: Net CL: 3299760
LogDevObjectVersion: Number of dev versions registered: 14
LogDevObjectVersion:   Dev-Blueprints (B0D832E4-1F89-4F0D-ACCF-7EB736FD4AA2): 8
LogDevObjectVersion:   Dev-Build (E1C64328-A22C-4D53-A36C-8E866417BD8C): 0
LogDevObjectVersion:   Dev-Core (375EC13C-06E4-48FB-B500-84F0262A717E): 2
LogDevObjectVersion:   Dev-Editor (E4B068ED-F494-42E9-A231-DA0B2E46BB41): 14
LogDevObjectVersion:   Dev-Framework (CFFC743F-43B0-4480-9391-14DF171D2073): 22
LogDevObjectVersion:   Dev-Mobile (B02B49B5-BB20-44E9-A304-32B752E40360): 0
LogDevObjectVersion:   Dev-Networking (A4E4105C-59A1-49B5-A7C5-40C4547EDFEE): 0
LogDevObjectVersion:   Dev-Online (39C831C9-5AE6-47DC-9A44-9C173E1C8E7C): 0
LogDevObjectVersion:   Dev-Physics (78F01B33-EBEA-4F98-B9B4-84EACCB95AA2): 0
LogDevObjectVersion:   Dev-Platform (6631380F-2D4D-43E0-8009-CF276956A95A): 0
LogDevObjectVersion:   Dev-Rendering (12F88B9F-8875-4AFC-A67C-D90C383ABD29): 12
LogDevObjectVersion:   Dev-Sequencer (7B5AE74C-D270-4C10-A958-57980B212A5A): 3
LogDevObjectVersion:   Dev-VR (D7296918-1DD6-4BDD-9DE2-64A83CC13884): 0
LogDevObjectVersion:   Dev-LoadTimes (C2A15278-BFE7-4AFE-6C17-90FF531DF755): 1
LogInit: Compiled (64-bit): Mar 15 2017 16:52:47
LogInit: Compiled with Visual C++: 19.00.23026.00
LogInit: Build Configuration: Development
LogInit: Branch Name: ++UE4+Release-4.15
LogInit: Command line: 
LogInit: Base directory: C:/Program Files/Epic Games/UE_4.15/Engine/Binaries/Win64/
LogInit: Installed Engine Build: 1
LogInit: Presizing for max 8388607 objects, including 0 objects not considered by GC, pre-allocating 0 bytes for permanent pool.
LogInit: Object subsystem initialized
[2017.05.03-22.02.28:076][  0]LogConsoleManager:Display: Setting the console variable 'r.RHICmdBypass' with 'SetByProjectSetting' was ignored as it is lower priority than the previous 'SetBySystemSettingsIni'. Value remains '1'
[2017.05.03-22.02.28:083][  0]LogInit: Selected Device Profile: [Windows]
[2017.05.03-22.02.28:083][  0]LogInit: Applying CVar settings loaded from the selected device profile: [Windows]
[2017.05.03-22.02.28:123][  0]LogInit: Computer: LENOVO-PC
[2017.05.03-22.02.28:123][  0]LogInit: User: Diana
[2017.05.03-22.02.28:123][  0]LogInit: CPU Page size=65536, Cores=2
[2017.05.03-22.02.28:123][  0]LogInit: High frequency timer resolution =2.533192 MHz
[2017.05.03-22.02.28:124][  0]LogMemory: Memory total: Physical=7.9GB (8GB approx)
[2017.05.03-22.02.28:124][  0]LogMemory: Platform Memory Stats for Windows
[2017.05.03-22.02.28:124][  0]LogMemory: Process Physical Memory: 263.02 MB used, 263.02 MB peak
[2017.05.03-22.02.28:124][  0]LogMemory: Process Virtual Memory: 262.41 MB used, 262.41 MB peak
[2017.05.03-22.02.28:124][  0]LogMemory: Physical Memory: 5197.82 MB used,  2906.45 MB free, 8104.27 MB total
[2017.05.03-22.02.28:124][  0]LogMemory: Virtual Memory: 643.25 MB used,  2906.45 MB free, 134217728.00 MB total
[2017.05.03-22.02.28:440][  0]LogTextLocalizationManager: No specific translations for ('en-US') exist, so ('en') translations will be used.
[2017.05.03-22.02.31:697][  0]LogD3D11RHI: D3D11 adapters:
[2017.05.03-22.02.31:715][  0]LogD3D11RHI:    0. 'Intel(R) HD Graphics Family' (Feature Level 11_0)
[2017.05.03-22.02.31:715][  0]LogD3D11RHI:       112/0/2048 MB DedicatedVideo/DedicatedSystem/SharedSystem, Outputs:1, VendorId:0x8086
[2017.05.03-22.02.31:720][  0]LogD3D11RHI:    1. 'Microsoft Basic Render Driver' (Feature Level 11_0)
[2017.05.03-22.02.31:720][  0]LogD3D11RHI:       0/0/4052 MB DedicatedVideo/DedicatedSystem/SharedSystem, Outputs:0, VendorId:0x1414
[2017.05.03-22.02.31:720][  0]LogD3D11RHI: Chosen D3D11 Adapter: 0
[2017.05.03-22.02.31:736][  0]LogD3D11RHI: Creating new Direct3DDevice
[2017.05.03-22.02.31:737][  0]LogD3D11RHI:     GPU DeviceId: 0xa16 (for the marketing name, search the web for "GPU Device Id")
[2017.05.03-22.02.31:737][  0]LogWindows: EnumDisplayDevices:
[2017.05.03-22.02.31:737][  0]LogWindows:    0. 'Intel(R) HD Graphics Family' (P:1 D:1)
[2017.05.03-22.02.31:738][  0]LogWindows:    1. 'Intel(R) HD Graphics Family' (P:0 D:0)
[2017.05.03-22.02.31:739][  0]LogWindows:    2. 'Intel(R) HD Graphics Family' (P:0 D:0)
[2017.05.03-22.02.31:739][  0]LogWindows: DebugString: FoundDriverCount:3 
[2017.05.03-22.02.31:739][  0]LogD3D11RHI:     Adapter Name: Intel(R) HD Graphics Family
[2017.05.03-22.02.31:739][  0]LogD3D11RHI:   Driver Version: 10.18.15.4279 (internal:10.18.15.4279, unified:10.18.15.4279)
[2017.05.03-22.02.31:739][  0]LogD3D11RHI:      Driver Date: 8-24-2015
[2017.05.03-22.02.31:739][  0]LogRHI: Texture pool is 795 MB (70% of 1136 MB)
[2017.05.03-22.02.31:756][  0]LogD3D11RHI: Async texture creation enabled
[2017.05.03-22.02.31:773][  0]LogD3D11RHI: GPU Timing Frequency: 12.500000 (Debug: 2 0)
[2017.05.03-22.02.31:775][  0]LogShaderCompilers: Guid format shader working directory is -20 characters bigger than the processId version (../../../../../../Users/Diana/Documents/Unreal Projects/VRProject/Intermediate/Shaders/WorkingDirectory/13340/).
[2017.05.03-22.02.31:775][  0]LogShaderCompilers: Cleaned the shader compiler working directory 'C:/Users/Diana/AppData/Local/Temp/UnrealShaderWorkingDir/86F035AB41F8A76F8A0AF5BE5F5554EA/'.
[2017.05.03-22.02.31:775][  0]LogShaderCompilers:Display: Using Local Shader Compiler.
[2017.05.03-22.02.37:867][  0]LogTemp:Display: Loaded TP AllDesktopTargetPlatform
[2017.05.03-22.02.38:193][  0]LogTemp:Display: Loaded TP MacClientTargetPlatform
[2017.05.03-22.02.38:486][  0]LogTemp:Display: Loaded TP MacNoEditorTargetPlatform
[2017.05.03-22.02.38:745][  0]LogTemp:Display: Loaded TP MacServerTargetPlatform
[2017.05.03-22.02.39:013][  0]LogTemp:Display: Loaded TP MacTargetPlatform
[2017.05.03-22.02.39:274][  0]LogTemp:Display: Loaded TP WindowsClientTargetPlatform
[2017.05.03-22.02.39:582][  0]LogTemp:Display: Loaded TP WindowsNoEditorTargetPlatform
[2017.05.03-22.02.39:887][  0]LogTemp:Display: Loaded TP WindowsServerTargetPlatform
[2017.05.03-22.02.40:103][  0]LogTemp:Display: Loaded TP WindowsTargetPlatform
[2017.05.03-22.02.40:351][  0]LogTemp:Display: Loaded TP AndroidTargetPlatform
[2017.05.03-22.02.40:608][  0]LogTemp:Display: Loaded TP Android_ASTCTargetPlatform
[2017.05.03-22.02.40:870][  0]LogTemp:Display: Loaded TP Android_ATCTargetPlatform
[2017.05.03-22.02.41:158][  0]LogTemp:Display: Loaded TP Android_DXTTargetPlatform
[2017.05.03-22.02.41:446][  0]LogTemp:Display: Loaded TP Android_ETC1TargetPlatform
[2017.05.03-22.02.41:693][  0]LogTemp:Display: Loaded TP Android_ETC2TargetPlatform
[2017.05.03-22.02.42:248][  0]LogTemp:Display: Loaded TP Android_MultiTargetPlatform
[2017.05.03-22.02.42:248][  0]LogTemp:Display: Loaded TP Android_PVRTCTargetPlatform
[2017.05.03-22.02.42:465][  0]LogTemp:Display: Loaded TP HTML5TargetPlatform
[2017.05.03-22.02.42:855][  0]LogTemp:Display: Loaded TP IOSTargetPlatform
[2017.05.03-22.02.43:015][  0]LogTemp:Display: Loaded TP TVOSTargetPlatform
[2017.05.03-22.02.43:291][  0]LogTemp:Display: Loaded TP LinuxClientTargetPlatform
[2017.05.03-22.02.43:689][  0]LogTemp:Display: Loaded TP LinuxNoEditorTargetPlatform
[2017.05.03-22.02.44:046][  0]LogTemp:Display: Loaded TP LinuxServerTargetPlatform
[2017.05.03-22.02.44:359][  0]LogTemp:Display: Loaded TP LinuxTargetPlatform
[2017.05.03-22.02.44:359][  0]LogTargetPlatformManager:Display: Building Assets For Windows
[2017.05.03-22.02.46:949][  0]LogDerivedDataCache:Display: Max Cache Size: 512 MB
[2017.05.03-22.02.47:236][  0]LogDerivedDataCache: Loaded boot cache 0.29s 61MB C:/Users/Diana/AppData/Local/UnrealEngine/4.15/DerivedDataCache/Boot.ddc.
[2017.05.03-22.02.47:236][  0]LogDerivedDataCache:Display: Loaded Boot cache: C:/Users/Diana/AppData/Local/UnrealEngine/4.15/DerivedDataCache/Boot.ddc
[2017.05.03-22.02.47:238][  0]LogDerivedDataCache: FDerivedDataBackendGraph:  Pak pak cache file ../../../../../../Users/Diana/Documents/Unreal Projects/VRProject/DerivedDataCache/DDC.ddp not found, will not use a pak cache.
[2017.05.03-22.02.47:238][  0]LogDerivedDataCache: Unable to find inner node Pak for hierarchical cache Hierarchy.
[2017.05.03-22.02.47:239][  0]LogDerivedDataCache: FDerivedDataBackendGraph:  CompressedPak pak cache file ../../../../../../Users/Diana/Documents/Unreal Projects/VRProject/DerivedDataCache/Compressed.ddp not found, will not use a pak cache.
[2017.05.03-22.02.47:239][  0]LogDerivedDataCache: Unable to find inner node CompressedPak for hierarchical cache Hierarchy.
[2017.05.03-22.02.47:334][  0]LogDerivedDataCache:Display: Pak cache opened for reading ../../../Engine/DerivedDataCache/Compressed.ddp.
[2017.05.03-22.02.47:352][  0]LogDerivedDataCache: Using Local data cache path C:/Users/Diana/AppData/Local/UnrealEngine/Common/DerivedDataCache: Writable
[2017.05.03-22.02.47:390][  0]LogSlate: Using Freetype 2.6.0
[2017.05.03-22.02.47:393][  0]LogSlate: SlateFontCache - WITH_FREETYPE: 1, WITH_HARFBUZZ: 1
[2017.05.03-22.02.47:393][  0]LogSlate: SlateFontCache - WITH_FREETYPE: 1, WITH_HARFBUZZ: 1
[2017.05.03-22.02.48:719][  0]LogInit: Selected Device Profile: [Windows]
[2017.05.03-22.02.48:727][  0]LogContentStreaming: Texture pool size is 0.00 MB
[2017.05.03-22.02.49:645][  0]LogMeshUtilities: Using QuadricMeshReduction for automatic static mesh reduction
[2017.05.03-22.02.49:839][  0]LogSimplygon: Simplygon DLL not present - disabling.
[2017.05.03-22.02.50:049][  0]LogMeshUtilities: Using SimplygonSwarm for distributed automatic mesh merging
[2017.05.03-22.02.50:049][  0]LogMeshUtilities: No automatic skeletal mesh reduction module available
[2017.05.03-22.02.50:049][  0]LogMeshUtilities: No automatic mesh merging module available
[2017.05.03-22.02.52:147][  0]LogNetVersion: GetLocalNetworkVersion: CL: 3299760, ProjectName: vrproject, ProjectVersion: , EngineNetworkVersion: 2, GameNetworkVersion: 0, NetworkChecksum: 2635692910
[2017.05.03-22.02.52:271][  0]LogAssetRegistry: FAssetRegistry took 0.0233 seconds to start up
[2017.05.03-22.02.52:520][  0]LogPackageLocalizationCache: Processed 3 localized package path(s) for 2 prioritized culture(s) in 0.109590 seconds
[2017.05.03-22.02.52:539][  0]LogUObjectArray: 32493 objects as part of root set at end of initial load.
[2017.05.03-22.02.52:539][  0]LogUObjectAllocator: 7077032 out of 0 bytes used by permanent object pool.
[2017.05.03-22.02.52:539][  0]LogUObjectArray: CloseDisregardForGC: 0/0 objects in disregard for GC pool
[2017.05.03-22.02.52:849][  0]LogInit: WinSock: version 1.1 (2.2), MaxSocks=32767, MaxUdp=65467
[2017.05.03-22.03.00:294][  0]LogTcpMessaging: Initializing TcpMessaging bridge
[2017.05.03-22.03.00:429][  0]LogUdpMessaging: Initializing bridge on interface 0.0.0.0:0 to multicast group 230.0.0.1:6666.
[2017.05.03-22.03.02:677][  0]LogMaterial: Uniform references updated for custom material expression Custom.
[2017.05.03-22.03.04:352][  0]SourceControl: Info Source control is disabled
[2017.05.03-22.03.04:624][  0]SourceControl: Info Source control is disabled
[2017.05.03-22.03.04:835][  0]SourceControl: Info Source control is disabled
[2017.05.03-22.03.05:047][  0]SourceControl: Info Source control is disabled
[2017.05.03-22.03.10:466][  0]LogEngine: Initializing Engine...
[2017.05.03-22.03.10:467][  0]LogHMD: Failed to initialize OpenVR with code 110
[2017.05.03-22.03.11:473][  0]LogAIModule: Creating AISystem for world Untitled
[2017.05.03-22.03.11:504][  0]LogInit: XAudio2 using 'Speakers (Realtek High Definition Audio)' : 2 channels at 48 kHz using 32 bits per sample (channel mask 0x3)
[2017.05.03-22.03.11:702][  0]LogInit: FAudioDevice initialized.
[2017.05.03-22.03.11:807][  0]LogDerivedDataCache: Saved boot cache 0.11s 61MB C:/Users/Diana/AppData/Local/UnrealEngine/4.15/DerivedDataCache/Boot.ddc.
[2017.05.03-22.03.11:832][  0]LogInit: Texture streaming: Enabled
[2017.05.03-22.03.12:268][  0]LogEngineSessionManager: EngineSessionManager initialized
[2017.05.03-22.03.12:658][  0]LogInit: Transaction tracking system initialized
[2017.05.03-22.03.14:254][  0]BlueprintLog: New page: Editor Load
[2017.05.03-22.03.18:292][  0]LocalizationService: Info Localization service is disabled
[2017.05.03-22.03.21:373][  0]LogConsoleResponse:Display: 
[2017.05.03-22.03.21:969][  0]LogCook:Display: Max memory allowance for cook 16384mb min free memory 0mb
[2017.05.03-22.03.21:969][  0]LogCook:Display: Mobile HDR setting 1
[2017.05.03-22.03.22:981][  0]LogFileCache: Scanning file cache for directory 'C:/Users/Diana/Documents/Unreal Projects/VRProject/Content/' took 0.02s
[2017.05.03-22.03.26:619][  0]SourceControl: Info Source control is disabled
[2017.05.03-22.03.26:619][  0]Cmd: MAP LOAD FILE="../../../../../../Users/Diana/Documents/Unreal Projects/VRProject/Content/VirtualRealityBP/Maps/StartupMap.umap" TEMPLATE=0 SHOWPROGRESS=1 FEATURELEVEL=3
[2017.05.03-22.03.26:621][  0]LightingResults: New page: Lighting Build
[2017.05.03-22.03.26:807][  0]MapCheck: New page: Map Check
[2017.05.03-22.03.26:807][  0]LightingResults: New page: Lighting Build
[2017.05.03-22.03.27:117][  0]LogAIModule: Creating AISystem for world StartupMap
[2017.05.03-22.03.27:290][  0]LogEditorServer: Finished looking for orphan Actors (0.000 secs)
[2017.05.03-22.03.27:292][  0]Cmd: MAP CHECKDEP NOCLEARLOG
[2017.05.03-22.03.27:623][  0]MapCheck: Info Map check complete: 0 Error(s), 0 Warning(s), took 330.453ms to complete.
[2017.05.03-22.03.27:624][  0]LogFileHelpers: Loading map 'StartupMap' took 1.005
[2017.05.03-22.03.28:328][  0]LogCollectionManager: Loaded 0 collections in 0.006063 seconds
[2017.05.03-22.03.28:576][  0]LogFileCache: Scanning file cache for directory 'C:/Users/Diana/Documents/Unreal Projects/VRProject/Saved/Collections/' took 0.01s
[2017.05.03-22.03.28:576][  0]LogFileCache: Scanning file cache for directory 'C:/Users/Diana/Documents/Unreal Projects/VRProject/Content/Developers/Diana/Collections/' took 0.01s
[2017.05.03-22.03.28:576][  0]LogFileCache: Scanning file cache for directory 'C:/Users/Diana/Documents/Unreal Projects/VRProject/Content/Collections/' took 0.01s
[2017.05.03-22.03.28:576][  0]LogCollectionManager: Rebuilt the GUID cache for 0 collections in 0.000005 seconds
[2017.05.03-22.03.28:611][  0]LogContentBrowser: Native class hierarchy populated in 0.0339 seconds. Added 2245 classes and 453 folders.
[2017.05.03-22.03.28:632][  0]LogStats: UGameplayTagsManager::ConstructGameplayTagTree: Construct from data asset -  0.000 s
[2017.05.03-22.03.28:633][  0]LogStats: UGameplayTagsManager::ConstructGameplayTagTree: GameplayTagTreeChangedEvent.Broadcast -  0.000 s
[2017.05.03-22.03.28:921][  0]LogContentBrowser: Native class hierarchy updated for 'WidgetCarousel' in 0.0024 seconds. Added 0 classes and 0 folders.
[2017.05.03-22.03.29:083][  0]LogContentBrowser: Native class hierarchy updated for 'AddContentDialog' in 0.0020 seconds. Added 0 classes and 0 folders.
[2017.05.03-22.03.29:280][  0]LogContentBrowser: Native class hierarchy updated for 'SceneOutliner' in 0.0021 seconds. Added 1 classes and 2 folders.
[2017.05.03-22.03.29:489][  0]LogCrashTracker: Crashtracker disabled due to settings.
[2017.05.03-22.03.29:514][  0]LogUObjectGlobals:Warning: Failed to find object 'Class None.'
[2017.05.03-22.03.29:780][  0]LogContentBrowser: Native class hierarchy updated for 'HierarchicalLODOutliner' in 0.0024 seconds. Added 1 classes and 2 folders.
[2017.05.03-22.03.29:781][  0]LogLoad: (Engine Initialization) Total time: 69.42 seconds
[2017.05.03-22.03.29:781][  0]LogLoad: (Engine Initialization) Total Blueprint compile time: 0.21 seconds
[2017.05.03-22.03.29:781][  0]LogExternalProfiler: Found external profiler: VSPerf
[2017.05.03-22.03.29:781][  0]LogExternalProfiler: Using external profiler: VSPerf
[2017.05.03-22.03.30:123][  0]LogOcInput: OculusInput pre-init called
[2017.05.03-22.03.30:153][  0]LogContentStreaming: Texture pool size now 1000 MB
[2017.05.03-22.03.30:158][  0]LogSlate: Took 0.000727 seconds to synchronously load lazily loaded font '../../../Engine/Content/Slate/Fonts/Roboto-Regular.ttf' (155K)
[2017.05.03-22.03.30:175][  0]LogSlate: Took 0.000922 seconds to synchronously load lazily loaded font '../../../Engine/Content/Slate/Fonts/Roboto-Bold.ttf' (160K)
[2017.05.03-22.03.30:199][  0]LogSlate: Took 0.000761 seconds to synchronously load lazily loaded font '../../../Engine/Content/Editor/Slate/Fonts/FontAwesome.ttf' (139K)
[2017.05.03-22.03.30:823][  1]LogRenderer: Reallocating scene render targets to support 796x344 NumSamples 1 (Frame:2).
[2017.05.03-22.03.30:823][  1]LogSlate: Took 0.000798 seconds to synchronously load lazily loaded font '../../../Engine/Content/Slate/Fonts/Roboto-Light.ttf' (159K)
[2017.05.03-22.03.32:214][  3]LogMaterial: Missing cached shader map for material Material_0, compiling. 
[2017.05.03-22.03.32:217][  3]LogMaterial:Warning: Failed to compile Material /Engine/Transient.Material_0 for platform PCD3D_SM5, Default Material will be used in game.
[2017.05.03-22.03.32:217][  3]LogMaterial:Warning: 	Only transparent or postprocess materials can read from scene depth.
[2017.05.03-22.03.32:957][  6]LogAssetRegistry: Asset discovery search completed in 40.7095 seconds
[2017.05.03-22.03.32:957][  6]LogCollectionManager: Rebuilt the object cache for 0 collections in 0.000017 seconds (found 0 objects)
[2017.05.03-22.03.32:957][  6]LogCollectionManager: Fixed up redirectors for 0 collections in 0.000063 seconds (updated 0 objects)
[2017.05.03-22.04.27:931][667]Cmd: MAP LOAD FILE="../../../../../../Users/Diana/Documents/Unreal Projects/VRProject/Content/VirtualRealityBP/Maps/MotionControllerMap.umap" TEMPLATE=0 SHOWPROGRESS=1 FEATURELEVEL=3
[2017.05.03-22.04.27:945][667]LogSlate: Took 0.000799 seconds to synchronously load lazily loaded font '../../../Engine/Content/Slate/Fonts/Roboto-Light.ttf' (159K)
[2017.05.03-22.04.27:985][667]LightingResults: New page: Lighting Build
[2017.05.03-22.04.27:994][667]LoadErrors: New page: Loading map: MotionControllerMap.umap
[2017.05.03-22.04.27:999][667]MapCheck: New page: Map Check
[2017.05.03-22.04.27:999][667]LightingResults: New page: Lighting Build
[2017.05.03-22.04.29:267][667]LogSlate: Took 0.000527 seconds to synchronously load lazily loaded font '../../../Engine/Content/Slate/Fonts/Roboto-Regular.ttf' (155K)
[2017.05.03-22.04.29:601][667]LogLinker:Warning: Can't find file '/Game/VirtualReality/Materials/M_Button_Joy'
[2017.05.03-22.04.29:601][667]LogLinker:Warning: Can't find file for asset '/Game/VirtualReality/Materials/M_Button_Joy' while loading ../../../../../../Users/Diana/Documents/Unreal Projects/VRProject/Content/VirtualRealityBP/Maps/MotionControllerMap.umap.
[2017.05.03-22.04.29:601][667]LoadErrors:Error: Error /Game/VirtualRealityBP/Maps/MotionControllerMap : Can't find file for asset. /Game/VirtualReality/Materials/M_Button_Joy
[2017.05.03-22.04.29:617][667]LogLinker:Warning: Can't find file '/Game/VirtualReality/Materials/M_Button_Joy'
[2017.05.03-22.04.29:617][667]LogLinker:Warning: Can't find file for asset '/Game/VirtualReality/Materials/M_Button_Joy' while loading ../../../../../../Users/Diana/Documents/Unreal Projects/VRProject/Content/VirtualRealityBP/Maps/MotionControllerMap.umap.
[2017.05.03-22.04.29:623][667]LogLinker:Warning: Can't find file '/Game/VirtualReality/Materials/M_Button_Joy'
[2017.05.03-22.04.29:623][667]LogLinker:Warning: Can't find file for asset '/Game/VirtualReality/Materials/M_Button_Joy' while loading NULL.
[2017.05.03-22.04.29:623][667]LogLinker:Warning: Can't find file '/Game/VirtualReality/Materials/M_Button_Joy'
[2017.05.03-22.04.29:624][667]LogLinker:Warning: Can't find file for asset '/Game/VirtualReality/Materials/M_Button_Joy' while loading NULL.
[2017.05.03-22.04.29:688][667]LogLinker:Warning: Can't find file '/Game/VirtualReality/Materials/M_Button_Joy'
[2017.05.03-22.04.29:688][667]LoadErrors: Info Failed to load /Game/VirtualReality/Materials/M_Button_Joy.M_Button_Joy Referenced by Plane_5
[2017.05.03-22.04.29:689][667]LogLinker:Warning: Can't find file for asset '/Game/VirtualReality/Materials/M_Button_Joy' while loading NULL.
[2017.05.03-22.04.30:614][667]LogAIModule: Creating AISystem for world MotionControllerMap
[2017.05.03-22.04.30:766][667]LogEditorServer: Finished looking for orphan Actors (0.000 secs)
[2017.05.03-22.04.30:907][667]Cmd: MAP CHECKDEP NOCLEARLOG
[2017.05.03-22.04.31:152][667]MapCheck: Info Map check complete: 0 Error(s), 0 Warning(s), took 244.782ms to complete.
[2017.05.03-22.04.31:152][667]LogFileHelpers: Loading map 'MotionControllerMap' took 3.223
[2017.05.03-22.04.48:522][ 94]LogMaterial: Missing cached shader map for material M_TeleportP, compiling. 
[2017.05.03-22.04.48:526][ 94]LogTemp:Display: Added material ShaderMap 0x000001313BF63900 with Material 0x0000013146399780 to ShaderMapsBeingCompiled
[2017.05.03-22.04.48:604][ 94]LogTemp:Display: Kicking off shader compilation for M_TeleportP, GameThreadShaderMap 0x000001313BF63900
[2017.05.03-22.04.52:602][121]LogTemp:Display: Removed shader map 0x000001313BF63900 from material 0x0000013146399780
[2017.05.03-22.04.55:920][249]LogTemp:Display: Finished compile of shader map 0x000001313BF63900
[2017.05.03-22.05.01:550][395]LogMaterial: Missing cached shader map for material M_Button_Surprise2, compiling. 
[2017.05.03-22.05.01:553][395]LogTemp:Display: Added material ShaderMap 0x000001315DD70F00 with Material 0x000001314281C580 to ShaderMapsBeingCompiled
[2017.05.03-22.05.01:732][395]LogTemp:Display: Kicking off shader compilation for M_Button_Surprise2, GameThreadShaderMap 0x000001315DD70F00
[2017.05.03-22.05.13:531][633]LogTemp:Display: Finished compile of shader map 0x000001315DD70F00
[2017.05.03-22.05.13:531][633]LogTemp:Display: Shader map M_Button_Surprise2 complete, GameThreadShaderMap 0x000001315DD70F00, marking material M_Button_Joy as finished
[2017.05.03-22.05.13:531][633]LogTemp:Display: Marking material as finished 0x000001314281C580
[2017.05.03-22.05.13:605][633]LogSavePackage: Save=22.54ms
[2017.05.03-22.05.13:605][633]LogSavePackage: Moving '../../../../../../Users/Diana/Documents/Unreal Projects/VRProject/Saved/M_Button_Joy5FE2E61F42A296E8F988079FEAAC4C5B.tmp' to '../../../../../../Users/Diana/Documents/Unreal Projects/VRProject/Content/VirtualReality/Materials/M_Button_Joy.uasset'
[2017.05.03-22.05.13:610][633]LogSavePackage:Display: Finished SavePackage ../../../../../../Users/Diana/Documents/Unreal Projects/VRProject/Content/VirtualReality/Materials/M_Button_Joy.uasset
[2017.05.03-22.05.20:555][723]LogMaterial: Missing cached shader map for material M_Button_Joy, compiling. 
[2017.05.03-22.05.20:558][723]LogTemp:Display: Added material ShaderMap 0x000001314A35DD00 with Material 0x0000013160913100 to ShaderMapsBeingCompiled
[2017.05.03-22.05.20:613][723]LogTemp:Display: Kicking off shader compilation for M_Button_Joy, GameThreadShaderMap 0x000001314A35DD00
[2017.05.03-22.05.20:947][723]LogMaterial: Missing cached shader map for material M_Button_Joy, compiling. 
[2017.05.03-22.05.20:951][723]LogTemp:Display: Added material ShaderMap 0x0000013161159980 with Material 0x0000013160913100 to ShaderMapsBeingCompiled
[2017.05.03-22.05.21:013][723]LogTemp:Display: Kicking off shader compilation for M_Button_Joy, GameThreadShaderMap 0x0000013161159980
[2017.05.03-22.05.21:013][723]LogMaterial: 0.00 seconds spent updating 1 materials, 1 interfaces, 0 instances, 0 with static permutations.
[2017.05.03-22.05.21:051][723]LogMaterial: Missing cached shader map for material FMatExpressionPreview MaterialExpressionTextureSample_2, compiling. 
[2017.05.03-22.05.21:055][723]LogTemp:Display: Added material ShaderMap 0x0000013161042B00 with Material 0x0000013161227D00 to ShaderMapsBeingCompiled
[2017.05.03-22.05.21:069][723]LogTemp:Display: Kicking off shader compilation for FMatExpressionPreview MaterialExpressionTextureSample_2, GameThreadShaderMap 0x0000013161042B00
[2017.05.03-22.05.21:098][723]LogSlate: Took 0.001084 seconds to synchronously load lazily loaded font '../../../Engine/Content/Editor/Slate/Fonts/Roboto-BoldCondensed.ttf' (158K)
[2017.05.03-22.05.21:953][724]LogSlate: Took 0.001050 seconds to synchronously load lazily loaded font '../../../Engine/Content/Editor/Slate/Fonts/Roboto-Italic.ttf' (157K)
[2017.05.03-22.05.31:074][ 86]LogTemp:Display: Finished compile of shader map 0x0000013161159980
[2017.05.03-22.05.31:075][ 86]LogTemp:Display: Shader map M_Button_Joy complete, GameThreadShaderMap 0x0000013161159980, marking material M_Button_Joy as finished
[2017.05.03-22.05.31:075][ 86]LogTemp:Display: Marking material as finished 0x0000013160913100
[2017.05.03-22.05.31:096][ 87]MaterialEditorStats: Info Base pass shader with static lighting: 126 instructions
[2017.05.03-22.05.31:097][ 87]MaterialEditorStats: Info Base pass shader with only dynamic lighting: 94 instructions
[2017.05.03-22.05.31:097][ 87]MaterialEditorStats: Info Base pass shader for self shadowed translucency: 130 instructions
[2017.05.03-22.05.31:097][ 87]MaterialEditorStats: Info Vertex shader: 141 instructions
[2017.05.03-22.05.31:097][ 87]MaterialEditorStats: Info Texture samplers: 5/16
[2017.05.03-22.05.31:392][ 99]LogTemp:Display: Finished compile of shader map 0x0000013161042B00
[2017.05.03-22.05.31:392][ 99]LogTemp:Display: Shader map FMatExpressionPreview MaterialExpressionTextureSample_2 complete, GameThreadShaderMap 0x0000013161042B00, marking material FMatExpressionPreview MaterialExpressionTextureSample_2 as finished
[2017.05.03-22.05.31:392][ 99]LogTemp:Display: Marking material as finished 0x0000013161227D00
[2017.05.03-22.06.10:162][709]LogMaterial: Missing cached shader map for material M_Button_Joy, compiling. 
[2017.05.03-22.06.10:165][709]LogTemp:Display: Added material ShaderMap 0x000001315C606080 with Material 0x0000013160913100 to ShaderMapsBeingCompiled
[2017.05.03-22.06.10:220][709]LogTemp:Display: Kicking off shader compilation for M_Button_Joy, GameThreadShaderMap 0x000001315C606080
[2017.05.03-22.06.10:220][709]LogMaterial: 0.00 seconds spent updating 1 materials, 1 interfaces, 0 instances, 0 with static permutations.
[2017.05.03-22.06.22:070][161]LogTemp:Display: Finished compile of shader map 0x000001315C606080
[2017.05.03-22.06.22:070][161]LogTemp:Display: Shader map M_Button_Joy complete, GameThreadShaderMap 0x000001315C606080, marking material M_Button_Joy as finished
[2017.05.03-22.06.22:070][161]LogTemp:Display: Marking material as finished 0x0000013160913100
[2017.05.03-22.06.22:093][162]MaterialEditorStats: Info Base pass shader with static lighting: 126 instructions
[2017.05.03-22.06.22:093][162]MaterialEditorStats: Info Base pass shader with only dynamic lighting: 94 instructions
[2017.05.03-22.06.22:093][162]MaterialEditorStats: Info Base pass shader for self shadowed translucency: 130 instructions
[2017.05.03-22.06.22:093][162]MaterialEditorStats: Info Vertex shader: 141 instructions
[2017.05.03-22.06.22:093][162]MaterialEditorStats: Info Texture samplers: 5/16
[2017.05.03-22.06.33:263][629]LogMaterial: Missing cached shader map for material M_Button_Joy, compiling. 
[2017.05.03-22.06.33:267][629]LogTemp:Display: Added material ShaderMap 0x000001316478AE80 with Material 0x0000013160913100 to ShaderMapsBeingCompiled
[2017.05.03-22.06.33:323][629]LogTemp:Display: Kicking off shader compilation for M_Button_Joy, GameThreadShaderMap 0x000001316478AE80
[2017.05.03-22.06.33:324][629]LogMaterial: 0.00 seconds spent updating 1 materials, 1 interfaces, 0 instances, 0 with static permutations.
[2017.05.03-22.06.40:413][766]LogTemp:Display: Finished compile of shader map 0x000001316478AE80
[2017.05.03-22.06.40:413][766]LogTemp:Display: Shader map M_Button_Joy complete, GameThreadShaderMap 0x000001316478AE80, marking material M_Button_Joy as finished
[2017.05.03-22.06.40:413][766]LogTemp:Display: Marking material as finished 0x0000013160913100
[2017.05.03-22.06.40:743][767]MaterialEditorStats: Info Base pass shader with static lighting: 126 instructions
[2017.05.03-22.06.40:743][767]MaterialEditorStats: Info Base pass shader with only dynamic lighting: 94 instructions
[2017.05.03-22.06.40:744][767]MaterialEditorStats: Info Base pass shader for self shadowed translucency: 130 instructions
[2017.05.03-22.06.40:744][767]MaterialEditorStats: Info Vertex shader: 141 instructions
[2017.05.03-22.06.40:744][767]MaterialEditorStats: Info Texture samplers: 5/16
[2017.05.03-22.07.06:788][212]LogSlate: Took 0.000598 seconds to synchronously load lazily loaded font '../../../Engine/Content/Slate/Fonts/Roboto-Light.ttf' (159K)
[2017.05.03-22.07.10:629][336]LogMaterial: Missing cached shader map for material M_Button_Joy, compiling. 
[2017.05.03-22.07.10:634][336]LogTemp:Display: Added material ShaderMap 0x00000131661EE080 with Material 0x0000013160913100 to ShaderMapsBeingCompiled
[2017.05.03-22.07.10:694][336]LogTemp:Display: Kicking off shader compilation for M_Button_Joy, GameThreadShaderMap 0x00000131661EE080
[2017.05.03-22.07.10:695][336]LogMaterial: 0.00 seconds spent updating 1 materials, 1 interfaces, 0 instances, 0 with static permutations.
[2017.05.03-22.07.10:727][336]LogMaterial: Missing cached shader map for material FMatExpressionPreview MaterialExpressionTextureSample_2, compiling. 
[2017.05.03-22.07.10:730][336]LogTemp:Display: Added material ShaderMap 0x000001316604E080 with Material 0x0000013165CA0400 to ShaderMapsBeingCompiled
[2017.05.03-22.07.10:741][336]LogTemp:Display: Kicking off shader compilation for FMatExpressionPreview MaterialExpressionTextureSample_2, GameThreadShaderMap 0x000001316604E080
[2017.05.03-22.07.21:057][711]LogMaterial: Missing cached shader map for material M_Button_Joy, compiling. 
[2017.05.03-22.07.21:060][711]LogTemp:Display: Added material ShaderMap 0x000001315E1CB200 with Material 0x0000013160913100 to ShaderMapsBeingCompiled
[2017.05.03-22.07.21:098][711]LogTemp:Display: Kicking off shader compilation for M_Button_Joy, GameThreadShaderMap 0x000001315E1CB200
[2017.05.03-22.07.21:099][711]LogMaterial: 0.00 seconds spent updating 1 materials, 1 interfaces, 0 instances, 0 with static permutations.
[2017.05.03-22.07.23:573][790]LogTemp:Display: Finished compile of shader map 0x000001316604E080
[2017.05.03-22.07.23:573][790]LogTemp:Display: Shader map FMatExpressionPreview MaterialExpressionTextureSample_2 complete, GameThreadShaderMap 0x000001316604E080, marking material FMatExpressionPreview MaterialExpressionTextureSample_2 as finished
[2017.05.03-22.07.23:573][790]LogTemp:Display: Marking material as finished 0x0000013165CA0400
[2017.05.03-22.07.24:604][828]LogTemp:Display: Finished compile of shader map 0x00000131661EE080
[2017.05.03-22.07.24:604][828]LogTemp:Display: Shader map M_Button_Joy complete, GameThreadShaderMap 0x00000131661EE080, marking material M_Button_Joy as finished
[2017.05.03-22.07.24:604][828]LogTemp:Display: Marking material as finished 0x0000013160913100
[2017.05.03-22.07.24:762][833]LogMaterial: Missing cached shader map for material M_Button_Joy, compiling. 
[2017.05.03-22.07.24:764][833]LogTemp:Display: Added material ShaderMap 0x000001316604D280 with Material 0x0000013160913100 to ShaderMapsBeingCompiled
[2017.05.03-22.07.24:802][833]LogTemp:Display: Kicking off shader compilation for M_Button_Joy, GameThreadShaderMap 0x000001316604D280
[2017.05.03-22.07.24:802][833]LogMaterial: 0.00 seconds spent updating 1 materials, 1 interfaces, 0 instances, 0 with static permutations.
[2017.05.03-22.07.25:001][841]LogMaterial: Missing cached shader map for material M_Button_Joy, compiling. 
[2017.05.03-22.07.25:004][841]LogTemp:Display: Added material ShaderMap 0x00000131647AB200 with Material 0x0000013160913100 to ShaderMapsBeingCompiled
[2017.05.03-22.07.25:040][841]LogTemp:Display: Kicking off shader compilation for M_Button_Joy, GameThreadShaderMap 0x00000131647AB200
[2017.05.03-22.07.25:040][841]LogMaterial: 0.00 seconds spent updating 1 materials, 1 interfaces, 0 instances, 0 with static permutations.
[2017.05.03-22.07.25:680][867]LogTemp:Display: Finished compile of shader map 0x000001316604D280
[2017.05.03-22.07.25:680][867]LogTemp:Display: Shader map M_Button_Joy complete, GameThreadShaderMap 0x000001316604D280, marking material M_Button_Joy as finished
[2017.05.03-22.07.25:680][867]LogTemp:Display: Marking material as finished 0x0000013160913100
[2017.05.03-22.07.26:316][889]LogTemp:Display: Finished compile of shader map 0x000001315E1CB200
[2017.05.03-22.07.26:316][889]LogTemp:Display: Shader map M_Button_Joy complete, GameThreadShaderMap 0x000001315E1CB200, marking material M_Button_Joy as finished
[2017.05.03-22.07.26:316][889]LogTemp:Display: Marking material as finished 0x0000013160913100
[2017.05.03-22.07.39:281][379]LogTemp:Display: Finished compile of shader map 0x00000131647AB200
[2017.05.03-22.07.39:281][379]LogTemp:Display: Shader map M_Button_Joy complete, GameThreadShaderMap 0x00000131647AB200, marking material M_Button_Joy as finished
[2017.05.03-22.07.39:281][379]LogTemp:Display: Marking material as finished 0x0000013160913100
[2017.05.03-22.07.39:301][380]MaterialEditorStats: Info Base pass shader with static lighting: 126 instructions
[2017.05.03-22.07.39:301][380]MaterialEditorStats: Info Base pass shader with only dynamic lighting: 94 instructions
[2017.05.03-22.07.39:301][380]MaterialEditorStats: Info Base pass shader for self shadowed translucency: 130 instructions
[2017.05.03-22.07.39:301][380]MaterialEditorStats: Info Vertex shader: 141 instructions
[2017.05.03-22.07.39:301][380]MaterialEditorStats: Info Texture samplers: 5/16
[2017.05.03-22.07.43:301][523]LogMaterialEditor: Saving and Compiling material M_Button_Joy
[2017.05.03-22.07.46:603][523]LogMaterial: Missing cached shader map for material M_Button_Joy, compiling. 
[2017.05.03-22.07.46:606][523]LogTemp:Display: Added material ShaderMap 0x000001310BF4AB00 with Material 0x0000013160913100 to ShaderMapsBeingCompiled
[2017.05.03-22.07.46:741][523]LogTemp:Display: Kicking off shader compilation for M_Button_Joy, GameThreadShaderMap 0x000001310BF4AB00
[2017.05.03-22.07.46:742][523]LogMaterial: 0.00 seconds spent updating 1 materials, 1 interfaces, 0 instances, 0 with static permutations.
[2017.05.03-22.07.46:836][523]LogMaterial: Missing cached shader map for material M_Button_Joy, compiling. 
[2017.05.03-22.07.46:842][523]LogTemp:Display: Added material ShaderMap 0x0000013161021280 with Material 0x0000013129673700 to ShaderMapsBeingCompiled
[2017.05.03-22.07.47:071][523]LogTemp:Display: Kicking off shader compilation for M_Button_Joy, GameThreadShaderMap 0x0000013161021280
[2017.05.03-22.07.47:085][523]LogMaterial: Missing cached shader map for material M_Button_Joy, compiling. 
[2017.05.03-22.07.47:090][523]LogTemp:Display: Added material ShaderMap 0x00000131689AD280 with Material 0x0000013129673700 to ShaderMapsBeingCompiled
[2017.05.03-22.07.47:242][523]LogTemp:Display: Kicking off shader compilation for M_Button_Joy, GameThreadShaderMap 0x00000131689AD280
[2017.05.03-22.07.47:247][523]LogMaterial: 0.00 seconds spent updating 1 materials, 1 interfaces, 0 instances, 0 with static permutations.
[2017.05.03-22.07.47:415][523]LogMaterial: Missing cached shader map for material FDebugViewModeMaterialProxy M_Button_Joy, compiling. 
[2017.05.03-22.07.47:420][523]LogTemp:Display: Added material ShaderMap 0x000001316952C800 with Material 0x00000131695D7A00 to ShaderMapsBeingCompiled
[2017.05.03-22.07.52:944][523]LogTemp:Display: Finished compile of shader map 0x000001316952C800
[2017.05.03-22.07.52:944][523]LogTemp:Display: Shader map FDebugViewModeMaterialProxy M_Button_Joy complete, GameThreadShaderMap 0x000001316952C800, marking material FDebugViewModeMaterialProxy M_Button_Joy as finished
[2017.05.03-22.07.52:944][523]LogTemp:Display: Marking material as finished 0x00000131695D7A00
[2017.05.03-22.07.52:949][523]TextureStreamingBuild:Display: Compiling optional shaders took 5.568 seconds.
[2017.05.03-22.08.00:492][523]LogTemp:Display: Finished compile of shader map 0x00000131689AD280
[2017.05.03-22.08.00:492][523]LogTemp:Display: Shader map M_Button_Joy complete, GameThreadShaderMap 0x00000131689AD280, marking material M_Button_Joy as finished
[2017.05.03-22.08.00:492][523]LogTemp:Display: Marking material as finished 0x0000013129673700
[2017.05.03-22.08.00:501][523]LogTemp:Display: Finished compile of shader map 0x000001310BF4AB00
[2017.05.03-22.08.00:501][523]LogTemp:Display: Shader map M_Button_Joy complete, GameThreadShaderMap 0x000001310BF4AB00, marking material M_Button_Joy as finished
[2017.05.03-22.08.00:501][523]LogTemp:Display: Marking material as finished 0x0000013160913100
[2017.05.03-22.08.00:570][523]LogSavePackage: Save=17.72ms
[2017.05.03-22.08.00:570][523]LogSavePackage: Moving '../../../../../../Users/Diana/Documents/Unreal Projects/VRProject/Saved/M_Button_JoyFA0EEE074ECC3EF9E393BA9092A30030.tmp' to '../../../../../../Users/Diana/Documents/Unreal Projects/VRProject/Content/VirtualReality/Materials/M_Button_Joy.uasset'
[2017.05.03-22.08.00:575][523]LogSavePackage:Display: Finished SavePackage ../../../../../../Users/Diana/Documents/Unreal Projects/VRProject/Content/VirtualReality/Materials/M_Button_Joy.uasset
[2017.05.03-22.08.22:267][282]LogEditorViewport: Clicking on Actor (LMB): StaticMeshActor (Plane)
[2017.05.03-22.08.23:174][297]LogEditorViewport: Clicking on Actor (LMB): StaticMeshActor (Plane)
[2017.05.03-22.08.32:978][529]LogEditorViewport: Clicking on Actor (LMB): StaticMeshActor (Plane)
[2017.05.03-22.11.17:996][570]LogContentBrowser: Native class hierarchy updated for 'BlueprintGraph' in 0.0040 seconds. Added 112 classes and 0 folders.
[2017.05.03-22.12.09:463][833]LogMetaData: Removing '/Game/VirtualRealityBP/Blueprints/Dial.SKEL_Dial_C' ref from Metadata '/Game/VirtualRealityBP/Blueprints/NewWidgetBlueprint.PackageMetaData'
[2017.05.03-22.12.09:463][833]LogMetaData: Removing '/Game/VirtualRealityBP/Blueprints/Dial.Dial_C' ref from Metadata '/Game/VirtualRealityBP/Blueprints/NewWidgetBlueprint.PackageMetaData'
[2017.05.03-22.12.09:463][833]LogMetaData: Removing '/Game/VirtualRealityBP/Blueprints/Dial.Dial:EventGraph.K2Node_Event_0' ref from Metadata '/Game/VirtualRealityBP/Blueprints/NewWidgetBlueprint.PackageMetaData'
[2017.05.03-22.12.09:463][833]LogMetaData: Removing '/Game/VirtualRealityBP/Blueprints/Dial.Dial:EventGraph.K2Node_Event_1' ref from Metadata '/Game/VirtualRealityBP/Blueprints/NewWidgetBlueprint.PackageMetaData'
[2017.05.03-22.12.09:532][833]Cmd: OBJ SAVEPACKAGE PACKAGE="/Game/VirtualRealityBP/Blueprints/Dial" FILE="../../../../../../Users/Diana/Documents/Unreal Projects/VRProject/Content/VirtualRealityBP/Blueprints/Dial.uasset" SILENT=true
[2017.05.03-22.12.09:569][833]LogSavePackage: Save=29.22ms
[2017.05.03-22.12.09:569][833]LogSavePackage: Moving '../../../../../../Users/Diana/Documents/Unreal Projects/VRProject/Saved/Dial0F21CC4A4150C5D75C1940B96A3731C3.tmp' to '../../../../../../Users/Diana/Documents/Unreal Projects/VRProject/Content/VirtualRealityBP/Blueprints/Dial.uasset'
[2017.05.03-22.12.09:582][833]LogSavePackage:Display: Finished SavePackage ../../../../../../Users/Diana/Documents/Unreal Projects/VRProject/Content/VirtualRealityBP/Blueprints/Dial.uasset
[2017.05.03-22.14.30:622][840]LogSavePackage: Save=1200.51ms
[2017.05.03-22.14.30:622][840]LogSavePackage: Moving '../../../../../../Users/Diana/Documents/Unreal Projects/VRProject/Saved/MotionControllerMap_Auto172BD313A426DD8F5A1EEEFB5E436C130.tmp' to '../../../../../../Users/Diana/Documents/Unreal Projects/VRProject/Saved/Autosaves/Game/VirtualRealityBP/Maps/MotionControllerMap_Auto1.umap'
[2017.05.03-22.14.30:646][840]LogSavePackage:Display: Finished SavePackage ../../../../../../Users/Diana/Documents/Unreal Projects/VRProject/Saved/Autosaves/Game/VirtualRealityBP/Maps/MotionControllerMap_Auto1.umap
[2017.05.03-22.14.30:658][840]LogFileHelpers: Editor autosave (incl. sublevels) for '/Game/VirtualRealityBP/Maps/MotionControllerMap' took 1.626
[2017.05.03-22.14.30:658][840]LogFileHelpers: Editor autosave (incl. sublevels) for all levels took 1.626
[2017.05.03-22.14.30:682][840]LogSavePackage: Save=12.90ms
[2017.05.03-22.14.30:682][840]LogSavePackage: Moving '../../../../../../Users/Diana/Documents/Unreal Projects/VRProject/Saved/M_Button_Surprise2_Auto14CBEEF53476C4A6CC524C4A6D66021AE.tmp' to '../../../../../../Users/Diana/Documents/Unreal Projects/VRProject/Saved/Autosaves/Game/VirtualReality/Materials/M_Button_Surprise2_Auto1.uasset'
[2017.05.03-22.14.30:695][840]LogSavePackage:Display: Finished SavePackage ../../../../../../Users/Diana/Documents/Unreal Projects/VRProject/Saved/Autosaves/Game/VirtualReality/Materials/M_Button_Surprise2_Auto1.uasset
[2017.05.03-22.14.30:713][840]LogSavePackage: Save=8.95ms
[2017.05.03-22.14.30:713][840]LogSavePackage: Moving '../../../../../../Users/Diana/Documents/Unreal Projects/VRProject/Saved/NewWidgetBlueprint_Auto198F717784A850E6C8BEFBDB9F16B97C4.tmp' to '../../../../../../Users/Diana/Documents/Unreal Projects/VRProject/Saved/Autosaves/Game/VirtualRealityBP/Blueprints/NewWidgetBlueprint_Auto1.uasset'
[2017.05.03-22.14.30:719][840]LogSavePackage:Display: Finished SavePackage ../../../../../../Users/Diana/Documents/Unreal Projects/VRProject/Saved/Autosaves/Game/VirtualRealityBP/Blueprints/NewWidgetBlueprint_Auto1.uasset
[2017.05.03-22.14.30:722][840]OBJ SavePackage: Generating thumbnails for [0] asset(s) in package [/Game/VirtualRealityBP/Blueprints/Dial] ([1] browsable assets)...
[2017.05.03-22.14.30:722][840]OBJ SavePackage: Finished generating thumbnails for package [/Game/VirtualRealityBP/Blueprints/Dial]
[2017.05.03-22.14.30:819][840]LogSavePackage: Save=63.77ms
[2017.05.03-22.14.30:819][840]LogSavePackage: Moving '../../../../../../Users/Diana/Documents/Unreal Projects/VRProject/Saved/Dial_Auto1099D70E740360E4D8A447294A811A5CD.tmp' to '../../../../../../Users/Diana/Documents/Unreal Projects/VRProject/Saved/Autosaves/Game/VirtualRealityBP/Blueprints/Dial_Auto1.uasset'
[2017.05.03-22.14.30:826][840]LogSavePackage:Display: Finished SavePackage ../../../../../../Users/Diana/Documents/Unreal Projects/VRProject/Saved/Autosaves/Game/VirtualRealityBP/Blueprints/Dial_Auto1.uasset
[2017.05.03-22.14.30:826][840]LogFileHelpers: Auto-saving content packages took 0.165
[2017.05.03-22.19.24:834][843]LogEditorViewport: Clicking on Actor (LMB): StaticMeshActor (Plane)
[2017.05.03-22.19.25:037][847]LogEditorViewport: Clicking on Component (LMB): StaticMeshComponent (StaticMeshComponent0)
[2017.05.03-22.22.13:781][224]LogMetaData: Removing '/Game/VirtualRealityBP/Blueprints/Emotion_Button_Controller.Emotion_Button_Controller:UserConstructionScript.K2Node_FunctionEntry_0' ref from Metadata '/Game/VirtualRealityBP/Blueprints/Emotion_Button.PackageMetaData'
[2017.05.03-22.22.13:782][224]LogMetaData: Removing '/Game/VirtualRealityBP/Blueprints/Emotion_Button_Controller.SKEL_Emotion_Button_Controller_C' ref from Metadata '/Game/VirtualRealityBP/Blueprints/Emotion_Button.PackageMetaData'
[2017.05.03-22.22.13:782][224]LogMetaData: Removing '/Game/VirtualRealityBP/Blueprints/Emotion_Button_Controller.Emotion_Button_Controller_C' ref from Metadata '/Game/VirtualRealityBP/Blueprints/Emotion_Button.PackageMetaData'
[2017.05.03-22.22.13:782][224]LogMetaData: Removing '/Game/VirtualRealityBP/Blueprints/Emotion_Button_Controller.Emotion_Button_Controller:EventGraph.K2Node_Event_0' ref from Metadata '/Game/VirtualRealityBP/Blueprints/Emotion_Button.PackageMetaData'
[2017.05.03-22.22.13:782][224]LogMetaData: Removing '/Game/VirtualRealityBP/Blueprints/Emotion_Button_Controller.Emotion_Button_Controller:EventGraph.K2Node_Event_1' ref from Metadata '/Game/VirtualRealityBP/Blueprints/Emotion_Button.PackageMetaData'
[2017.05.03-22.22.13:782][224]LogMetaData: Removing '/Game/VirtualRealityBP/Blueprints/Emotion_Button_Controller.Emotion_Button_Controller:EventGraph.K2Node_Event_2' ref from Metadata '/Game/VirtualRealityBP/Blueprints/Emotion_Button.PackageMetaData'
[2017.05.03-22.22.13:891][224]LogSavePackage: Save=31.85ms
[2017.05.03-22.22.13:891][224]LogSavePackage: Moving '../../../../../../Users/Diana/Documents/Unreal Projects/VRProject/Saved/Emotion_Button_Controller5F33C3B943AB45756C6FC7A2543A7195.tmp' to '../../../../../../Users/Diana/Documents/Unreal Projects/VRProject/Content/VirtualRealityBP/Blueprints/Emotion_Button_Controller.uasset'
[2017.05.03-22.22.13:900][224]LogSavePackage:Display: Finished SavePackage ../../../../../../Users/Diana/Documents/Unreal Projects/VRProject/Content/VirtualRealityBP/Blueprints/Emotion_Button_Controller.uasset
[2017.05.03-22.22.43:701][716]BlueprintLog: New page: Compile Emotion_Button_Controller
[2017.05.03-22.23.19:880][425]LogEditorViewport: Clicking on Component (LMB): StaticMeshComponent (StaticMeshComponent0)
[2017.05.03-22.23.20:509][442]LogEditorViewport: Clicking on Component (LMB): StaticMeshComponent (StaticMeshComponent0)
[2017.05.03-22.23.20:567][442]LogEditorViewport: Clicking on Actor (double click): StaticMeshActor (Plane)
[2017.05.03-22.24.31:388][572]LogFileHelpers: Editor autosave (incl. sublevels) for '/Game/VirtualRealityBP/Maps/MotionControllerMap' took 0.153
[2017.05.03-22.24.31:393][572]OBJ SavePackage: Generating thumbnails for [0] asset(s) in package [/Game/VirtualRealityBP/Blueprints/Dial] ([1] browsable assets)...
[2017.05.03-22.24.31:393][572]OBJ SavePackage: Finished generating thumbnails for package [/Game/VirtualRealityBP/Blueprints/Dial]
[2017.05.03-22.24.31:460][572]LogSavePackage: Save=31.70ms
[2017.05.03-22.24.31:460][572]LogSavePackage: Moving '../../../../../../Users/Diana/Documents/Unreal Projects/VRProject/Saved/Dial_Auto2438562E84F3A0FA69D285DBC7F96E666.tmp' to '../../../../../../Users/Diana/Documents/Unreal Projects/VRProject/Saved/Autosaves/Game/VirtualRealityBP/Blueprints/Dial_Auto2.uasset'
[2017.05.03-22.24.31:467][572]LogSavePackage:Display: Finished SavePackage ../../../../../../Users/Diana/Documents/Unreal Projects/VRProject/Saved/Autosaves/Game/VirtualRealityBP/Blueprints/Dial_Auto2.uasset
[2017.05.03-22.24.31:480][572]LogSavePackage: Save=5.04ms
[2017.05.03-22.24.31:481][572]LogSavePackage: Moving '../../../../../../Users/Diana/Documents/Unreal Projects/VRProject/Saved/Emotion_Button_Auto21B8928A448608434233D49A4D7591E4C.tmp' to '../../../../../../Users/Diana/Documents/Unreal Projects/VRProject/Saved/Autosaves/Game/VirtualRealityBP/Blueprints/Emotion_Button_Auto2.uasset'
[2017.05.03-22.24.31:487][572]LogSavePackage:Display: Finished SavePackage ../../../../../../Users/Diana/Documents/Unreal Projects/VRProject/Saved/Autosaves/Game/VirtualRealityBP/Blueprints/Emotion_Button_Auto2.uasset
[2017.05.03-22.24.31:487][572]LogFileHelpers: Auto-saving content packages took 0.097
[2017.05.03-22.26.46:285][867]LogEditorViewport: Clicking on Actor (LMB): StaticMeshActor (Plane)
[2017.05.03-22.26.46:432][869]LogEditorViewport: Clicking on Component (LMB): StaticMeshComponent (StaticMeshComponent0)
[2017.05.03-22.26.47:044][882]LogEditorViewport: Clicking on Component (LMB): StaticMeshComponent (StaticMeshComponent0)
[2017.05.03-22.26.47:292][888]LogEditorViewport: Clicking on Actor (double click): StaticMeshActor (Plane)
[2017.05.03-22.27.00:105][549]LogMaterial: Missing cached shader map for material Material_1, compiling. 
[2017.05.03-22.27.00:109][549]LogTemp:Display: Added material ShaderMap 0x0000013183642E80 with Material 0x000001317844BD00 to ShaderMapsBeingCompiled
[2017.05.03-22.27.00:124][549]LogTemp:Display: Kicking off shader compilation for Material_1, GameThreadShaderMap 0x0000013183642E80
[2017.05.03-22.27.04:293][744]LogTemp:Display: Finished compile of shader map 0x0000013183642E80
[2017.05.03-22.27.04:301][744]LogTemp:Display: Shader map Material_1 complete, GameThreadShaderMap 0x0000013183642E80, marking material Material_1 as finished
[2017.05.03-22.27.04:301][744]LogTemp:Display: Marking material as finished 0x000001317844BD00
[2017.05.03-22.30.20:057][600]LogRenderer: Reallocating scene render targets to support 1036x520 NumSamples 1 (Frame:21020).
[2017.05.03-22.33.05:334][ 97]LogEditorTransaction: Undo Modify Component(s)
[2017.05.03-22.33.05:450][ 97]LogMaterial: Missing cached shader map for material M_Button_Joy, compiling. 
[2017.05.03-22.33.05:455][ 97]LogTemp:Display: Added material ShaderMap 0x000001317C2C4F00 with Material 0x0000013160913100 to ShaderMapsBeingCompiled
[2017.05.03-22.33.05:526][ 97]LogTemp:Display: Kicking off shader compilation for M_Button_Joy, GameThreadShaderMap 0x000001317C2C4F00
[2017.05.03-22.33.05:527][ 97]LogMaterial: 0.00 seconds spent updating 1 materials, 1 interfaces, 0 instances, 0 with static permutations.
[2017.05.03-22.33.14:508][285]LogTemp:Display: Finished compile of shader map 0x000001317C2C4F00
[2017.05.03-22.33.14:508][285]LogTemp:Display: Shader map M_Button_Joy complete, GameThreadShaderMap 0x000001317C2C4F00, marking material M_Button_Joy as finished
[2017.05.03-22.33.14:508][285]LogTemp:Display: Marking material as finished 0x0000013160913100
[2017.05.03-22.33.14:562][286]MaterialEditorStats: Info Base pass shader with static lighting: 126 instructions
[2017.05.03-22.33.14:562][286]MaterialEditorStats: Info Base pass shader with only dynamic lighting: 94 instructions
[2017.05.03-22.33.14:562][286]MaterialEditorStats: Info Base pass shader for self shadowed translucency: 130 instructions
[2017.05.03-22.33.14:562][286]MaterialEditorStats: Info Vertex shader: 141 instructions
[2017.05.03-22.33.14:562][286]MaterialEditorStats: Info Texture samplers: 5/16
[2017.05.03-22.33.45:202][523]LogEditorViewport: Clicking on Actor (LMB): StaticMeshActor (Plane)
[2017.05.03-22.35.00:692][899]LogEditorViewport: Clicking on Actor (LMB): StaticMeshActor (Plane)
[2017.05.03-22.35.00:885][902]LogEditorViewport: Clicking on Component (LMB): StaticMeshComponent (StaticMeshComponent0)
[2017.05.03-22.35.01:099][903]LogEditorViewport: Clicking on Component (LMB): StaticMeshComponent (StaticMeshComponent0)
[2017.05.03-22.35.01:318][906]LogEditorViewport: Clicking on Actor (double click): StaticMeshActor (Plane)
[2017.05.03-22.35.01:472][906]LogEditorViewport: Clicking on Actor (LMB): StaticMeshActor (Plane)
[2017.05.03-22.35.01:564][907]LogEditorViewport: Clicking on Component (LMB): StaticMeshComponent (StaticMeshComponent0)
[2017.05.03-22.35.01:787][908]LogEditorViewport: Clicking on Component (LMB): StaticMeshComponent (StaticMeshComponent0)
[2017.05.03-22.35.01:959][911]LogEditorViewport: Clicking on Actor (double click): StaticMeshActor (Plane)
[2017.05.03-22.35.04:023][955]LogEditorViewport: Clicking on Actor (LMB): StaticMeshActor (Plane5)
[2017.05.03-22.35.04:920][973]LogEditorViewport: Clicking on Actor (LMB): StaticMeshActor (Plane)
[2017.05.03-22.35.05:429][982]LogEditorViewport: Clicking on Actor (LMB): StaticMeshActor (Plane)
[2017.05.03-22.35.17:706][343]Cmd: DELETE
[2017.05.03-22.35.17:706][343]Cmd: ACTOR DELETE
[2017.05.03-22.35.17:710][343]LogEditorActor: Deleted Actor: StaticMeshActor
[2017.05.03-22.35.17:835][343]LogEditorActor: Deleted 1 Actors (0.128 secs)
[2017.05.03-22.35.23:875][517]Cmd: TRANSACTION UNDO
[2017.05.03-22.35.23:875][517]LogEditorTransaction: Undo Delete Actors
[2017.05.03-22.35.24:060][517]LogMaterial: Missing cached shader map for material M_Button_Joy, compiling. 
[2017.05.03-22.35.24:063][517]LogTemp:Display: Added material ShaderMap 0x00000131821B0480 with Material 0x0000013160913100 to ShaderMapsBeingCompiled
[2017.05.03-22.35.24:116][517]LogTemp:Display: Kicking off shader compilation for M_Button_Joy, GameThreadShaderMap 0x00000131821B0480
[2017.05.03-22.35.24:116][517]LogMaterial: 0.00 seconds spent updating 1 materials, 1 interfaces, 0 instances, 0 with static permutations.
[2017.05.03-22.35.35:170][821]LogTemp:Display: Finished compile of shader map 0x00000131821B0480
[2017.05.03-22.35.35:170][821]LogTemp:Display: Shader map M_Button_Joy complete, GameThreadShaderMap 0x00000131821B0480, marking material M_Button_Joy as finished
[2017.05.03-22.35.35:170][821]LogTemp:Display: Marking material as finished 0x0000013160913100
[2017.05.03-22.35.35:203][822]MaterialEditorStats: Info Base pass shader with static lighting: 126 instructions
[2017.05.03-22.35.35:203][822]MaterialEditorStats: Info Base pass shader with only dynamic lighting: 94 instructions
[2017.05.03-22.35.35:203][822]MaterialEditorStats: Info Base pass shader for self shadowed translucency: 130 instructions
[2017.05.03-22.35.35:203][822]MaterialEditorStats: Info Vertex shader: 141 instructions
[2017.05.03-22.35.35:203][822]MaterialEditorStats: Info Texture samplers: 5/16
[2017.05.03-22.36.31:916][941]LogRenderer: Reallocating scene render targets to support 1036x544 NumSamples 1 (Frame:26658).
[2017.05.03-22.36.35:963][ 75]LogSavePackage: Save=777.31ms
[2017.05.03-22.36.35:963][ 75]LogSavePackage: Moving '../../../../../../Users/Diana/Documents/Unreal Projects/VRProject/Saved/MotionControllerMap_Auto38C5E9545492C6AA8C418198B05FF1EC0.tmp' to '../../../../../../Users/Diana/Documents/Unreal Projects/VRProject/Saved/Autosaves/Game/VirtualRealityBP/Maps/MotionControllerMap_Auto3.umap'
[2017.05.03-22.36.35:971][ 75]LogSavePackage:Display: Finished SavePackage ../../../../../../Users/Diana/Documents/Unreal Projects/VRProject/Saved/Autosaves/Game/VirtualRealityBP/Maps/MotionControllerMap_Auto3.umap
[2017.05.03-22.36.35:977][ 75]LogFileHelpers: Editor autosave (incl. sublevels) for '/Game/VirtualRealityBP/Maps/MotionControllerMap' took 0.993
[2017.05.03-22.36.35:977][ 75]LogFileHelpers: Editor autosave (incl. sublevels) for all levels took 0.993
[2017.05.03-22.36.35:985][ 75]OBJ SavePackage: Generating thumbnails for [0] asset(s) in package [/Game/VirtualRealityBP/Blueprints/BP_Joy_Button] ([1] browsable assets)...
[2017.05.03-22.36.35:985][ 75]OBJ SavePackage: Finished generating thumbnails for package [/Game/VirtualRealityBP/Blueprints/BP_Joy_Button]
[2017.05.03-22.36.36:039][ 75]LogSavePackage: Save=47.87ms
[2017.05.03-22.36.36:039][ 75]LogSavePackage: Moving '../../../../../../Users/Diana/Documents/Unreal Projects/VRProject/Saved/BP_Joy_Button_Auto30DC50CD34D1238A0A35C8A803FB54E56.tmp' to '../../../../../../Users/Diana/Documents/Unreal Projects/VRProject/Saved/Autosaves/Game/VirtualRealityBP/Blueprints/BP_Joy_Button_Auto3.uasset'
[2017.05.03-22.36.36:046][ 75]LogSavePackage:Display: Finished SavePackage ../../../../../../Users/Diana/Documents/Unreal Projects/VRProject/Saved/Autosaves/Game/VirtualRealityBP/Blueprints/BP_Joy_Button_Auto3.uasset
[2017.05.03-22.36.36:046][ 75]LogFileHelpers: Auto-saving content packages took 0.065
[2017.05.03-22.39.56:779][267]LogEditorViewport: Clicking on Actor (LMB): StaticMeshActor (Plane)
[2017.05.03-22.40.02:420][476]LogEditorViewport: Clicking on Actor (LMB): StaticMeshActor (Plane)
[2017.05.03-22.40.02:626][478]LogEditorViewport: Clicking on Component (LMB): StaticMeshComponent (StaticMeshComponent0)
[2017.05.03-22.41.33:661][109]LogStaticMesh: Building static mesh SM_Button_Joy...
[2017.05.03-22.41.33:669][109]LogStaticMesh: Built static mesh [0.01s] /Game/Meshes/SM_Button_Joy.SM_Button_Joy
[2017.05.03-22.41.34:846][134]LogEditorViewport: Clicking on Actor (LMB): StaticMeshActor (Plane7)
[2017.05.03-22.41.56:260][357]LogStaticMesh: Building static mesh SM_Button_Sadness...
[2017.05.03-22.41.56:264][357]LogStaticMesh: Built static mesh [0.01s] /Game/Meshes/SM_Button_Sadness.SM_Button_Sadness
[2017.05.03-22.41.57:584][383]LogEditorViewport: Clicking on Actor (LMB): StaticMeshActor (Plane3)
[2017.05.03-22.42.39:045][480]LogStaticMesh: Building static mesh SM_Button_Fear...
[2017.05.03-22.42.39:052][480]LogStaticMesh: Built static mesh [0.01s] /Game/Meshes/SM_Button_Fear.SM_Button_Fear
[2017.05.03-22.42.40:440][512]LogEditorViewport: Clicking on Actor (LMB): StaticMeshActor (Plane4)
[2017.05.03-22.42.51:610][640]LogStaticMesh: Building static mesh SM_Button_Disgust...
[2017.05.03-22.42.51:615][640]LogStaticMesh: Built static mesh [0.01s] /Game/Meshes/SM_Button_Disgust.SM_Button_Disgust
[2017.05.03-22.42.52:715][664]LogEditorViewport: Clicking on Actor (LMB): StaticMeshActor (Plane5)
[2017.05.03-22.43.04:350][807]LogStaticMesh: Building static mesh SM+Button_Anger...
[2017.05.03-22.43.04:357][807]LogStaticMesh: Built static mesh [0.01s] /Game/Meshes/SM+Button_Anger.SM+Button_Anger
[2017.05.03-22.43.05:503][833]LogEditorViewport: Clicking on Actor (LMB): StaticMeshActor (Plane6)
[2017.05.03-22.43.06:550][853]LogEditorViewport: Clicking on Actor (context menu): StaticMeshActor (Plane6)
[2017.05.03-22.43.21:446][928]LogStaticMesh: Building static mesh SM_Button_Surprise...
[2017.05.03-22.43.21:451][928]LogStaticMesh: Built static mesh [0.01s] /Game/Meshes/SM_Button_Surprise.SM_Button_Surprise
[2017.05.03-22.45.08:686][712]LogMaterial: Missing cached shader map for material M_SkyBox, compiling. 
[2017.05.03-22.45.08:691][712]LogTemp:Display: Added material ShaderMap 0x0000013152007C80 with Material 0x000001317990C700 to ShaderMapsBeingCompiled
[2017.05.03-22.45.08:708][712]LogTemp:Display: Kicking off shader compilation for M_SkyBox, GameThreadShaderMap 0x0000013152007C80
[2017.05.03-22.45.13:164][748]LogTemp:Display: Finished compile of shader map 0x0000013152007C80
[2017.05.03-22.45.13:164][748]LogTemp:Display: Shader map M_SkyBox complete, GameThreadShaderMap 0x0000013152007C80, marking material M_SkyBox as finished
[2017.05.03-22.45.13:164][748]LogTemp:Display: Marking material as finished 0x000001317990C700
[2017.05.03-22.46.39:688][  0]LogFileHelpers: Editor autosave (incl. sublevels) for '/Game/VirtualRealityBP/Maps/MotionControllerMap' took 0.147
[2017.05.03-22.46.39:693][  0]OBJ SavePackage: Generating thumbnails for [1] asset(s) in package [/Game/VirtualRealityBP/Blueprints/BP_Joy_Button] ([1] browsable assets)...
[2017.05.03-22.46.39:823][  0]OBJ SavePackage:     Rendered thumbnail for [Blueprint /Game/VirtualRealityBP/Blueprints/BP_Joy_Button.BP_Joy_Button]
[2017.05.03-22.46.39:823][  0]OBJ SavePackage: Finished generating thumbnails for package [/Game/VirtualRealityBP/Blueprints/BP_Joy_Button]
[2017.05.03-22.46.39:915][  0]LogSavePackage: Save=86.68ms
[2017.05.03-22.46.39:915][  0]LogSavePackage: Moving '../../../../../../Users/Diana/Documents/Unreal Projects/VRProject/Saved/BP_Joy_Button_Auto4985ACB5F4E15A0E4F62DD58C097D39AB.tmp' to '../../../../../../Users/Diana/Documents/Unreal Projects/VRProject/Saved/Autosaves/Game/VirtualRealityBP/Blueprints/BP_Joy_Button_Auto4.uasset'
[2017.05.03-22.46.39:923][  0]LogSavePackage:Display: Finished SavePackage ../../../../../../Users/Diana/Documents/Unreal Projects/VRProject/Saved/Autosaves/Game/VirtualRealityBP/Blueprints/BP_Joy_Button_Auto4.uasset
[2017.05.03-22.46.39:926][  0]OBJ SavePackage: Generating thumbnails for [1] asset(s) in package [/Game/Meshes/SM_Button_Joy] ([1] browsable assets)...
[2017.05.03-22.46.40:005][  0]OBJ SavePackage:     Rendered thumbnail for [StaticMesh /Game/Meshes/SM_Button_Joy.SM_Button_Joy]
[2017.05.03-22.46.40:005][  0]OBJ SavePackage: Finished generating thumbnails for package [/Game/Meshes/SM_Button_Joy]
[2017.05.03-22.46.40:057][  0]LogSavePackage: Save=46.29ms
[2017.05.03-22.46.40:057][  0]LogSavePackage: Moving '../../../../../../Users/Diana/Documents/Unreal Projects/VRProject/Saved/SM_Button_Joy_Auto42091A85E414F8133F535BA9484133B02.tmp' to '../../../../../../Users/Diana/Documents/Unreal Projects/VRProject/Saved/Autosaves/Game/Meshes/SM_Button_Joy_Auto4.uasset'
[2017.05.03-22.46.40:062][  0]LogSavePackage:Display: Finished SavePackage ../../../../../../Users/Diana/Documents/Unreal Projects/VRProject/Saved/Autosaves/Game/Meshes/SM_Button_Joy_Auto4.uasset
[2017.05.03-22.46.40:064][  0]OBJ SavePackage: Generating thumbnails for [1] asset(s) in package [/Game/Meshes/SM_Button_Sadness] ([1] browsable assets)...
[2017.05.03-22.46.40:139][  0]OBJ SavePackage:     Rendered thumbnail for [StaticMesh /Game/Meshes/SM_Button_Sadness.SM_Button_Sadness]
[2017.05.03-22.46.40:139][  0]OBJ SavePackage: Finished generating thumbnails for package [/Game/Meshes/SM_Button_Sadness]
[2017.05.03-22.46.40:194][  0]LogSavePackage: Save=46.89ms
[2017.05.03-22.46.40:194][  0]LogSavePackage: Moving '../../../../../../Users/Diana/Documents/Unreal Projects/VRProject/Saved/SM_Button_Sadness_Auto476BA2F934838201ACA7C77A1921DCC5A.tmp' to '../../../../../../Users/Diana/Documents/Unreal Projects/VRProject/Saved/Autosaves/Game/Meshes/SM_Button_Sadness_Auto4.uasset'
[2017.05.03-22.46.40:200][  0]LogSavePackage:Display: Finished SavePackage ../../../../../../Users/Diana/Documents/Unreal Projects/VRProject/Saved/Autosaves/Game/Meshes/SM_Button_Sadness_Auto4.uasset
[2017.05.03-22.46.40:202][  0]OBJ SavePackage: Generating thumbnails for [1] asset(s) in package [/Game/Meshes/SM_Button_Fear] ([1] browsable assets)...
[2017.05.03-22.46.40:278][  0]OBJ SavePackage:     Rendered thumbnail for [StaticMesh /Game/Meshes/SM_Button_Fear.SM_Button_Fear]
[2017.05.03-22.46.40:278][  0]OBJ SavePackage: Finished generating thumbnails for package [/Game/Meshes/SM_Button_Fear]
[2017.05.03-22.46.40:329][  0]LogSavePackage: Save=46.36ms
[2017.05.03-22.46.40:329][  0]LogSavePackage: Moving '../../../../../../Users/Diana/Documents/Unreal Projects/VRProject/Saved/SM_Button_Fear_Auto40652DFDF4D2D56799B0C08A24C21A02A.tmp' to '../../../../../../Users/Diana/Documents/Unreal Projects/VRProject/Saved/Autosaves/Game/Meshes/SM_Button_Fear_Auto4.uasset'
[2017.05.03-22.46.40:337][  0]LogSavePackage:Display: Finished SavePackage ../../../../../../Users/Diana/Documents/Unreal Projects/VRProject/Saved/Autosaves/Game/Meshes/SM_Button_Fear_Auto4.uasset
[2017.05.03-22.46.40:339][  0]OBJ SavePackage: Generating thumbnails for [1] asset(s) in package [/Game/Meshes/SM_Button_Disgust] ([1] browsable assets)...
[2017.05.03-22.46.40:419][  0]OBJ SavePackage:     Rendered thumbnail for [StaticMesh /Game/Meshes/SM_Button_Disgust.SM_Button_Disgust]
[2017.05.03-22.46.40:419][  0]OBJ SavePackage: Finished generating thumbnails for package [/Game/Meshes/SM_Button_Disgust]
[2017.05.03-22.46.40:482][  0]LogSavePackage: Save=56.58ms
[2017.05.03-22.46.40:482][  0]LogSavePackage: Moving '../../../../../../Users/Diana/Documents/Unreal Projects/VRProject/Saved/SM_Button_Disgust_Auto4ECB8383A49CA8B54E5DC62AE47DC1809.tmp' to '../../../../../../Users/Diana/Documents/Unreal Projects/VRProject/Saved/Autosaves/Game/Meshes/SM_Button_Disgust_Auto4.uasset'
[2017.05.03-22.46.40:490][  0]LogSavePackage:Display: Finished SavePackage ../../../../../../Users/Diana/Documents/Unreal Projects/VRProject/Saved/Autosaves/Game/Meshes/SM_Button_Disgust_Auto4.uasset
[2017.05.03-22.46.40:493][  0]OBJ SavePackage: Generating thumbnails for [1] asset(s) in package [/Game/Meshes/SM+Button_Anger] ([1] browsable assets)...
[2017.05.03-22.46.40:573][  0]OBJ SavePackage:     Rendered thumbnail for [StaticMesh /Game/Meshes/SM+Button_Anger.SM+Button_Anger]
[2017.05.03-22.46.40:573][  0]OBJ SavePackage: Finished generating thumbnails for package [/Game/Meshes/SM+Button_Anger]
[2017.05.03-22.46.40:629][  0]LogSavePackage: Save=46.72ms
[2017.05.03-22.46.40:629][  0]LogSavePackage: Moving '../../../../../../Users/Diana/Documents/Unreal Projects/VRProject/Saved/SM+Button_Anger_Auto4AB1F449C4718ECE39ACFF9A56428A47F.tmp' to '../../../../../../Users/Diana/Documents/Unreal Projects/VRProject/Saved/Autosaves/Game/Meshes/SM+Button_Anger_Auto4.uasset'
[2017.05.03-22.46.40:635][  0]LogSavePackage:Display: Finished SavePackage ../../../../../../Users/Diana/Documents/Unreal Projects/VRProject/Saved/Autosaves/Game/Meshes/SM+Button_Anger_Auto4.uasset
[2017.05.03-22.46.40:637][  0]OBJ SavePackage: Generating thumbnails for [1] asset(s) in package [/Game/Meshes/SM_Button_Surprise] ([1] browsable assets)...
[2017.05.03-22.46.40:711][  0]OBJ SavePackage:     Rendered thumbnail for [StaticMesh /Game/Meshes/SM_Button_Surprise.SM_Button_Surprise]
[2017.05.03-22.46.40:712][  0]OBJ SavePackage: Finished generating thumbnails for package [/Game/Meshes/SM_Button_Surprise]
[2017.05.03-22.46.40:761][  0]LogSavePackage: Save=43.96ms
[2017.05.03-22.46.40:761][  0]LogSavePackage: Moving '../../../../../../Users/Diana/Documents/Unreal Projects/VRProject/Saved/SM_Button_Surprise_Auto4967E6CDF4FE783DAF660D4A65006B2D5.tmp' to '../../../../../../Users/Diana/Documents/Unreal Projects/VRProject/Saved/Autosaves/Game/Meshes/SM_Button_Surprise_Auto4.uasset'
[2017.05.03-22.46.40:766][  0]LogSavePackage:Display: Finished SavePackage ../../../../../../Users/Diana/Documents/Unreal Projects/VRProject/Saved/Autosaves/Game/Meshes/SM_Button_Surprise_Auto4.uasset
[2017.05.03-22.46.40:766][  0]LogFileHelpers: Auto-saving content packages took 1.077
[2017.05.03-22.50.27:030][973]LogEditorTransaction: Undo Delete current selection
[2017.05.03-22.50.27:068][973]LogMaterial: Missing cached shader map for material M_Button_Joy, compiling. 
[2017.05.03-22.50.27:071][973]LogTemp:Display: Added material ShaderMap 0x0000013152B5CF00 with Material 0x0000013160913100 to ShaderMapsBeingCompiled
[2017.05.03-22.50.27:123][973]LogTemp:Display: Kicking off shader compilation for M_Button_Joy, GameThreadShaderMap 0x0000013152B5CF00
[2017.05.03-22.50.27:123][973]LogMaterial: 0.00 seconds spent updating 1 materials, 1 interfaces, 0 instances, 0 with static permutations.
[2017.05.03-22.50.36:376][651]LogTemp:Display: Finished compile of shader map 0x0000013152B5CF00
[2017.05.03-22.50.36:376][651]LogTemp:Display: Shader map M_Button_Joy complete, GameThreadShaderMap 0x0000013152B5CF00, marking material M_Button_Joy as finished
[2017.05.03-22.50.36:376][651]LogTemp:Display: Marking material as finished 0x0000013160913100
[2017.05.03-22.50.36:383][652]MaterialEditorStats: Info Base pass shader with static lighting: 126 instructions
[2017.05.03-22.50.36:383][652]MaterialEditorStats: Info Base pass shader with only dynamic lighting: 94 instructions
[2017.05.03-22.50.36:383][652]MaterialEditorStats: Info Base pass shader for self shadowed translucency: 130 instructions
[2017.05.03-22.50.36:383][652]MaterialEditorStats: Info Vertex shader: 141 instructions
[2017.05.03-22.50.36:383][652]MaterialEditorStats: Info Texture samplers: 5/16
[2017.05.03-22.53.22:869][971]LogSavePackage: Save=113.82ms
[2017.05.03-22.53.22:870][971]LogSavePackage: Moving '../../../../../../Users/Diana/Documents/Unreal Projects/VRProject/Saved/BP_Joy_ButtonDCDE61F4496512D5F18870A76E4F49DA.tmp' to '../../../../../../Users/Diana/Documents/Unreal Projects/VRProject/Content/VirtualRealityBP/Blueprints/BP_Joy_Button.uasset'
[2017.05.03-22.53.22:883][971]LogSavePackage:Display: Finished SavePackage ../../../../../../Users/Diana/Documents/Unreal Projects/VRProject/Content/VirtualRealityBP/Blueprints/BP_Joy_Button.uasset
[2017.05.03-22.56.41:279][317]LogFileHelpers: Editor autosave (incl. sublevels) for '/Game/VirtualRealityBP/Maps/MotionControllerMap' took 0.159
[2017.05.03-22.56.41:285][317]OBJ SavePackage: Generating thumbnails for [1] asset(s) in package [/Game/VirtualRealityBP/Blueprints/BP_Joy_Button] ([1] browsable assets)...
[2017.05.03-22.56.41:610][317]OBJ SavePackage:     Rendered thumbnail for [Blueprint /Game/VirtualRealityBP/Blueprints/BP_Joy_Button.BP_Joy_Button]
[2017.05.03-22.56.41:610][317]OBJ SavePackage: Finished generating thumbnails for package [/Game/VirtualRealityBP/Blueprints/BP_Joy_Button]
[2017.05.03-22.56.41:740][317]LogSavePackage: Save=89.30ms
[2017.05.03-22.56.41:740][317]LogSavePackage: Moving '../../../../../../Users/Diana/Documents/Unreal Projects/VRProject/Saved/BP_Joy_Button_Auto517A903B2446D98FC4322C4A0348E6E54.tmp' to '../../../../../../Users/Diana/Documents/Unreal Projects/VRProject/Saved/Autosaves/Game/VirtualRealityBP/Blueprints/BP_Joy_Button_Auto5.uasset'
[2017.05.03-22.56.41:748][317]LogSavePackage:Display: Finished SavePackage ../../../../../../Users/Diana/Documents/Unreal Projects/VRProject/Saved/Autosaves/Game/VirtualRealityBP/Blueprints/BP_Joy_Button_Auto5.uasset
[2017.05.03-22.56.41:748][317]LogFileHelpers: Auto-saving content packages took 0.466
[2017.05.03-23.00.37:097][ 23]LogCrashTracker: 


[2017.05.03-23.00.37:097][ 23]LogCrashTracker: 


[2017.05.03-23.00.37:097][ 23]LogWindows:Error: === Critical error: ===
[2017.05.03-23.00.37:097][ 23]LogWindows:Error: 
[2017.05.03-23.00.37:097][ 23]LogWindows:Error: Fatal error!
[2017.05.03-23.00.37:097][ 23]LogWindows:Error: 
[2017.05.03-23.00.37:097][ 23]LogWindows:Error: Unhandled Exception: EXCEPTION_ACCESS_VIOLATION reading address 0x00000000
[2017.05.03-23.00.37:097][ 23]LogWindows:Error: 
[2017.05.03-23.00.37:097][ 23]LogWindows:Error: UE4Editor-GraphEditor.dll!0x00000000E3BC5A71
[2017.05.03-23.00.37:097][ 23]LogWindows:Error: UE4Editor-GraphEditor.dll!0x00000000E3C6060D
[2017.05.03-23.00.37:097][ 23]LogWindows:Error: UE4Editor-GraphEditor.dll!0x00000000E3C06B9B
[2017.05.03-23.00.37:097][ 23]LogWindows:Error: UE4Editor-Slate.dll!0x00000000E6F1F76E
[2017.05.03-23.00.37:097][ 23]LogWindows:Error: UE4Editor-Slate.dll!0x00000000E6F1E806
[2017.05.03-23.00.37:097][ 23]LogWindows:Error: UE4Editor-Slate.dll!0x00000000E6E556B5
[2017.05.03-23.00.37:097][ 23]LogWindows:Error: UE4Editor-Slate.dll!0x00000000E6E29FD5
[2017.05.03-23.00.37:097][ 23]LogWindows:Error: UE4Editor-SlateCore.dll!0x00000000EE09E65A
[2017.05.03-23.00.37:097][ 23]LogWindows:Error: UE4Editor-SlateCore.dll!0x00000000EE12854D
[2017.05.03-23.00.37:097][ 23]LogWindows:Error: UE4Editor-SlateCore.dll!0x00000000EE12854D
[2017.05.03-23.00.37:097][ 23]LogWindows:Error: UE4Editor-SlateCore.dll!0x00000000EE12854D
[2017.05.03-23.00.37:097][ 23]LogWindows:Error: UE4Editor-SlateCore.dll!0x00000000EE12854D
[2017.05.03-23.00.37:098][ 23]LogWindows:Error: UE4Editor-GraphEditor.dll!0x00000000E3C7F4B9
[2017.05.03-23.00.37:098][ 23]LogWindows:Error: UE4Editor-Slate.dll!0x00000000E6F24677
[2017.05.03-23.00.37:098][ 23]LogWindows:Error: UE4Editor-Slate.dll!0x00000000E6CA37A3
[2017.05.03-23.00.37:098][ 23]LogWindows:Error: UE4Editor-Slate.dll!0x00000000E6C73CCE
[2017.05.03-23.00.37:098][ 23]LogWindows:Error: UE4Editor-Slate.dll!0x00000000E6D15798
[2017.05.03-23.00.37:098][ 23]LogWindows:Error: UE4Editor-Slate.dll!0x00000000E6D01F5B
[2017.05.03-23.00.37:098][ 23]LogWindows:Error: UE4Editor-Slate.dll!0x00000000E6CF051D
[2017.05.03-23.00.37:098][ 23]LogWindows:Error: UE4Editor-Core.dll!0x00000000E7ACCF18
[2017.05.03-23.00.37:098][ 23]LogWindows:Error: UE4Editor-Core.dll!0x00000000E7ACC1B2
[2017.05.03-23.00.37:098][ 23]LogWindows:Error: UE4Editor-Slate.dll!0x00000000E6D22A9A
[2017.05.03-23.00.37:098][ 23]LogWindows:Error: UE4Editor-Slate.dll!0x00000000E6D215B5
[2017.05.03-23.00.37:098][ 23]LogWindows:Error: UE4Editor.exe!0x000000007DAFEA1D
[2017.05.03-23.00.37:098][ 23]LogWindows:Error: UE4Editor.exe!0x000000007DAEEB40
[2017.05.03-23.00.37:098][ 23]LogWindows:Error: UE4Editor.exe!0x000000007DAEEBBA
[2017.05.03-23.00.37:098][ 23]LogWindows:Error: UE4Editor.exe!0x000000007DB00A29
[2017.05.03-23.00.37:098][ 23]LogWindows:Error: UE4Editor.exe!0x000000007DB022B6
[2017.05.03-23.00.37:098][ 23]LogWindows:Error: KERNEL32.DLL!0x000000002AE18364
[2017.05.03-23.00.37:098][ 23]LogWindows:Error: ntdll.dll!0x000000002BC370D1
[2017.05.03-23.00.37:098][ 23]LogWindows:Error: ntdll.dll!0x000000002BC370D1
[2017.05.03-23.00.37:098][ 23]LogWindows:Error: 
[2017.05.03-23.00.37:238][ 23]LogExit: Executing StaticShutdownAfterError
[2017.05.03-23.00.37:365][ 23]LogWindows: FPlatformMisc::RequestExit(1)
[2017.05.03-23.00.37:365][ 23]Log file closed, 05/03/17 16:00:37
