Log file open, 05/03/17 14:46:12
LogInit:Display: Running engine for game: VRProject
LogPlatformFile: Not using cached read wrapper
LogInit:Display: RandInit(783388917) SRandInit(783388918).
LogTaskGraph: Started task graph with 5 named threads and 6 total threads with 1 sets of task threads.
LogStats: Stats thread started at 0.209300
LogInit: Using libcurl 7.47.1
LogInit:  - built for x86_64-pc-win32
LogInit:  - supports SSL with OpenSSL/1.0.2g
LogInit:  - supports HTTP deflate (compression) using libz 1.2.8
LogInit:  - other features:
LogInit:      CURL_VERSION_SSL
LogInit:      CURL_VERSION_LIBZ
LogInit:      CURL_VERSION_IPV6
LogInit:      CURL_VERSION_ASYNCHDNS
LogInit:      CURL_VERSION_LARGEFILE
LogInit:      CURL_VERSION_IDN
LogInit:  CurlRequestOptions (configurable via config and command line):
LogInit:  - bVerifyPeer = false  - Libcurl will NOT verify peer certificate
LogInit:  - bUseHttpProxy = false  - Libcurl will NOT use HTTP proxy
LogInit:  - bDontReuseConnections = false  - Libcurl will reuse connections
LogInit:  - CertBundlePath = nullptr  - Libcurl will use whatever was configured at build time.
LogInit: Build: ++UE4+Release-4.15-CL-3348071
LogInit: Engine Version: 4.15.1-3348071+++UE4+Release-4.15
LogInit: Compatible Engine Version: 4.15.0-3299760+++UE4+Release-4.15
LogInit: Net CL: 3299760
LogDevObjectVersion: Number of dev versions registered: 14
LogDevObjectVersion:   Dev-Blueprints (B0D832E4-1F89-4F0D-ACCF-7EB736FD4AA2): 8
LogDevObjectVersion:   Dev-Build (E1C64328-A22C-4D53-A36C-8E866417BD8C): 0
LogDevObjectVersion:   Dev-Core (375EC13C-06E4-48FB-B500-84F0262A717E): 2
LogDevObjectVersion:   Dev-Editor (E4B068ED-F494-42E9-A231-DA0B2E46BB41): 14
LogDevObjectVersion:   Dev-Framework (CFFC743F-43B0-4480-9391-14DF171D2073): 22
LogDevObjectVersion:   Dev-Mobile (B02B49B5-BB20-44E9-A304-32B752E40360): 0
LogDevObjectVersion:   Dev-Networking (A4E4105C-59A1-49B5-A7C5-40C4547EDFEE): 0
LogDevObjectVersion:   Dev-Online (39C831C9-5AE6-47DC-9A44-9C173E1C8E7C): 0
LogDevObjectVersion:   Dev-Physics (78F01B33-EBEA-4F98-B9B4-84EACCB95AA2): 0
LogDevObjectVersion:   Dev-Platform (6631380F-2D4D-43E0-8009-CF276956A95A): 0
LogDevObjectVersion:   Dev-Rendering (12F88B9F-8875-4AFC-A67C-D90C383ABD29): 12
LogDevObjectVersion:   Dev-Sequencer (7B5AE74C-D270-4C10-A958-57980B212A5A): 3
LogDevObjectVersion:   Dev-VR (D7296918-1DD6-4BDD-9DE2-64A83CC13884): 0
LogDevObjectVersion:   Dev-LoadTimes (C2A15278-BFE7-4AFE-6C17-90FF531DF755): 1
LogInit: Compiled (64-bit): Mar 15 2017 16:52:47
LogInit: Compiled with Visual C++: 19.00.23026.00
LogInit: Build Configuration: Development
LogInit: Branch Name: ++UE4+Release-4.15
LogInit: Command line: 
LogInit: Base directory: C:/Program Files/Epic Games/UE_4.15/Engine/Binaries/Win64/
LogInit: Installed Engine Build: 1
LogInit: Presizing for max 8388607 objects, including 0 objects not considered by GC, pre-allocating 0 bytes for permanent pool.
LogInit: Object subsystem initialized
[2017.05.03-21.46.15:676][  0]LogConsoleManager:Display: Setting the console variable 'r.RHICmdBypass' with 'SetByProjectSetting' was ignored as it is lower priority than the previous 'SetBySystemSettingsIni'. Value remains '1'
[2017.05.03-21.46.15:687][  0]LogInit: Selected Device Profile: [Windows]
[2017.05.03-21.46.15:687][  0]LogInit: Applying CVar settings loaded from the selected device profile: [Windows]
[2017.05.03-21.46.15:752][  0]LogInit: Computer: LENOVO-PC
[2017.05.03-21.46.15:752][  0]LogInit: User: Diana
[2017.05.03-21.46.15:752][  0]LogInit: CPU Page size=65536, Cores=2
[2017.05.03-21.46.15:752][  0]LogInit: High frequency timer resolution =2.533192 MHz
[2017.05.03-21.46.15:754][  0]LogMemory: Memory total: Physical=7.9GB (8GB approx)
[2017.05.03-21.46.15:754][  0]LogMemory: Platform Memory Stats for Windows
[2017.05.03-21.46.15:754][  0]LogMemory: Process Physical Memory: 263.68 MB used, 263.68 MB peak
[2017.05.03-21.46.15:754][  0]LogMemory: Process Virtual Memory: 262.34 MB used, 262.34 MB peak
[2017.05.03-21.46.15:754][  0]LogMemory: Physical Memory: 5044.32 MB used,  3059.96 MB free, 8104.27 MB total
[2017.05.03-21.46.15:754][  0]LogMemory: Virtual Memory: 643.25 MB used,  3059.96 MB free, 134217728.00 MB total
[2017.05.03-21.46.16:129][  0]LogTextLocalizationManager: No specific translations for ('en-US') exist, so ('en') translations will be used.
[2017.05.03-21.46.19:008][  0]LogD3D11RHI: D3D11 adapters:
[2017.05.03-21.46.19:033][  0]LogD3D11RHI:    0. 'Intel(R) HD Graphics Family' (Feature Level 11_0)
[2017.05.03-21.46.19:033][  0]LogD3D11RHI:       112/0/2048 MB DedicatedVideo/DedicatedSystem/SharedSystem, Outputs:1, VendorId:0x8086
[2017.05.03-21.46.19:038][  0]LogD3D11RHI:    1. 'Microsoft Basic Render Driver' (Feature Level 11_0)
[2017.05.03-21.46.19:038][  0]LogD3D11RHI:       0/0/4052 MB DedicatedVideo/DedicatedSystem/SharedSystem, Outputs:0, VendorId:0x1414
[2017.05.03-21.46.19:038][  0]LogD3D11RHI: Chosen D3D11 Adapter: 0
[2017.05.03-21.46.19:058][  0]LogD3D11RHI: Creating new Direct3DDevice
[2017.05.03-21.46.19:058][  0]LogD3D11RHI:     GPU DeviceId: 0xa16 (for the marketing name, search the web for "GPU Device Id")
[2017.05.03-21.46.19:058][  0]LogWindows: EnumDisplayDevices:
[2017.05.03-21.46.19:059][  0]LogWindows:    0. 'Intel(R) HD Graphics Family' (P:1 D:1)
[2017.05.03-21.46.19:060][  0]LogWindows:    1. 'Intel(R) HD Graphics Family' (P:0 D:0)
[2017.05.03-21.46.19:060][  0]LogWindows:    2. 'Intel(R) HD Graphics Family' (P:0 D:0)
[2017.05.03-21.46.19:061][  0]LogWindows: DebugString: FoundDriverCount:3 
[2017.05.03-21.46.19:061][  0]LogD3D11RHI:     Adapter Name: Intel(R) HD Graphics Family
[2017.05.03-21.46.19:061][  0]LogD3D11RHI:   Driver Version: 10.18.15.4279 (internal:10.18.15.4279, unified:10.18.15.4279)
[2017.05.03-21.46.19:061][  0]LogD3D11RHI:      Driver Date: 8-24-2015
[2017.05.03-21.46.19:061][  0]LogRHI: Texture pool is 795 MB (70% of 1136 MB)
[2017.05.03-21.46.19:077][  0]LogD3D11RHI: Async texture creation enabled
[2017.05.03-21.46.19:092][  0]LogD3D11RHI: GPU Timing Frequency: 12.500000 (Debug: 2 0)
[2017.05.03-21.46.19:095][  0]LogShaderCompilers: Guid format shader working directory is -20 characters bigger than the processId version (../../../../../../Users/Diana/Documents/Unreal Projects/VRProject/Intermediate/Shaders/WorkingDirectory/15948/).
[2017.05.03-21.46.19:095][  0]LogShaderCompilers: Cleaned the shader compiler working directory 'C:/Users/Diana/AppData/Local/Temp/UnrealShaderWorkingDir/E338047E48F80C32A9EA118A61EF5F10/'.
[2017.05.03-21.46.19:095][  0]LogShaderCompilers:Display: Using Local Shader Compiler.
[2017.05.03-21.46.24:072][  0]LogTemp:Display: Loaded TP AllDesktopTargetPlatform
[2017.05.03-21.46.24:318][  0]LogTemp:Display: Loaded TP MacClientTargetPlatform
[2017.05.03-21.46.24:562][  0]LogTemp:Display: Loaded TP MacNoEditorTargetPlatform
[2017.05.03-21.46.24:808][  0]LogTemp:Display: Loaded TP MacServerTargetPlatform
[2017.05.03-21.46.25:055][  0]LogTemp:Display: Loaded TP MacTargetPlatform
[2017.05.03-21.46.25:305][  0]LogTemp:Display: Loaded TP WindowsClientTargetPlatform
[2017.05.03-21.46.25:554][  0]LogTemp:Display: Loaded TP WindowsNoEditorTargetPlatform
[2017.05.03-21.46.25:800][  0]LogTemp:Display: Loaded TP WindowsServerTargetPlatform
[2017.05.03-21.46.26:002][  0]LogTemp:Display: Loaded TP WindowsTargetPlatform
[2017.05.03-21.46.26:251][  0]LogTemp:Display: Loaded TP AndroidTargetPlatform
[2017.05.03-21.46.26:510][  0]LogTemp:Display: Loaded TP Android_ASTCTargetPlatform
[2017.05.03-21.46.26:760][  0]LogTemp:Display: Loaded TP Android_ATCTargetPlatform
[2017.05.03-21.46.27:005][  0]LogTemp:Display: Loaded TP Android_DXTTargetPlatform
[2017.05.03-21.46.27:252][  0]LogTemp:Display: Loaded TP Android_ETC1TargetPlatform
[2017.05.03-21.46.27:580][  0]LogTemp:Display: Loaded TP Android_ETC2TargetPlatform
[2017.05.03-21.46.28:200][  0]LogTemp:Display: Loaded TP Android_MultiTargetPlatform
[2017.05.03-21.46.28:200][  0]LogTemp:Display: Loaded TP Android_PVRTCTargetPlatform
[2017.05.03-21.46.28:405][  0]LogTemp:Display: Loaded TP HTML5TargetPlatform
[2017.05.03-21.46.28:923][  0]LogTemp:Display: Loaded TP IOSTargetPlatform
[2017.05.03-21.46.29:110][  0]LogTemp:Display: Loaded TP TVOSTargetPlatform
[2017.05.03-21.46.29:450][  0]LogTemp:Display: Loaded TP LinuxClientTargetPlatform
[2017.05.03-21.46.29:836][  0]LogTemp:Display: Loaded TP LinuxNoEditorTargetPlatform
[2017.05.03-21.46.30:111][  0]LogTemp:Display: Loaded TP LinuxServerTargetPlatform
[2017.05.03-21.46.30:499][  0]LogTemp:Display: Loaded TP LinuxTargetPlatform
[2017.05.03-21.46.30:499][  0]LogTargetPlatformManager:Display: Building Assets For Windows
[2017.05.03-21.46.32:548][  0]LogDerivedDataCache:Display: Max Cache Size: 512 MB
[2017.05.03-21.46.32:727][  0]LogDerivedDataCache: Loaded boot cache 0.18s 50MB C:/Users/Diana/AppData/Local/UnrealEngine/4.15/DerivedDataCache/Boot.ddc.
[2017.05.03-21.46.32:728][  0]LogDerivedDataCache:Display: Loaded Boot cache: C:/Users/Diana/AppData/Local/UnrealEngine/4.15/DerivedDataCache/Boot.ddc
[2017.05.03-21.46.32:728][  0]LogDerivedDataCache: FDerivedDataBackendGraph:  Pak pak cache file ../../../../../../Users/Diana/Documents/Unreal Projects/VRProject/DerivedDataCache/DDC.ddp not found, will not use a pak cache.
[2017.05.03-21.46.32:728][  0]LogDerivedDataCache: Unable to find inner node Pak for hierarchical cache Hierarchy.
[2017.05.03-21.46.32:728][  0]LogDerivedDataCache: FDerivedDataBackendGraph:  CompressedPak pak cache file ../../../../../../Users/Diana/Documents/Unreal Projects/VRProject/DerivedDataCache/Compressed.ddp not found, will not use a pak cache.
[2017.05.03-21.46.32:728][  0]LogDerivedDataCache: Unable to find inner node CompressedPak for hierarchical cache Hierarchy.
[2017.05.03-21.46.32:809][  0]LogDerivedDataCache:Display: Pak cache opened for reading ../../../Engine/DerivedDataCache/Compressed.ddp.
[2017.05.03-21.46.32:825][  0]LogDerivedDataCache: Using Local data cache path C:/Users/Diana/AppData/Local/UnrealEngine/Common/DerivedDataCache: Writable
[2017.05.03-21.46.32:901][  0]LogSlate: Using Freetype 2.6.0
[2017.05.03-21.46.32:905][  0]LogSlate: SlateFontCache - WITH_FREETYPE: 1, WITH_HARFBUZZ: 1
[2017.05.03-21.46.32:905][  0]LogSlate: SlateFontCache - WITH_FREETYPE: 1, WITH_HARFBUZZ: 1
[2017.05.03-21.46.34:187][  0]LogInit: Selected Device Profile: [Windows]
[2017.05.03-21.46.34:197][  0]LogContentStreaming: Texture pool size is 0.00 MB
[2017.05.03-21.46.35:180][  0]LogMeshUtilities: Using QuadricMeshReduction for automatic static mesh reduction
[2017.05.03-21.46.35:380][  0]LogSimplygon: Simplygon DLL not present - disabling.
[2017.05.03-21.46.35:591][  0]LogMeshUtilities: Using SimplygonSwarm for distributed automatic mesh merging
[2017.05.03-21.46.35:591][  0]LogMeshUtilities: No automatic skeletal mesh reduction module available
[2017.05.03-21.46.35:591][  0]LogMeshUtilities: No automatic mesh merging module available
[2017.05.03-21.46.37:792][  0]LogNetVersion: GetLocalNetworkVersion: CL: 3299760, ProjectName: vrproject, ProjectVersion: , EngineNetworkVersion: 2, GameNetworkVersion: 0, NetworkChecksum: 2635692910
[2017.05.03-21.46.37:919][  0]LogAssetRegistry: FAssetRegistry took 0.0245 seconds to start up
[2017.05.03-21.46.38:177][  0]LogPackageLocalizationCache: Processed 3 localized package path(s) for 2 prioritized culture(s) in 0.122587 seconds
[2017.05.03-21.46.38:200][  0]LogUObjectArray: 32493 objects as part of root set at end of initial load.
[2017.05.03-21.46.38:200][  0]LogUObjectAllocator: 7077024 out of 0 bytes used by permanent object pool.
[2017.05.03-21.46.38:200][  0]LogUObjectArray: CloseDisregardForGC: 0/0 objects in disregard for GC pool
[2017.05.03-21.46.38:504][  0]LogInit: WinSock: version 1.1 (2.2), MaxSocks=32767, MaxUdp=65467
[2017.05.03-21.46.45:993][  0]LogTcpMessaging: Initializing TcpMessaging bridge
[2017.05.03-21.46.46:128][  0]LogUdpMessaging: Initializing bridge on interface 0.0.0.0:0 to multicast group 230.0.0.1:6666.
[2017.05.03-21.46.47:996][  0]LogMaterial: Uniform references updated for custom material expression Custom.
[2017.05.03-21.46.49:711][  0]SourceControl: Info Source control is disabled
[2017.05.03-21.46.49:997][  0]SourceControl: Info Source control is disabled
[2017.05.03-21.46.50:207][  0]SourceControl: Info Source control is disabled
[2017.05.03-21.46.50:416][  0]SourceControl: Info Source control is disabled
[2017.05.03-21.46.56:199][  0]LogEngine: Initializing Engine...
[2017.05.03-21.46.56:202][  0]LogHMD: Failed to initialize OpenVR with code 110
[2017.05.03-21.46.57:368][  0]LogAIModule: Creating AISystem for world Untitled
[2017.05.03-21.46.57:399][  0]LogInit: XAudio2 using 'Speakers (Realtek High Definition Audio)' : 2 channels at 48 kHz using 32 bits per sample (channel mask 0x3)
[2017.05.03-21.46.57:598][  0]LogInit: FAudioDevice initialized.
[2017.05.03-21.46.57:698][  0]LogDerivedDataCache: Saved boot cache 0.10s 61MB C:/Users/Diana/AppData/Local/UnrealEngine/4.15/DerivedDataCache/Boot.ddc.
[2017.05.03-21.46.57:722][  0]LogInit: Texture streaming: Enabled
[2017.05.03-21.46.58:181][  0]LogEngineSessionManager: EngineSessionManager initialized
[2017.05.03-21.46.58:569][  0]LogInit: Transaction tracking system initialized
[2017.05.03-21.47.00:150][  0]BlueprintLog: New page: Editor Load
[2017.05.03-21.47.04:143][  0]LocalizationService: Info Localization service is disabled
[2017.05.03-21.47.07:146][  0]LogConsoleResponse:Display: 
[2017.05.03-21.47.07:785][  0]LogCook:Display: Max memory allowance for cook 16384mb min free memory 0mb
[2017.05.03-21.47.07:785][  0]LogCook:Display: Mobile HDR setting 1
[2017.05.03-21.47.08:797][  0]LogFileCache: Scanning file cache for directory 'C:/Users/Diana/Documents/Unreal Projects/VRProject/Content/' took 0.02s
[2017.05.03-21.47.12:402][  0]SourceControl: Info Source control is disabled
[2017.05.03-21.47.12:402][  0]Cmd: MAP LOAD FILE="../../../../../../Users/Diana/Documents/Unreal Projects/VRProject/Content/VirtualRealityBP/Maps/StartupMap.umap" TEMPLATE=0 SHOWPROGRESS=1 FEATURELEVEL=3
[2017.05.03-21.47.12:425][  0]LightingResults: New page: Lighting Build
[2017.05.03-21.47.12:607][  0]MapCheck: New page: Map Check
[2017.05.03-21.47.12:607][  0]LightingResults: New page: Lighting Build
[2017.05.03-21.47.13:038][  0]LogAIModule: Creating AISystem for world StartupMap
[2017.05.03-21.47.13:202][  0]LogEditorServer: Finished looking for orphan Actors (0.000 secs)
[2017.05.03-21.47.13:206][  0]Cmd: MAP CHECKDEP NOCLEARLOG
[2017.05.03-21.47.13:431][  0]MapCheck: Info Map check complete: 0 Error(s), 0 Warning(s), took 224.517ms to complete.
[2017.05.03-21.47.13:431][  0]LogFileHelpers: Loading map 'StartupMap' took 1.030
[2017.05.03-21.47.13:544][  0]LogWindowsTextInputMethodSystem:Display: IME system now deactivated.
[2017.05.03-21.47.13:544][  0]LogWindowsTextInputMethodSystem:Display: IME system now deactivated.
[2017.05.03-21.47.14:068][  0]LogCollectionManager: Loaded 0 collections in 0.009158 seconds
[2017.05.03-21.47.14:312][  0]LogFileCache: Scanning file cache for directory 'C:/Users/Diana/Documents/Unreal Projects/VRProject/Saved/Collections/' took 0.01s
[2017.05.03-21.47.14:312][  0]LogFileCache: Scanning file cache for directory 'C:/Users/Diana/Documents/Unreal Projects/VRProject/Content/Developers/Diana/Collections/' took 0.01s
[2017.05.03-21.47.14:312][  0]LogFileCache: Scanning file cache for directory 'C:/Users/Diana/Documents/Unreal Projects/VRProject/Content/Collections/' took 0.01s
[2017.05.03-21.47.14:312][  0]LogCollectionManager: Rebuilt the GUID cache for 0 collections in 0.000006 seconds
[2017.05.03-21.47.14:349][  0]LogContentBrowser: Native class hierarchy populated in 0.0363 seconds. Added 2245 classes and 453 folders.
[2017.05.03-21.47.14:367][  0]LogStats: UGameplayTagsManager::ConstructGameplayTagTree: Construct from data asset -  0.000 s
[2017.05.03-21.47.14:367][  0]LogStats: UGameplayTagsManager::ConstructGameplayTagTree: GameplayTagTreeChangedEvent.Broadcast -  0.000 s
[2017.05.03-21.47.14:652][  0]LogContentBrowser: Native class hierarchy updated for 'WidgetCarousel' in 0.0017 seconds. Added 0 classes and 0 folders.
[2017.05.03-21.47.15:067][  0]LogContentBrowser: Native class hierarchy updated for 'AddContentDialog' in 0.0018 seconds. Added 0 classes and 0 folders.
[2017.05.03-21.47.15:333][  0]LogContentBrowser: Native class hierarchy updated for 'SceneOutliner' in 0.0019 seconds. Added 1 classes and 2 folders.
[2017.05.03-21.47.15:577][  0]LogCrashTracker: Crashtracker disabled due to settings.
[2017.05.03-21.47.15:606][  0]LogUObjectGlobals:Warning: Failed to find object 'Class None.'
[2017.05.03-21.47.15:866][  0]LogContentBrowser: Native class hierarchy updated for 'HierarchicalLODOutliner' in 0.0037 seconds. Added 1 classes and 2 folders.
[2017.05.03-21.47.15:867][  0]LogLoad: (Engine Initialization) Total time: 67.30 seconds
[2017.05.03-21.47.15:867][  0]LogLoad: (Engine Initialization) Total Blueprint compile time: 0.19 seconds
[2017.05.03-21.47.15:867][  0]LogExternalProfiler: Found external profiler: VSPerf
[2017.05.03-21.47.15:867][  0]LogExternalProfiler: Using external profiler: VSPerf
[2017.05.03-21.47.15:881][  0]LogOcInput: OculusInput pre-init called
[2017.05.03-21.47.15:923][  0]LogContentStreaming: Texture pool size now 1000 MB
[2017.05.03-21.47.15:927][  0]LogSlate: Took 0.000807 seconds to synchronously load lazily loaded font '../../../Engine/Content/Slate/Fonts/Roboto-Regular.ttf' (155K)
[2017.05.03-21.47.15:941][  0]LogSlate: Took 0.000775 seconds to synchronously load lazily loaded font '../../../Engine/Content/Slate/Fonts/Roboto-Bold.ttf' (160K)
[2017.05.03-21.47.15:986][  0]LogSlate: Took 0.024018 seconds to synchronously load lazily loaded font '../../../Engine/Content/Editor/Slate/Fonts/FontAwesome.ttf' (139K)
[2017.05.03-21.47.16:581][  1]LogRenderer: Reallocating scene render targets to support 796x352 NumSamples 1 (Frame:2).
[2017.05.03-21.47.16:581][  1]LogSlate: Took 0.011326 seconds to synchronously load lazily loaded font '../../../Engine/Content/Slate/Fonts/Roboto-Light.ttf' (159K)
[2017.05.03-21.47.18:215][  3]LogMaterial: Missing cached shader map for material Material_0, compiling. 
[2017.05.03-21.47.18:218][  3]LogMaterial:Warning: Failed to compile Material /Engine/Transient.Material_0 for platform PCD3D_SM5, Default Material will be used in game.
[2017.05.03-21.47.18:218][  3]LogMaterial:Warning: 	Only transparent or postprocess materials can read from scene depth.
[2017.05.03-21.47.18:261][  3]LogSlate: Took 0.004132 seconds to synchronously load lazily loaded font '../../../Engine/Content/Slate/Fonts/Roboto-Light.ttf' (159K)
[2017.05.03-21.47.18:744][  7]LogAssetRegistry: Asset discovery search completed in 40.8495 seconds
[2017.05.03-21.47.18:746][  7]LogCollectionManager: Rebuilt the object cache for 0 collections in 0.000107 seconds (found 0 objects)
[2017.05.03-21.47.18:746][  7]LogCollectionManager: Fixed up redirectors for 0 collections in 0.001815 seconds (updated 0 objects)
[2017.05.03-21.47.59:976][242]LogSlate: Took 0.000561 seconds to synchronously load lazily loaded font '../../../Engine/Content/Slate/Fonts/Roboto-Light.ttf' (159K)
[2017.05.03-21.48.00:812][242]LogSlate: Took 0.000791 seconds to synchronously load lazily loaded font '../../../Engine/Content/Slate/Fonts/Roboto-Regular.ttf' (155K)
[2017.05.03-21.48.02:422][242]LogContentBrowser: Native class hierarchy updated for 'BlueprintGraph' in 0.0059 seconds. Added 112 classes and 0 folders.
[2017.05.03-21.48.05:691][242]LogSlate: Took 0.007267 seconds to synchronously load lazily loaded font '../../../Engine/Content/Editor/Slate/Fonts/Roboto-BoldCondensed.ttf' (158K)
[2017.05.03-21.48.07:159][243]LogSlate: Took 0.007101 seconds to synchronously load lazily loaded font '../../../Engine/Content/Editor/Slate/Fonts/Roboto-Italic.ttf' (157K)
[2017.05.03-21.48.56:447][435]Cmd: MAP LOAD FILE="../../../../../../Users/Diana/Documents/Unreal Projects/VRProject/Content/VirtualRealityBP/Maps/HMDLocomotionMap.umap" TEMPLATE=0 SHOWPROGRESS=1 FEATURELEVEL=3
[2017.05.03-21.48.56:489][435]LightingResults: New page: Lighting Build
[2017.05.03-21.48.56:498][435]LoadErrors: New page: Loading map: HMDLocomotionMap.umap
[2017.05.03-21.48.56:501][435]MapCheck: New page: Map Check
[2017.05.03-21.48.56:502][435]LightingResults: New page: Lighting Build
[2017.05.03-21.48.57:799][435]LogAIModule: Creating AISystem for world HMDLocomotionMap
[2017.05.03-21.48.57:860][435]LogEditorServer: Finished looking for orphan Actors (0.000 secs)
[2017.05.03-21.48.57:985][435]Cmd: MAP CHECKDEP NOCLEARLOG
[2017.05.03-21.48.58:252][435]MapCheck: Info Map check complete: 0 Error(s), 0 Warning(s), took 266.968ms to complete.
[2017.05.03-21.48.58:253][435]LogFileHelpers: Loading map 'HMDLocomotionMap' took 1.807
[2017.05.03-21.49.13:029][862]Cmd: MAP LOAD FILE="../../../../../../Users/Diana/Documents/Unreal Projects/VRProject/Content/VirtualRealityBP/Maps/MotionControllerMap.umap" TEMPLATE=0 SHOWPROGRESS=1 FEATURELEVEL=3
[2017.05.03-21.49.13:060][862]LightingResults: New page: Lighting Build
[2017.05.03-21.49.13:068][862]LoadErrors: New page: Loading map: MotionControllerMap.umap
[2017.05.03-21.49.13:071][862]MapCheck: New page: Map Check
[2017.05.03-21.49.13:071][862]LightingResults: New page: Lighting Build
[2017.05.03-21.49.14:064][862]LogAIModule: Creating AISystem for world MotionControllerMap
[2017.05.03-21.49.14:190][862]LogEditorServer: Finished looking for orphan Actors (0.000 secs)
[2017.05.03-21.49.14:292][862]Cmd: MAP CHECKDEP NOCLEARLOG
[2017.05.03-21.49.14:566][862]MapCheck: Info Map check complete: 0 Error(s), 0 Warning(s), took 274.333ms to complete.
[2017.05.03-21.49.14:566][862]LogFileHelpers: Loading map 'MotionControllerMap' took 1.541
[2017.05.03-21.50.27:545][914]LogUObjectGlobals:Warning: Failed to find object 'Object None.'
[2017.05.03-21.50.27:545][914]LogUObjectGlobals:Warning: Failed to find object 'Object None.'
[2017.05.03-21.50.36:055][240]LogRenderer: Reallocating scene render targets to support 796x420 NumSamples 1 (Frame:4269).
[2017.05.03-21.52.22:622][119]LogMaterial: Missing cached shader map for material M_Button_Joy, compiling. 
[2017.05.03-21.52.22:625][119]LogTemp:Display: Added material ShaderMap 0x0000022CA3C92080 with Material 0x0000022C80D47880 to ShaderMapsBeingCompiled
[2017.05.03-21.52.22:715][119]LogTemp:Display: Kicking off shader compilation for M_Button_Joy, GameThreadShaderMap 0x0000022CA3C92080
[2017.05.03-21.52.29:607][551]LogTemp:Display: Finished compile of shader map 0x0000022CA3C92080
[2017.05.03-21.52.29:607][551]LogTemp:Display: Shader map M_Button_Joy complete, GameThreadShaderMap 0x0000022CA3C92080, marking material M_Button_Joy as finished
[2017.05.03-21.52.29:607][551]LogTemp:Display: Marking material as finished 0x0000022C80D47880
[2017.05.03-21.55.30:644][765]LogMaterial: Missing cached shader map for material M_Button_Joy, compiling. 
[2017.05.03-21.55.30:648][765]LogTemp:Display: Added material ShaderMap 0x0000022CDE9A0100 with Material 0x0000022CA269AE80 to ShaderMapsBeingCompiled
[2017.05.03-21.55.30:684][765]LogTemp:Display: Kicking off shader compilation for M_Button_Joy, GameThreadShaderMap 0x0000022CDE9A0100
[2017.05.03-21.55.31:021][765]LogMaterial: Missing cached shader map for material M_Button_Joy, compiling. 
[2017.05.03-21.55.31:024][765]LogTemp:Display: Added material ShaderMap 0x0000022D03CF6B00 with Material 0x0000022CA269AE80 to ShaderMapsBeingCompiled
[2017.05.03-21.55.31:071][765]LogTemp:Display: Kicking off shader compilation for M_Button_Joy, GameThreadShaderMap 0x0000022D03CF6B00
[2017.05.03-21.55.31:072][765]LogMaterial: 0.00 seconds spent updating 1 materials, 1 interfaces, 0 instances, 0 with static permutations.
[2017.05.03-21.55.31:111][765]LogMaterial: Missing cached shader map for material FMatExpressionPreview MaterialExpressionTextureSample_2, compiling. 
[2017.05.03-21.55.31:115][765]LogTemp:Display: Added material ShaderMap 0x0000022D03C46B00 with Material 0x0000022D03C7BA00 to ShaderMapsBeingCompiled
[2017.05.03-21.55.31:128][765]LogTemp:Display: Kicking off shader compilation for FMatExpressionPreview MaterialExpressionTextureSample_2, GameThreadShaderMap 0x0000022D03C46B00
[2017.05.03-21.55.38:068][223]LogTemp:Display: Finished compile of shader map 0x0000022D03CF6B00
[2017.05.03-21.55.38:068][223]LogTemp:Display: Shader map M_Button_Joy complete, GameThreadShaderMap 0x0000022D03CF6B00, marking material M_Button_Joy as finished
[2017.05.03-21.55.38:068][223]LogTemp:Display: Marking material as finished 0x0000022CA269AE80
[2017.05.03-21.55.38:087][224]MaterialEditorStats: Info Default UI Pixel Shader: 34 instructions
[2017.05.03-21.55.38:087][224]MaterialEditorStats: Info Default UI Vertex Shader: 20 instructions
[2017.05.03-21.55.38:087][224]MaterialEditorStats: Info Instanced UI Vertex Shader: 20 instructions
[2017.05.03-21.55.38:087][224]MaterialEditorStats: Info Texture samplers: 3/16
[2017.05.03-21.55.38:588][264]LogTemp:Display: Finished compile of shader map 0x0000022D03C46B00
[2017.05.03-21.55.38:588][264]LogTemp:Display: Shader map FMatExpressionPreview MaterialExpressionTextureSample_2 complete, GameThreadShaderMap 0x0000022D03C46B00, marking material FMatExpressionPreview MaterialExpressionTextureSample_2 as finished
[2017.05.03-21.55.38:588][264]LogTemp:Display: Marking material as finished 0x0000022D03C7BA00
[2017.05.03-21.55.53:838][841]Cmd: TRANSACTION UNDO
[2017.05.03-21.55.53:838][841]LogEditorTransaction: Undo Edit A
[2017.05.03-21.55.54:113][841]LogMaterial: Missing cached shader map for material M_Button_Joy, compiling. 
[2017.05.03-21.55.54:117][841]LogTemp:Display: Added material ShaderMap 0x0000022D09877200 with Material 0x0000022CA269AE80 to ShaderMapsBeingCompiled
[2017.05.03-21.55.54:154][841]LogTemp:Display: Kicking off shader compilation for M_Button_Joy, GameThreadShaderMap 0x0000022D09877200
[2017.05.03-21.55.54:154][841]LogMaterial: 0.00 seconds spent updating 1 materials, 1 interfaces, 0 instances, 0 with static permutations.
[2017.05.03-21.55.58:024][ 43]Cmd: TRANSACTION UNDO
[2017.05.03-21.55.58:024][ 43]LogEditorTransaction: Undo Edit A
[2017.05.03-21.55.58:195][ 43]LogMaterial: Missing cached shader map for material M_Button_Joy, compiling. 
[2017.05.03-21.55.58:197][ 43]LogTemp:Display: Added material ShaderMap 0x0000022D0AC92E80 with Material 0x0000022CA269AE80 to ShaderMapsBeingCompiled
[2017.05.03-21.55.58:222][ 43]LogTemp:Display: Kicking off shader compilation for M_Button_Joy, GameThreadShaderMap 0x0000022D0AC92E80
[2017.05.03-21.55.58:222][ 43]LogMaterial: 0.00 seconds spent updating 1 materials, 1 interfaces, 0 instances, 0 with static permutations.
[2017.05.03-21.55.58:921][ 85]Cmd: TRANSACTION UNDO
[2017.05.03-21.55.58:921][ 85]LogEditorTransaction: Undo Edit Draw As
[2017.05.03-21.55.59:034][ 85]LogMaterial: Missing cached shader map for material M_Button_Joy, compiling. 
[2017.05.03-21.55.59:036][ 85]LogTemp:Display: Added material ShaderMap 0x0000022D0B219D00 with Material 0x0000022CA269AE80 to ShaderMapsBeingCompiled
[2017.05.03-21.55.59:054][ 85]LogTemp:Display: Kicking off shader compilation for M_Button_Joy, GameThreadShaderMap 0x0000022D0B219D00
[2017.05.03-21.55.59:054][ 85]LogMaterial: 0.00 seconds spent updating 1 materials, 1 interfaces, 0 instances, 0 with static permutations.
[2017.05.03-21.55.59:387][108]LogTemp:Display: Finished compile of shader map 0x0000022D0AC92E80
[2017.05.03-21.55.59:387][108]LogTemp:Display: Shader map M_Button_Joy complete, GameThreadShaderMap 0x0000022D0AC92E80, marking material M_Button_Joy as finished
[2017.05.03-21.55.59:387][108]LogTemp:Display: Marking material as finished 0x0000022CA269AE80
[2017.05.03-21.55.59:617][128]LogTemp:Display: Finished compile of shader map 0x0000022D09877200
[2017.05.03-21.55.59:617][128]LogTemp:Display: Shader map M_Button_Joy complete, GameThreadShaderMap 0x0000022D09877200, marking material M_Button_Joy as finished
[2017.05.03-21.55.59:617][128]LogTemp:Display: Marking material as finished 0x0000022CA269AE80
[2017.05.03-21.56.02:902][357]LogTemp:Display: Finished compile of shader map 0x0000022D0B219D00
[2017.05.03-21.56.02:902][357]LogTemp:Display: Shader map M_Button_Joy complete, GameThreadShaderMap 0x0000022D0B219D00, marking material M_Button_Joy as finished
[2017.05.03-21.56.02:902][357]LogTemp:Display: Marking material as finished 0x0000022CA269AE80
[2017.05.03-21.56.02:917][358]MaterialEditorStats: Info Default UI Pixel Shader: 34 instructions
[2017.05.03-21.56.02:917][358]MaterialEditorStats: Info Default UI Vertex Shader: 20 instructions
[2017.05.03-21.56.02:917][358]MaterialEditorStats: Info Instanced UI Vertex Shader: 20 instructions
[2017.05.03-21.56.02:917][358]MaterialEditorStats: Info Texture samplers: 3/16
[2017.05.03-21.56.12:225][908]LogMaterial: Missing cached shader map for material M_Button_Joy, compiling. 
[2017.05.03-21.56.12:228][908]LogTemp:Display: Added material ShaderMap 0x0000022D0B218480 with Material 0x0000022CA269AE80 to ShaderMapsBeingCompiled
[2017.05.03-21.56.12:254][908]LogTemp:Display: Kicking off shader compilation for M_Button_Joy, GameThreadShaderMap 0x0000022D0B218480
[2017.05.03-21.56.12:264][908]LogMaterial: Missing cached shader map for material M_Button_Joy, compiling. 
[2017.05.03-21.56.12:268][908]LogTemp:Display: Added material ShaderMap 0x0000022D0AC93200 with Material 0x0000022CA269AE80 to ShaderMapsBeingCompiled
[2017.05.03-21.56.12:292][908]LogTemp:Display: Kicking off shader compilation for M_Button_Joy, GameThreadShaderMap 0x0000022D0AC93200
[2017.05.03-21.56.12:293][908]LogMaterial: 0.00 seconds spent updating 1 materials, 1 interfaces, 0 instances, 0 with static permutations.
[2017.05.03-21.56.17:435][197]LogTemp:Display: Finished compile of shader map 0x0000022D0AC93200
[2017.05.03-21.56.17:435][197]LogTemp:Display: Shader map M_Button_Joy complete, GameThreadShaderMap 0x0000022D0AC93200, marking material M_Button_Joy as finished
[2017.05.03-21.56.17:435][197]LogTemp:Display: Marking material as finished 0x0000022CA269AE80
[2017.05.03-21.56.20:990][390]MaterialEditorStats: Info Default UI Pixel Shader: 33 instructions
[2017.05.03-21.56.20:990][390]MaterialEditorStats: Info Default UI Vertex Shader: 20 instructions
[2017.05.03-21.56.20:990][390]MaterialEditorStats: Info Instanced UI Vertex Shader: 20 instructions
[2017.05.03-21.56.20:990][390]MaterialEditorStats: Info Texture samplers: 2/16
[2017.05.03-21.56.25:841][642]LogMaterial: Missing cached shader map for material M_Button_Joy, compiling. 
[2017.05.03-21.56.25:844][642]LogTemp:Display: Added material ShaderMap 0x0000022D09877200 with Material 0x0000022CA269AE80 to ShaderMapsBeingCompiled
[2017.05.03-21.56.25:888][642]LogTemp:Display: Kicking off shader compilation for M_Button_Joy, GameThreadShaderMap 0x0000022D09877200
[2017.05.03-21.56.25:903][642]LogMaterial: Missing cached shader map for material M_Button_Joy, compiling. 
[2017.05.03-21.56.25:908][642]LogTemp:Display: Added material ShaderMap 0x0000022D0BF10800 with Material 0x0000022CA269AE80 to ShaderMapsBeingCompiled
[2017.05.03-21.56.25:967][642]LogTemp:Display: Kicking off shader compilation for M_Button_Joy, GameThreadShaderMap 0x0000022D0BF10800
[2017.05.03-21.56.25:968][642]LogMaterial: 0.00 seconds spent updating 1 materials, 1 interfaces, 0 instances, 0 with static permutations.
[2017.05.03-21.56.28:005][733]LogTemp:Display: Finished compile of shader map 0x0000022D09877200
[2017.05.03-21.56.28:006][733]LogTemp:Display: Shader map M_Button_Joy complete, GameThreadShaderMap 0x0000022D09877200, marking material M_Button_Joy as finished
[2017.05.03-21.56.28:006][733]LogTemp:Display: Marking material as finished 0x0000022CA269AE80
[2017.05.03-21.56.32:132][ 49]LogTemp:Display: Finished compile of shader map 0x0000022D0BF10800
[2017.05.03-21.56.32:132][ 49]LogTemp:Display: Shader map M_Button_Joy complete, GameThreadShaderMap 0x0000022D0BF10800, marking material M_Button_Joy as finished
[2017.05.03-21.56.32:132][ 49]LogTemp:Display: Marking material as finished 0x0000022CA269AE80
[2017.05.03-21.56.32:144][ 50]MaterialEditorStats: Info Default UI Pixel Shader: 34 instructions
[2017.05.03-21.56.32:145][ 50]MaterialEditorStats: Info Default UI Vertex Shader: 20 instructions
[2017.05.03-21.56.32:145][ 50]MaterialEditorStats: Info Instanced UI Vertex Shader: 20 instructions
[2017.05.03-21.56.32:145][ 50]MaterialEditorStats: Info Texture samplers: 3/16
[2017.05.03-21.56.35:333][238]LogMaterial: Missing cached shader map for material M_Button_Joy, compiling. 
[2017.05.03-21.56.35:337][238]LogTemp:Display: Added material ShaderMap 0x0000022D08D10480 with Material 0x0000022CA269AE80 to ShaderMapsBeingCompiled
[2017.05.03-21.56.35:361][238]LogTemp:Display: Kicking off shader compilation for M_Button_Joy, GameThreadShaderMap 0x0000022D08D10480
[2017.05.03-21.56.35:376][238]LogMaterial: Missing cached shader map for material M_Button_Joy, compiling. 
[2017.05.03-21.56.35:381][238]LogTemp:Display: Added material ShaderMap 0x0000022D09792780 with Material 0x0000022CA269AE80 to ShaderMapsBeingCompiled
[2017.05.03-21.56.35:420][238]LogTemp:Display: Kicking off shader compilation for M_Button_Joy, GameThreadShaderMap 0x0000022D09792780
[2017.05.03-21.56.35:421][238]LogMaterial: 0.00 seconds spent updating 1 materials, 1 interfaces, 0 instances, 0 with static permutations.
[2017.05.03-21.56.38:320][378]LogTemp:Display: Finished compile of shader map 0x0000022D08D10480
[2017.05.03-21.56.38:320][378]LogTemp:Display: Shader map M_Button_Joy complete, GameThreadShaderMap 0x0000022D08D10480, marking material M_Button_Joy as finished
[2017.05.03-21.56.38:320][378]LogTemp:Display: Marking material as finished 0x0000022CA269AE80
[2017.05.03-21.56.40:728][562]LogTemp:Display: Finished compile of shader map 0x0000022D09792780
[2017.05.03-21.56.40:728][562]LogTemp:Display: Shader map M_Button_Joy complete, GameThreadShaderMap 0x0000022D09792780, marking material M_Button_Joy as finished
[2017.05.03-21.56.40:728][562]LogTemp:Display: Marking material as finished 0x0000022CA269AE80
[2017.05.03-21.56.40:738][563]MaterialEditorStats: Info Default UI Pixel Shader: 33 instructions
[2017.05.03-21.56.40:738][563]MaterialEditorStats: Info Default UI Vertex Shader: 20 instructions
[2017.05.03-21.56.40:738][563]MaterialEditorStats: Info Instanced UI Vertex Shader: 20 instructions
[2017.05.03-21.56.40:738][563]MaterialEditorStats: Info Texture samplers: 2/16
[2017.05.03-21.56.43:981][749]LogMaterial: Missing cached shader map for material M_Button_Joy, compiling. 
[2017.05.03-21.56.43:985][749]LogTemp:Display: Added material ShaderMap 0x0000022D08D12780 with Material 0x0000022CA269AE80 to ShaderMapsBeingCompiled
[2017.05.03-21.56.44:025][749]LogTemp:Display: Kicking off shader compilation for M_Button_Joy, GameThreadShaderMap 0x0000022D08D12780
[2017.05.03-21.56.44:041][749]LogMaterial: Missing cached shader map for material M_Button_Joy, compiling. 
[2017.05.03-21.56.44:046][749]LogTemp:Display: Added material ShaderMap 0x0000022D082E4100 with Material 0x0000022CA269AE80 to ShaderMapsBeingCompiled
[2017.05.03-21.56.44:103][749]LogTemp:Display: Kicking off shader compilation for M_Button_Joy, GameThreadShaderMap 0x0000022D082E4100
[2017.05.03-21.56.44:104][749]LogMaterial: 0.00 seconds spent updating 1 materials, 1 interfaces, 0 instances, 0 with static permutations.
[2017.05.03-21.56.46:336][847]LogTemp:Display: Finished compile of shader map 0x0000022D08D12780
[2017.05.03-21.56.46:336][847]LogTemp:Display: Shader map M_Button_Joy complete, GameThreadShaderMap 0x0000022D08D12780, marking material M_Button_Joy as finished
[2017.05.03-21.56.46:336][847]LogTemp:Display: Marking material as finished 0x0000022CA269AE80
[2017.05.03-21.56.50:601][174]LogTemp:Display: Finished compile of shader map 0x0000022D082E4100
[2017.05.03-21.56.50:601][174]LogTemp:Display: Shader map M_Button_Joy complete, GameThreadShaderMap 0x0000022D082E4100, marking material M_Button_Joy as finished
[2017.05.03-21.56.50:601][174]LogTemp:Display: Marking material as finished 0x0000022CA269AE80
[2017.05.03-21.56.50:619][175]MaterialEditorStats: Info Default UI Pixel Shader: 34 instructions
[2017.05.03-21.56.50:619][175]MaterialEditorStats: Info Default UI Vertex Shader: 20 instructions
[2017.05.03-21.56.50:619][175]MaterialEditorStats: Info Instanced UI Vertex Shader: 20 instructions
[2017.05.03-21.56.50:619][175]MaterialEditorStats: Info Texture samplers: 3/16
[2017.05.03-21.59.13:766][999]LogFileHelpers: Editor autosave (incl. sublevels) for '/Game/VirtualRealityBP/Maps/MotionControllerMap' took 0.187
[2017.05.03-21.59.13:777][999]OBJ SavePackage: Generating thumbnails for [1] asset(s) in package [/Game/VirtualReality/Materials/M_Button_Joy] ([1] browsable assets)...
[2017.05.03-21.59.13:954][999]OBJ SavePackage:     Rendered thumbnail for [Material /Game/VirtualReality/Materials/M_Button_Joy.M_Button_Joy]
[2017.05.03-21.59.13:955][999]OBJ SavePackage: Finished generating thumbnails for package [/Game/VirtualReality/Materials/M_Button_Joy]
[2017.05.03-21.59.14:057][999]LogSavePackage: Save=57.97ms
[2017.05.03-21.59.14:057][999]LogSavePackage: Moving '../../../../../../Users/Diana/Documents/Unreal Projects/VRProject/Saved/M_Button_Joy_Auto18C69B489465AF4BF0744128C4E066FC4.tmp' to '../../../../../../Users/Diana/Documents/Unreal Projects/VRProject/Saved/Autosaves/Game/VirtualReality/Materials/M_Button_Joy_Auto1.uasset'
[2017.05.03-21.59.14:065][999]LogSavePackage:Display: Finished SavePackage ../../../../../../Users/Diana/Documents/Unreal Projects/VRProject/Saved/Autosaves/Game/VirtualReality/Materials/M_Button_Joy_Auto1.uasset
[2017.05.03-21.59.14:068][999]OBJ SavePackage: Generating thumbnails for [0] asset(s) in package [/Game/VirtualRealityBP/Blueprints/Dial] ([1] browsable assets)...
[2017.05.03-21.59.14:068][999]OBJ SavePackage: Finished generating thumbnails for package [/Game/VirtualRealityBP/Blueprints/Dial]
[2017.05.03-21.59.14:102][999]LogSavePackage: Save=27.94ms
[2017.05.03-21.59.14:102][999]LogSavePackage: Moving '../../../../../../Users/Diana/Documents/Unreal Projects/VRProject/Saved/Dial_Auto14B0CCD5340F6A1A84C46E18F03BF416A.tmp' to '../../../../../../Users/Diana/Documents/Unreal Projects/VRProject/Saved/Autosaves/Game/VirtualRealityBP/Blueprints/Dial_Auto1.uasset'
[2017.05.03-21.59.14:108][999]LogSavePackage:Display: Finished SavePackage ../../../../../../Users/Diana/Documents/Unreal Projects/VRProject/Saved/Autosaves/Game/VirtualRealityBP/Blueprints/Dial_Auto1.uasset
[2017.05.03-21.59.14:108][999]LogFileHelpers: Auto-saving content packages took 0.339
[2017.05.03-22.01.00:326][436]LogObjectTools:Warning: ForceReplaceReferences replaced references for a transient object 'Image_71' or package '/Engine/Transient'.
[2017.05.03-22.01.00:327][436]LogObjectTools:Warning: ForceReplaceReferences replaced references for a transient object 'Image_71' or package '/Engine/Transient'.
[2017.05.03-22.01.00:945][436]LogTemp:Display: Removed shader map 0x0000022CDE9A0100 from material 0x0000022CA269AE80
[2017.05.03-22.01.00:945][436]LogTemp:Display: Removed shader map 0x0000022D0B218480 from material 0x0000022CA269AE80
[2017.05.03-22.01.05:077][525]Cmd: TRANSACTION UNDO
[2017.05.03-22.01.05:077][525]LogEditorTransaction: Undo Select Brush Surface
[2017.05.03-22.01.10:868][615]Cmd: QUIT_EDITOR
[2017.05.03-22.01.11:065][615]LogWindowsTextInputMethodSystem:Display: IME system now deactivated.
[2017.05.03-22.01.11:065][615]LogWindowsTextInputMethodSystem:Display: IME system now deactivated.
[2017.05.03-22.01.11:179][615]LogExit: Preparing to exit.
[2017.05.03-22.01.12:043][615]LogDirectoryWatcher: A directory notification for 'C:/Users/Diana/Documents/Unreal Projects/VRProject/Content/' was aborted.
[2017.05.03-22.01.12:433][615]LogExit: Editor shut down
[2017.05.03-22.01.12:436][615]LogExit: Transaction tracking system shut down
[2017.05.03-22.01.13:336][615]LogObj: Freed 0b from 0 cluster array pools.
[2017.05.03-22.01.13:337][615]LogExit: Object subsystem successfully closed.
[2017.05.03-22.01.13:495][615]LogD3D11RHI: Shutdown
[2017.05.03-22.01.13:495][615]LogD3D11RHI: CleanupD3DDevice
[2017.05.03-22.01.14:621][615]LogD3D11RHI: ~FD3D11DynamicRHI
[2017.05.03-22.01.14:699][615]LogModuleManager: Shutting down and abandoning module HierarchicalLODUtilities (508)
[2017.05.03-22.01.14:699][615]LogModuleManager: Shutting down and abandoning module MaterialEditor (506)
[2017.05.03-22.01.14:699][615]LogModuleManager: Shutting down and abandoning module SequencerWidgets (504)
[2017.05.03-22.01.14:699][615]LogModuleManager: Shutting down and abandoning module BlueprintGraph (502)
[2017.05.03-22.01.14:699][615]LogModuleManager: Shutting down and abandoning module BlueprintProfiler (500)
[2017.05.03-22.01.14:699][615]LogModuleManager: Shutting down and abandoning module HierarchicalLODOutliner (498)
[2017.05.03-22.01.14:700][615]LogModuleManager: Shutting down and abandoning module CrashTracker (496)
[2017.05.03-22.01.14:700][615]LogModuleManager: Shutting down and abandoning module SceneOutliner (494)
[2017.05.03-22.01.14:700][615]LogModuleManager: Shutting down and abandoning module AddContentDialog (492)
[2017.05.03-22.01.14:700][615]LogDirectoryWatcher: A directory notification for 'C:/Program Files/Epic Games/UE_4.15/FeaturePacks/' was aborted.
[2017.05.03-22.01.14:721][615]LogModuleManager: Shutting down and abandoning module WidgetCarousel (491)
[2017.05.03-22.01.14:721][615]LogModuleManager: Shutting down and abandoning module EditorWidgets (488)
[2017.05.03-22.01.14:721][615]LogModuleManager: Shutting down and abandoning module CollectionManager (486)
[2017.05.03-22.01.14:722][615]LogDirectoryWatcher: A directory notification for 'C:/Users/Diana/Documents/Unreal Projects/VRProject/Content/Collections/' was aborted.
[2017.05.03-22.01.14:722][615]LogDirectoryWatcher: A directory notification for 'C:/Users/Diana/Documents/Unreal Projects/VRProject/Content/Developers/Diana/Collections/' was aborted.
[2017.05.03-22.01.14:722][615]LogDirectoryWatcher: A directory notification for 'C:/Users/Diana/Documents/Unreal Projects/VRProject/Saved/Collections/' was aborted.
[2017.05.03-22.01.14:722][615]LogModuleManager: Shutting down and abandoning module StatsViewer (484)
[2017.05.03-22.01.14:722][615]LogModuleManager: Shutting down and abandoning module FoliageEdit (482)
[2017.05.03-22.01.14:722][615]LogModuleManager: Shutting down and abandoning module LandscapeEditor (480)
[2017.05.03-22.01.14:723][615]LogModuleManager: Shutting down and abandoning module SceneDepthPickerMode (478)
[2017.05.03-22.01.14:723][615]LogModuleManager: Shutting down and abandoning module ActorPickerMode (476)
[2017.05.03-22.01.14:723][615]LogModuleManager: Shutting down and abandoning module GeometryMode (474)
[2017.05.03-22.01.14:723][615]LogModuleManager: Shutting down and abandoning module TextureAlignMode (472)
[2017.05.03-22.01.14:723][615]LogModuleManager: Shutting down and abandoning module BspMode (470)
[2017.05.03-22.01.14:723][615]LogModuleManager: Shutting down and abandoning module HardwareSurvey (468)
[2017.05.03-22.01.14:723][615]LogModuleManager: Shutting down and abandoning module SequenceRecorderSections (466)
[2017.05.03-22.01.14:723][615]LogModuleManager: Shutting down and abandoning module AutomationWorker (464)
[2017.05.03-22.01.14:723][615]LogModuleManager: Shutting down and abandoning module MatineeToLevelSequence (462)
[2017.05.03-22.01.14:723][615]LogModuleManager: Shutting down and abandoning module LevelSequenceEditor (460)
[2017.05.03-22.01.14:723][615]LogModuleManager: Shutting down and abandoning module PlacementMode (459)
[2017.05.03-22.01.14:723][615]LogModuleManager: Shutting down and abandoning module WmfMediaFactory (456)
[2017.05.03-22.01.14:724][615]LogModuleManager: Shutting down and abandoning module WmfMediaEditor (454)
[2017.05.03-22.01.14:724][615]LogModuleManager: Shutting down and abandoning module MfMediaFactory (452)
[2017.05.03-22.01.14:724][615]LogModuleManager: Shutting down and abandoning module MfMediaEditor (450)
[2017.05.03-22.01.14:724][615]LogModuleManager: Shutting down and abandoning module AvfMediaFactory (448)
[2017.05.03-22.01.14:724][615]LogModuleManager: Shutting down and abandoning module AvfMediaEditor (446)
[2017.05.03-22.01.14:724][615]LogModuleManager: Shutting down and abandoning module AndroidMediaFactory (444)
[2017.05.03-22.01.14:724][615]LogModuleManager: Shutting down and abandoning module Media (443)
[2017.05.03-22.01.14:724][615]LogModuleManager: Shutting down and abandoning module AndroidMediaEditor (440)
[2017.05.03-22.01.14:724][615]LogModuleManager: Shutting down and abandoning module CharacterAI (438)
[2017.05.03-22.01.14:724][615]LogModuleManager: Shutting down and abandoning module AudioCapture (436)
[2017.05.03-22.01.14:724][615]LogModuleManager: Shutting down and abandoning module SequenceRecorder (435)
[2017.05.03-22.01.14:724][615]LogModuleManager: Shutting down and abandoning module SmartSnapping (432)
[2017.05.03-22.01.14:724][615]LogModuleManager: Shutting down and abandoning module SessionServices (430)
[2017.05.03-22.01.14:724][615]LogModuleManager: Shutting down and abandoning module ViewportSnapping (428)
[2017.05.03-22.01.14:724][615]LogModuleManager: Shutting down and abandoning module ViewportInteraction (426)
[2017.05.03-22.01.14:724][615]LogModuleManager: Shutting down and abandoning module LogVisualizer (424)
[2017.05.03-22.01.14:724][615]LogModuleManager: Shutting down and abandoning module IntroTutorials (422)
[2017.05.03-22.01.14:724][615]LogModuleManager: Shutting down and abandoning module GameProjectGeneration (421)
[2017.05.03-22.01.14:724][615]LogModuleManager: Shutting down and abandoning module EditorLiveStreaming (418)
[2017.05.03-22.01.14:724][615]LogModuleManager: Shutting down and abandoning module IOSPlatformEditor (416)
[2017.05.03-22.01.14:725][615]LogModuleManager: Shutting down and abandoning module HTML5PlatformEditor (414)
[2017.05.03-22.01.14:725][615]LogModuleManager: Shutting down and abandoning module AndroidPlatformEditor (412)
[2017.05.03-22.01.14:725][615]LogModuleManager: Shutting down and abandoning module AndroidDeviceDetection (411)
[2017.05.03-22.01.15:623][615]LogModuleManager: Shutting down and abandoning module IOSRuntimeSettings (408)
[2017.05.03-22.01.15:623][615]LogModuleManager: Shutting down and abandoning module AndroidRuntimeSettings (406)
[2017.05.03-22.01.15:623][615]LogModuleManager: Shutting down and abandoning module InputBindingEditor (404)
[2017.05.03-22.01.15:623][615]LogModuleManager: Shutting down and abandoning module NiagaraEditor (402)
[2017.05.03-22.01.15:623][615]LogModuleManager: Shutting down and abandoning module MergeActors (400)
[2017.05.03-22.01.15:623][615]LogModuleManager: Shutting down and abandoning module SizeMap (398)
[2017.05.03-22.01.15:623][615]LogModuleManager: Shutting down and abandoning module TreeMap (396)
[2017.05.03-22.01.15:623][615]LogModuleManager: Shutting down and abandoning module ReferenceViewer (394)
[2017.05.03-22.01.15:623][615]LogModuleManager: Shutting down and abandoning module LocalizationDashboard (392)
[2017.05.03-22.01.15:623][615]LogModuleManager: Shutting down and abandoning module LocalizationService (391)
[2017.05.03-22.01.15:623][615]LogModuleManager: Shutting down and abandoning module HardwareTargeting (388)
[2017.05.03-22.01.15:623][615]LogModuleManager: Shutting down and abandoning module DeviceProfileEditor (386)
[2017.05.03-22.01.15:624][615]LogModuleManager: Shutting down and abandoning module UndoHistory (384)
[2017.05.03-22.01.15:624][615]LogModuleManager: Shutting down and abandoning module UserFeedback (382)
[2017.05.03-22.01.15:624][615]LogModuleManager: Shutting down and abandoning module XmlParser (380)
[2017.05.03-22.01.15:624][615]LogModuleManager: Shutting down and abandoning module Blutility (378)
[2017.05.03-22.01.15:624][615]LogModuleManager: Shutting down and abandoning module ProjectSettingsViewer (376)
[2017.05.03-22.01.15:624][615]LogModuleManager: Shutting down and abandoning module ProjectTargetPlatformEditor (375)
[2017.05.03-22.01.15:626][615]LogModuleManager: Shutting down and abandoning module EditorSettingsViewer (372)
[2017.05.03-22.01.15:626][615]LogModuleManager: Shutting down and abandoning module SettingsEditor (370)
[2017.05.03-22.01.15:626][615]LogModuleManager: Shutting down and abandoning module ProjectLauncher (368)
[2017.05.03-22.01.15:626][615]LogModuleManager: Shutting down and abandoning module SessionFrontend (366)
[2017.05.03-22.01.15:626][615]LogModuleManager: Shutting down and abandoning module ProfilerClient (364)
[2017.05.03-22.01.15:626][615]LogModuleManager: Shutting down and abandoning module DeviceManager (362)
[2017.05.03-22.01.15:627][615]LogModuleManager: Shutting down and abandoning module TargetDeviceServices (361)
[2017.05.03-22.01.15:684][615]LogModuleManager: Shutting down and abandoning module AutomationController (358)
[2017.05.03-22.01.15:684][615]LogModuleManager: Shutting down and abandoning module AutomationWindow (356)
[2017.05.03-22.01.15:684][615]LogModuleManager: Shutting down and abandoning module Layers (354)
[2017.05.03-22.01.15:684][615]LogModuleManager: Shutting down and abandoning module ComponentVisualizers (352)
[2017.05.03-22.01.15:684][615]LogModuleManager: Shutting down and abandoning module DetailCustomizations (350)
[2017.05.03-22.01.15:684][615]LogModuleManager: Shutting down and abandoning module PackagesDialog (348)
[2017.05.03-22.01.15:685][615]LogModuleManager: Shutting down and abandoning module Persona (346)
[2017.05.03-22.01.15:685][615]LogModuleManager: Shutting down and abandoning module AnimGraph (345)
[2017.05.03-22.01.15:685][615]LogModuleManager: Shutting down and abandoning module Kismet (342)
[2017.05.03-22.01.15:704][615]LogModuleManager: Shutting down and abandoning module GraphEditor (340)
[2017.05.03-22.01.15:705][615]LogModuleManager: Shutting down and abandoning module ClassViewer (338)
[2017.05.03-22.01.15:705][615]LogModuleManager: Shutting down and abandoning module Toolbox (336)
[2017.05.03-22.01.15:705][615]LogModuleManager: Shutting down and abandoning module ModuleUI (334)
[2017.05.03-22.01.15:705][615]LogModuleManager: Shutting down and abandoning module MovieSceneTools (332)
[2017.05.03-22.01.15:705][615]LogModuleManager: Shutting down and abandoning module OutputLog (330)
[2017.05.03-22.01.15:705][615]LogModuleManager: Shutting down and abandoning module GammaUI (328)
[2017.05.03-22.01.15:705][615]LogModuleManager: Shutting down and abandoning module Documentation (326)
[2017.05.03-22.01.15:705][615]LogModuleManager: Shutting down and abandoning module Niagara (324)
[2017.05.03-22.01.15:705][615]LogModuleManager: Shutting down and abandoning module StreamingPauseRendering (322)
[2017.05.03-22.01.15:705][615]LogModuleManager: Shutting down and abandoning module AnalyticsET (320)
[2017.05.03-22.01.15:705][615]LogModuleManager: Shutting down and abandoning module PortalServices (318)
[2017.05.03-22.01.15:705][615]LogModuleManager: Shutting down and abandoning module PortalRpc (316)
[2017.05.03-22.01.15:705][615]LogModuleManager: Shutting down and abandoning module MessagingRpc (314)
[2017.05.03-22.01.15:705][615]LogModuleManager: Shutting down and abandoning module AIModule (312)
[2017.05.03-22.01.15:706][615]LogModuleManager: Shutting down and abandoning module GameplayDebugger (311)
[2017.05.03-22.01.15:706][615]LogModuleManager: Shutting down and abandoning module AITestSuite (309)
[2017.05.03-22.01.15:706][615]LogModuleManager: Shutting down and abandoning module ProfilerService (306)
[2017.05.03-22.01.15:714][615]LogModuleManager: Shutting down and abandoning module TaskGraph (304)
[2017.05.03-22.01.15:714][615]LogModuleManager: Shutting down and abandoning module SteamVRController (302)
[2017.05.03-22.01.15:714][615]LogModuleManager: Shutting down and abandoning module SteamVR (300)
[2017.05.03-22.01.15:714][615]LogModuleManager: Shutting down and abandoning module ProceduralMeshComponentEditor (298)
[2017.05.03-22.01.15:714][615]LogModuleManager: Shutting down and abandoning module ProceduralMeshComponent (296)
[2017.05.03-22.01.15:714][615]LogModuleManager: Shutting down and abandoning module OculusLibrary (294)
[2017.05.03-22.01.15:714][615]LogModuleManager: Shutting down and abandoning module OculusInput (292)
[2017.05.03-22.01.15:714][615]LogModuleManager: Shutting down and abandoning module MobilePatchingUtils (290)
[2017.05.03-22.01.15:714][615]LogModuleManager: Shutting down and abandoning module CustomMeshComponent (288)
[2017.05.03-22.01.15:714][615]LogModuleManager: Shutting down and abandoning module CableComponent (286)
[2017.05.03-22.01.15:715][615]LogModuleManager: Shutting down and abandoning module ArchVisCharacter (284)
[2017.05.03-22.01.15:715][615]LogModuleManager: Shutting down and abandoning module MediaPlayerEditor (280)
[2017.05.03-22.01.15:715][615]LogModuleManager: Shutting down and abandoning module HTML5Networking (278)
[2017.05.03-22.01.15:715][615]LogModuleManager: Shutting down and abandoning module AlembicImporter (276)
[2017.05.03-22.01.15:715][615]LogModuleManager: Shutting down and abandoning module AlembicLibrary (275)
[2017.05.03-22.01.15:715][615]LogModuleManager: Shutting down and abandoning module GeometryCache (274)
[2017.05.03-22.01.15:715][615]LogModuleManager: Shutting down and abandoning module GeometryCacheEd (273)
[2017.05.03-22.01.15:715][615]LogModuleManager: Shutting down and abandoning module SuperSearchEditor (268)
[2017.05.03-22.01.15:715][615]LogModuleManager: Shutting down and abandoning module SuperSearch (267)
[2017.05.03-22.01.15:715][615]LogModuleManager: Shutting down and abandoning module SpeedTreeImporter (264)
[2017.05.03-22.01.15:715][615]LogModuleManager: Shutting down and abandoning module PluginBrowser (262)
[2017.05.03-22.01.15:715][615]LogModuleManager: Shutting down and abandoning module MobileLauncherProfileWizard (260)
[2017.05.03-22.01.15:715][615]LogModuleManager: Shutting down and abandoning module EpicSurvey (258)
[2017.05.03-22.01.15:716][615]LogModuleManager: Shutting down and abandoning module VisualStudioSourceCodeAccess (256)
[2017.05.03-22.01.15:716][615]LogModuleManager: Shutting down and abandoning module DesktopPlatform (255)
[2017.05.03-22.01.15:716][615]LogModuleManager: Shutting down and abandoning module UObjectPlugin (252)
[2017.05.03-22.01.15:716][615]LogModuleManager: Shutting down and abandoning module SubversionSourceControl (250)
[2017.05.03-22.01.15:716][615]LogModuleManager: Shutting down and abandoning module PerforceSourceControl (248)
[2017.05.03-22.01.15:716][615]LogModuleManager: Shutting down and abandoning module GitSourceControl (246)
[2017.05.03-22.01.15:716][615]LogModuleManager: Shutting down and abandoning module SourceControl (245)
[2017.05.03-22.01.15:716][615]LogModuleManager: Shutting down and abandoning module LightPropagationVolumeEditor (242)
[2017.05.03-22.01.15:716][615]LogModuleManager: Shutting down and abandoning module PaperTiledImporter (240)
[2017.05.03-22.01.15:716][615]LogModuleManager: Shutting down and abandoning module PaperSpriteSheetImporter (238)
[2017.05.03-22.01.15:716][615]LogModuleManager: Shutting down and abandoning module Paper2DEditor (236)
[2017.05.03-22.01.15:716][615]LogModuleManager: Shutting down and abandoning module MeshPaint (235)
[2017.05.03-22.01.15:716][615]LogModuleManager: Shutting down and abandoning module LevelEditor (233)
[2017.05.03-22.01.15:721][615]LogModuleManager: Shutting down and abandoning module PixelInspectorModule (232)
[2017.05.03-22.01.15:721][615]LogModuleManager: Shutting down and abandoning module MainFrame (230)
[2017.05.03-22.01.15:721][615]LogModuleManager: Shutting down and abandoning module HotReload (229)
[2017.05.03-22.01.15:723][615]LogModuleManager: Shutting down and abandoning module ContentBrowser (225)
[2017.05.03-22.01.15:729][615]LogModuleManager: Shutting down and abandoning module PhysXVehiclesEditor (222)
[2017.05.03-22.01.15:729][615]LogModuleManager: Shutting down and abandoning module PhysXVehicles (220)
[2017.05.03-22.01.15:729][615]LogModuleManager: Shutting down and abandoning module LocationServicesBPLibrary (218)
[2017.05.03-22.01.15:729][615]LogModuleManager: Shutting down and abandoning module UdpMessaging (216)
[2017.05.03-22.01.15:829][615]LogModuleManager: Shutting down and abandoning module TcpMessaging (214)
[2017.05.03-22.01.15:930][615]LogModuleManager: Shutting down and abandoning module GameplayTagsEditor (212)
[2017.05.03-22.01.15:930][615]LogModuleManager: Shutting down and abandoning module FacialAnimationEditor (210)
[2017.05.03-22.01.15:930][615]LogModuleManager: Shutting down and abandoning module FacialAnimation (208)
[2017.05.03-22.01.15:930][615]LogModuleManager: Shutting down and abandoning module LightPropagationVolumeRuntime (206)
[2017.05.03-22.01.15:930][615]LogModuleManager: Shutting down and abandoning module Paper2D (204)
[2017.05.03-22.01.15:930][615]LogModuleManager: Shutting down and abandoning module WindowsMoviePlayer (202)
[2017.05.03-22.01.15:930][615]LogModuleManager: Shutting down and abandoning module WmfMedia (200)
[2017.05.03-22.01.15:931][615]LogModuleManager: Shutting down and abandoning module MfMedia (198)
[2017.05.03-22.01.15:931][615]LogModuleManager: Shutting down and abandoning module MediaAssets (196)
[2017.05.03-22.01.15:931][615]LogModuleManager: Shutting down and abandoning module GameLiveStreaming (194)
[2017.05.03-22.01.15:931][615]LogModuleManager: Shutting down and abandoning module VREditor (192)
[2017.05.03-22.01.15:931][615]LogModuleManager: Shutting down and abandoning module GameplayTasksEditor (190)
[2017.05.03-22.01.15:931][615]LogModuleManager: Shutting down and abandoning module BehaviorTreeEditor (188)
[2017.05.03-22.01.15:931][615]LogModuleManager: Shutting down and abandoning module FunctionalTesting (186)
[2017.05.03-22.01.15:931][615]LogModuleManager: Shutting down and abandoning module CollisionAnalyzer (184)
[2017.05.03-22.01.15:931][615]LogModuleManager: Shutting down and abandoning module UMG (182)
[2017.05.03-22.01.15:931][615]LogModuleManager: Shutting down and abandoning module UMGEditor (181)
[2017.05.03-22.01.15:932][615]LogModuleManager: Shutting down and abandoning module Sequencer (180)
[2017.05.03-22.01.15:932][615]LogModuleManager: Shutting down and abandoning module AssetTools (178)
[2017.05.03-22.01.15:932][615]LogModuleManager: Shutting down and abandoning module MessageLog (177)
[2017.05.03-22.01.15:932][615]LogModuleManager: Shutting down and abandoning module WorkspaceMenuStructure (176)
[2017.05.03-22.01.15:932][615]LogModuleManager: Shutting down and abandoning module SlateReflector (170)
[2017.05.03-22.01.15:932][615]LogModuleManager: Shutting down and abandoning module Slate (168)
[2017.05.03-22.01.15:932][615]LogModuleManager: Shutting down and abandoning module EditorStyle (166)
[2017.05.03-22.01.15:943][615]LogModuleManager: Shutting down and abandoning module SourceCodeAccess (164)
[2017.05.03-22.01.15:943][615]LogModuleManager: Shutting down and abandoning module HeadMountedDisplay (162)
[2017.05.03-22.01.15:943][615]LogModuleManager: Shutting down and abandoning module XAudio2 (160)
[2017.05.03-22.01.15:943][615]LogModuleManager: Shutting down and abandoning module Networking (158)
[2017.05.03-22.01.15:944][615]LogModuleManager: Shutting down and abandoning module Core (154)
[2017.05.03-22.01.15:944][615]LogModuleManager: Shutting down and abandoning module AssetRegistry (152)
[2017.05.03-22.01.16:359][615]LogDirectoryWatcher: A directory notification for '../../../Engine/Content/' was aborted.
[2017.05.03-22.01.16:360][615]LogDirectoryWatcher: A directory notification for '../../../../../../Users/Diana/Documents/Unreal Projects/VRProject/Content/' was aborted.
[2017.05.03-22.01.16:360][615]LogDirectoryWatcher: A directory notification for '../../../Engine/Plugins/2D/Paper2D/Content/' was aborted.
[2017.05.03-22.01.16:361][615]LogModuleManager: Shutting down and abandoning module DirectoryWatcher (151)
[2017.05.03-22.01.16:388][615]LogModuleManager: Shutting down and abandoning module KismetCompiler (148)
[2017.05.03-22.01.16:388][615]LogModuleManager: Shutting down and abandoning module PhysXFormats (146)
[2017.05.03-22.01.16:388][615]LogModuleManager: Shutting down and abandoning module MeshUtilities (144)
[2017.05.03-22.01.16:388][615]LogModuleManager: Shutting down and abandoning module SimplygonSwarm (143)
[2017.05.03-22.01.16:389][615]LogModuleManager: Shutting down and abandoning module SimplygonMeshReduction (141)
[2017.05.03-22.01.16:389][615]LogModuleManager: Shutting down and abandoning module QuadricMeshReduction (139)
[2017.05.03-22.01.16:389][615]LogModuleManager: Shutting down and abandoning module PropertyEditor (137)
[2017.05.03-22.01.16:389][615]LogModuleManager: Shutting down and abandoning module DerivedDataCache (134)
[2017.05.03-22.01.16:446][615]LogDerivedDataCache: Shutdown
[2017.05.03-22.01.16:446][615]LogModuleManager: Shutting down and abandoning module TargetPlatform (132)
[2017.05.03-22.01.16:447][615]LogModuleManager: Shutting down and abandoning module VulkanShaderFormat (131)
[2017.05.03-22.01.16:447][615]LogModuleManager: Shutting down and abandoning module ShaderFormatOpenGL (129)
[2017.05.03-22.01.16:447][615]LogModuleManager: Shutting down and abandoning module ShaderFormatD3D (127)
[2017.05.03-22.01.16:447][615]LogModuleManager: Shutting down and abandoning module MetalShaderFormat (125)
[2017.05.03-22.01.16:447][615]LogModuleManager: Shutting down and abandoning module TextureFormatUncompressed (123)
[2017.05.03-22.01.16:448][615]LogModuleManager: Shutting down and abandoning module TextureFormatPVR (121)
[2017.05.03-22.01.16:448][615]LogModuleManager: Shutting down and abandoning module TextureFormatDXT (119)
[2017.05.03-22.01.16:448][615]LogModuleManager: Shutting down and abandoning module TextureFormatIntelISPCTexComp (117)
[2017.05.03-22.01.16:448][615]LogModuleManager: Shutting down and abandoning module TextureFormatASTC (115)
[2017.05.03-22.01.16:448][615]LogModuleManager: Shutting down and abandoning module ImageWrapper (114)
[2017.05.03-22.01.16:448][615]LogModuleManager: Shutting down and abandoning module TextureFormatAndroid (111)
[2017.05.03-22.01.16:448][615]LogModuleManager: Shutting down and abandoning module AudioFormatOpus (109)
[2017.05.03-22.01.16:449][615]LogModuleManager: Shutting down and abandoning module AudioFormatOgg (107)
[2017.05.03-22.01.16:449][615]LogModuleManager: Shutting down and abandoning module AudioFormatADPCM (105)
[2017.05.03-22.01.16:449][615]LogModuleManager: Shutting down and abandoning module LinuxTargetPlatform (103)
[2017.05.03-22.01.16:449][615]LogModuleManager: Shutting down and abandoning module LinuxServerTargetPlatform (101)
[2017.05.03-22.01.16:449][615]LogModuleManager: Shutting down and abandoning module LinuxNoEditorTargetPlatform (99)
[2017.05.03-22.01.16:449][615]LogModuleManager: Shutting down and abandoning module LinuxClientTargetPlatform (97)
[2017.05.03-22.01.16:449][615]LogModuleManager: Shutting down and abandoning module TVOSTargetPlatform (95)
[2017.05.03-22.01.16:449][615]LogModuleManager: Shutting down and abandoning module Messaging (93)
[2017.05.03-22.01.16:450][615]LogModuleManager: Shutting down and abandoning module IOSTargetPlatform (91)
[2017.05.03-22.01.16:450][615]LogModuleManager: Shutting down and abandoning module HTML5TargetPlatform (89)
[2017.05.03-22.01.16:450][615]LogModuleManager: Shutting down and abandoning module Android_PVRTCTargetPlatform (87)
[2017.05.03-22.01.16:450][615]LogModuleManager: Shutting down and abandoning module Android_MultiTargetPlatform (85)
[2017.05.03-22.01.16:450][615]LogModuleManager: Shutting down and abandoning module Android_ETC2TargetPlatform (83)
[2017.05.03-22.01.16:450][615]LogModuleManager: Shutting down and abandoning module Android_ETC1TargetPlatform (81)
[2017.05.03-22.01.16:450][615]LogModuleManager: Shutting down and abandoning module Android_DXTTargetPlatform (79)
[2017.05.03-22.01.16:450][615]LogModuleManager: Shutting down and abandoning module Android_ATCTargetPlatform (77)
[2017.05.03-22.01.16:450][615]LogModuleManager: Shutting down and abandoning module Android_ASTCTargetPlatform (75)
[2017.05.03-22.01.16:450][615]LogModuleManager: Shutting down and abandoning module AndroidTargetPlatform (73)
[2017.05.03-22.01.16:450][615]LogModuleManager: Shutting down and abandoning module WindowsTargetPlatform (71)
[2017.05.03-22.01.16:451][615]LogModuleManager: Shutting down and abandoning module WindowsServerTargetPlatform (69)
[2017.05.03-22.01.16:451][615]LogModuleManager: Shutting down and abandoning module WindowsNoEditorTargetPlatform (67)
[2017.05.03-22.01.16:451][615]LogModuleManager: Shutting down and abandoning module WindowsClientTargetPlatform (65)
[2017.05.03-22.01.16:451][615]LogModuleManager: Shutting down and abandoning module MacTargetPlatform (63)
[2017.05.03-22.01.16:451][615]LogModuleManager: Shutting down and abandoning module MacServerTargetPlatform (61)
[2017.05.03-22.01.16:451][615]LogModuleManager: Shutting down and abandoning module MacNoEditorTargetPlatform (59)
[2017.05.03-22.01.16:451][615]LogModuleManager: Shutting down and abandoning module MacClientTargetPlatform (57)
[2017.05.03-22.01.16:451][615]LogModuleManager: Shutting down and abandoning module AllDesktopTargetPlatform (55)
[2017.05.03-22.01.16:451][615]LogModuleManager: Shutting down and abandoning module InputCore (52)
[2017.05.03-22.01.16:451][615]LogModuleManager: Shutting down and abandoning module Settings (50)
[2017.05.03-22.01.16:452][615]LogModuleManager: Shutting down and abandoning module OculusRift (48)
[2017.05.03-22.01.16:452][615]LogModuleManager: Shutting down and abandoning module GearVR (46)
[2017.05.03-22.01.16:452][615]LogModuleManager: Shutting down and abandoning module ExampleDeviceProfileSelector (44)
[2017.05.03-22.01.16:452][615]LogModuleManager: Shutting down and abandoning module OnlineBlueprintSupport (42)
[2017.05.03-22.01.16:452][615]LogModuleManager: Shutting down and abandoning module OnlineSubsystem (38)
[2017.05.03-22.01.16:452][615]LogOnline:Display: Unloading online subsystem: NULL
[2017.05.03-22.01.16:452][615]LogModuleManager: Shutting down and abandoning module XMPP (37)
[2017.05.03-22.01.16:453][615]LogModuleManager: Shutting down and abandoning module HTTP (35)
[2017.05.03-22.01.16:453][615]LogHttp:Display: Http module shutting down, but needs to wait on 1 outstanding Http requests:
[2017.05.03-22.01.16:453][615]LogHttp:Display: 	verb=[POST] url=[https://datarouter.ol.epicgames.com/datarouter/api/v1/public/data?SessionID=%7B2CA7C96B-47CF-3B22-0530-D0A0E93B0A32%7D&AppID=UEEditor.Rocket.Release&AppVersion=4.15.1-3348071%2B%2B%2BUE4%2BRelease-4.15&UserID=cb8839d540d79ab94dbbc1bd69bca4a9%7C76af52a5f346444c9388d86a7c9020ba%7Ca6b9ed94-4e2a-4c8f-9d68-f2da495617d5&AppEnvironment=datacollector-binary&UploadType=eteventstream] status=Processing
[2017.05.03-22.01.16:462][615]LogModuleManager: Shutting down and abandoning module SSL (34)
[2017.05.03-22.01.16:474][615]LogModuleManager: Shutting down and abandoning module AudioEditor (30)
[2017.05.03-22.01.16:474][615]LogModuleManager: Shutting down and abandoning module TextureCompressor (28)
[2017.05.03-22.01.16:475][615]LogModuleManager: Shutting down and abandoning module ShaderCore (26)
[2017.05.03-22.01.16:475][615]LogModuleManager: Shutting down and abandoning module Landscape (24)
[2017.05.03-22.01.16:475][615]LogModuleManager: Shutting down and abandoning module SlateRHIRenderer (22)
[2017.05.03-22.01.16:530][615]LogModuleManager: Shutting down and abandoning module OpenGLDrv (20)
[2017.05.03-22.01.16:530][615]LogModuleManager: Shutting down and abandoning module D3D11RHI (18)
[2017.05.03-22.01.16:530][615]LogModuleManager: Shutting down and abandoning module AnimGraphRuntime (16)
[2017.05.03-22.01.16:530][615]LogModuleManager: Shutting down and abandoning module Renderer (14)
[2017.05.03-22.01.16:531][615]LogModuleManager: Shutting down and abandoning module Engine (12)
[2017.05.03-22.01.16:531][615]LogModuleManager: Shutting down and abandoning module CoreUObject (10)
[2017.05.03-22.01.16:531][615]LogModuleManager: Shutting down and abandoning module NetworkFile (8)
[2017.05.03-22.01.16:531][615]LogModuleManager: Shutting down and abandoning module StreamingFile (6)
[2017.05.03-22.01.16:531][615]LogModuleManager: Shutting down and abandoning module SandboxFile (4)
[2017.05.03-22.01.16:531][615]LogModuleManager: Shutting down and abandoning module PakFile (2)
[2017.05.03-22.01.16:542][615]LogExit: Exiting.
[2017.05.03-22.01.16:619][615]Log file closed, 05/03/17 15:01:16
