Log file open, 05/03/17 17:37:44
LogInit:Display: Running engine for game: VRProject
LogPlatformFile: Not using cached read wrapper
LogInit:Display: RandInit(1085390736) SRandInit(1085390736).
LogTaskGraph: Started task graph with 5 named threads and 6 total threads with 1 sets of task threads.
LogStats: Stats thread started at 0.215502
LogInit: Using libcurl 7.47.1
LogInit:  - built for x86_64-pc-win32
LogInit:  - supports SSL with OpenSSL/1.0.2g
LogInit:  - supports HTTP deflate (compression) using libz 1.2.8
LogInit:  - other features:
LogInit:      CURL_VERSION_SSL
LogInit:      CURL_VERSION_LIBZ
LogInit:      CURL_VERSION_IPV6
LogInit:      CURL_VERSION_ASYNCHDNS
LogInit:      CURL_VERSION_LARGEFILE
LogInit:      CURL_VERSION_IDN
LogInit:  CurlRequestOptions (configurable via config and command line):
LogInit:  - bVerifyPeer = false  - Libcurl will NOT verify peer certificate
LogInit:  - bUseHttpProxy = false  - Libcurl will NOT use HTTP proxy
LogInit:  - bDontReuseConnections = false  - Libcurl will reuse connections
LogInit:  - CertBundlePath = nullptr  - Libcurl will use whatever was configured at build time.
LogInit: Build: ++UE4+Release-4.15-CL-3348071
LogInit: Engine Version: 4.15.1-3348071+++UE4+Release-4.15
LogInit: Compatible Engine Version: 4.15.0-3299760+++UE4+Release-4.15
LogInit: Net CL: 3299760
LogDevObjectVersion: Number of dev versions registered: 14
LogDevObjectVersion:   Dev-Blueprints (B0D832E4-1F89-4F0D-ACCF-7EB736FD4AA2): 8
LogDevObjectVersion:   Dev-Build (E1C64328-A22C-4D53-A36C-8E866417BD8C): 0
LogDevObjectVersion:   Dev-Core (375EC13C-06E4-48FB-B500-84F0262A717E): 2
LogDevObjectVersion:   Dev-Editor (E4B068ED-F494-42E9-A231-DA0B2E46BB41): 14
LogDevObjectVersion:   Dev-Framework (CFFC743F-43B0-4480-9391-14DF171D2073): 22
LogDevObjectVersion:   Dev-Mobile (B02B49B5-BB20-44E9-A304-32B752E40360): 0
LogDevObjectVersion:   Dev-Networking (A4E4105C-59A1-49B5-A7C5-40C4547EDFEE): 0
LogDevObjectVersion:   Dev-Online (39C831C9-5AE6-47DC-9A44-9C173E1C8E7C): 0
LogDevObjectVersion:   Dev-Physics (78F01B33-EBEA-4F98-B9B4-84EACCB95AA2): 0
LogDevObjectVersion:   Dev-Platform (6631380F-2D4D-43E0-8009-CF276956A95A): 0
LogDevObjectVersion:   Dev-Rendering (12F88B9F-8875-4AFC-A67C-D90C383ABD29): 12
LogDevObjectVersion:   Dev-Sequencer (7B5AE74C-D270-4C10-A958-57980B212A5A): 3
LogDevObjectVersion:   Dev-VR (D7296918-1DD6-4BDD-9DE2-64A83CC13884): 0
LogDevObjectVersion:   Dev-LoadTimes (C2A15278-BFE7-4AFE-6C17-90FF531DF755): 1
LogInit: Compiled (64-bit): Mar 15 2017 16:52:47
LogInit: Compiled with Visual C++: 19.00.23026.00
LogInit: Build Configuration: Development
LogInit: Branch Name: ++UE4+Release-4.15
LogInit: Command line: 
LogInit: Base directory: C:/Program Files/Epic Games/UE_4.15/Engine/Binaries/Win64/
LogInit: Installed Engine Build: 1
LogInit: Presizing for max 8388607 objects, including 0 objects not considered by GC, pre-allocating 0 bytes for permanent pool.
LogInit: Object subsystem initialized
[2017.05.04-00.37.47:799][  0]LogConsoleManager:Display: Setting the console variable 'r.RHICmdBypass' with 'SetByProjectSetting' was ignored as it is lower priority than the previous 'SetBySystemSettingsIni'. Value remains '1'
[2017.05.04-00.37.47:811][  0]LogInit: Selected Device Profile: [Windows]
[2017.05.04-00.37.47:811][  0]LogInit: Applying CVar settings loaded from the selected device profile: [Windows]
[2017.05.04-00.37.47:849][  0]LogInit: Computer: LENOVO-PC
[2017.05.04-00.37.47:849][  0]LogInit: User: Diana
[2017.05.04-00.37.47:849][  0]LogInit: CPU Page size=65536, Cores=2
[2017.05.04-00.37.47:849][  0]LogInit: High frequency timer resolution =2.533192 MHz
[2017.05.04-00.37.47:850][  0]LogMemory: Memory total: Physical=7.9GB (8GB approx)
[2017.05.04-00.37.47:850][  0]LogMemory: Platform Memory Stats for Windows
[2017.05.04-00.37.47:850][  0]LogMemory: Process Physical Memory: 263.25 MB used, 263.25 MB peak
[2017.05.04-00.37.47:850][  0]LogMemory: Process Virtual Memory: 262.56 MB used, 262.56 MB peak
[2017.05.04-00.37.47:850][  0]LogMemory: Physical Memory: 5226.36 MB used,  2877.91 MB free, 8104.27 MB total
[2017.05.04-00.37.47:850][  0]LogMemory: Virtual Memory: 643.25 MB used,  2877.91 MB free, 134217728.00 MB total
[2017.05.04-00.37.48:203][  0]LogTextLocalizationManager: No specific translations for ('en-US') exist, so ('en') translations will be used.
[2017.05.04-00.37.50:998][  0]LogD3D11RHI: D3D11 adapters:
[2017.05.04-00.37.51:024][  0]LogD3D11RHI:    0. 'Intel(R) HD Graphics Family' (Feature Level 11_0)
[2017.05.04-00.37.51:024][  0]LogD3D11RHI:       112/0/2048 MB DedicatedVideo/DedicatedSystem/SharedSystem, Outputs:1, VendorId:0x8086
[2017.05.04-00.37.51:029][  0]LogD3D11RHI:    1. 'Microsoft Basic Render Driver' (Feature Level 11_0)
[2017.05.04-00.37.51:030][  0]LogD3D11RHI:       0/0/4052 MB DedicatedVideo/DedicatedSystem/SharedSystem, Outputs:0, VendorId:0x1414
[2017.05.04-00.37.51:030][  0]LogD3D11RHI: Chosen D3D11 Adapter: 0
[2017.05.04-00.37.51:048][  0]LogD3D11RHI: Creating new Direct3DDevice
[2017.05.04-00.37.51:049][  0]LogD3D11RHI:     GPU DeviceId: 0xa16 (for the marketing name, search the web for "GPU Device Id")
[2017.05.04-00.37.51:049][  0]LogWindows: EnumDisplayDevices:
[2017.05.04-00.37.51:049][  0]LogWindows:    0. 'Intel(R) HD Graphics Family' (P:1 D:1)
[2017.05.04-00.37.51:050][  0]LogWindows:    1. 'Intel(R) HD Graphics Family' (P:0 D:0)
[2017.05.04-00.37.51:050][  0]LogWindows:    2. 'Intel(R) HD Graphics Family' (P:0 D:0)
[2017.05.04-00.37.51:052][  0]LogWindows: DebugString: FoundDriverCount:3 
[2017.05.04-00.37.51:052][  0]LogD3D11RHI:     Adapter Name: Intel(R) HD Graphics Family
[2017.05.04-00.37.51:052][  0]LogD3D11RHI:   Driver Version: 10.18.15.4279 (internal:10.18.15.4279, unified:10.18.15.4279)
[2017.05.04-00.37.51:052][  0]LogD3D11RHI:      Driver Date: 8-24-2015
[2017.05.04-00.37.51:052][  0]LogRHI: Texture pool is 795 MB (70% of 1136 MB)
[2017.05.04-00.37.51:068][  0]LogD3D11RHI: Async texture creation enabled
[2017.05.04-00.37.51:085][  0]LogD3D11RHI: GPU Timing Frequency: 12.500000 (Debug: 2 0)
[2017.05.04-00.37.51:087][  0]LogShaderCompilers: Guid format shader working directory is -32 characters bigger than the processId version (../../../../../../Users/Diana/Documents/Unreal Projects/VR-UW/Diana/VRProject/Intermediate/Shaders/WorkingDirectory/16264/).
[2017.05.04-00.37.51:087][  0]LogShaderCompilers: Cleaned the shader compiler working directory 'C:/Users/Diana/AppData/Local/Temp/UnrealShaderWorkingDir/31854A7F447C25B8C68A84967025E1F7/'.
[2017.05.04-00.37.51:087][  0]LogShaderCompilers:Display: Using Local Shader Compiler.
[2017.05.04-00.37.56:563][  0]LogTemp:Display: Loaded TP AllDesktopTargetPlatform
[2017.05.04-00.37.56:865][  0]LogTemp:Display: Loaded TP MacClientTargetPlatform
[2017.05.04-00.37.57:175][  0]LogTemp:Display: Loaded TP MacNoEditorTargetPlatform
[2017.05.04-00.37.57:459][  0]LogTemp:Display: Loaded TP MacServerTargetPlatform
[2017.05.04-00.37.57:762][  0]LogTemp:Display: Loaded TP MacTargetPlatform
[2017.05.04-00.37.58:042][  0]LogTemp:Display: Loaded TP WindowsClientTargetPlatform
[2017.05.04-00.37.58:325][  0]LogTemp:Display: Loaded TP WindowsNoEditorTargetPlatform
[2017.05.04-00.37.58:603][  0]LogTemp:Display: Loaded TP WindowsServerTargetPlatform
[2017.05.04-00.37.58:845][  0]LogTemp:Display: Loaded TP WindowsTargetPlatform
[2017.05.04-00.37.59:121][  0]LogTemp:Display: Loaded TP AndroidTargetPlatform
[2017.05.04-00.37.59:397][  0]LogTemp:Display: Loaded TP Android_ASTCTargetPlatform
[2017.05.04-00.37.59:671][  0]LogTemp:Display: Loaded TP Android_ATCTargetPlatform
[2017.05.04-00.37.59:956][  0]LogTemp:Display: Loaded TP Android_DXTTargetPlatform
[2017.05.04-00.38.00:241][  0]LogTemp:Display: Loaded TP Android_ETC1TargetPlatform
[2017.05.04-00.38.00:517][  0]LogTemp:Display: Loaded TP Android_ETC2TargetPlatform
[2017.05.04-00.38.01:241][  0]LogTemp:Display: Loaded TP Android_MultiTargetPlatform
[2017.05.04-00.38.01:241][  0]LogTemp:Display: Loaded TP Android_PVRTCTargetPlatform
[2017.05.04-00.38.01:523][  0]LogTemp:Display: Loaded TP HTML5TargetPlatform
[2017.05.04-00.38.02:130][  0]LogTemp:Display: Loaded TP IOSTargetPlatform
[2017.05.04-00.38.02:401][  0]LogTemp:Display: Loaded TP TVOSTargetPlatform
[2017.05.04-00.38.02:708][  0]LogTemp:Display: Loaded TP LinuxClientTargetPlatform
[2017.05.04-00.38.02:992][  0]LogTemp:Display: Loaded TP LinuxNoEditorTargetPlatform
[2017.05.04-00.38.03:264][  0]LogTemp:Display: Loaded TP LinuxServerTargetPlatform
[2017.05.04-00.38.03:539][  0]LogTemp:Display: Loaded TP LinuxTargetPlatform
[2017.05.04-00.38.03:539][  0]LogTargetPlatformManager:Display: Building Assets For Windows
[2017.05.04-00.38.05:830][  0]LogDerivedDataCache:Display: Max Cache Size: 512 MB
[2017.05.04-00.38.06:065][  0]LogDerivedDataCache: Loaded boot cache 0.23s 61MB C:/Users/Diana/AppData/Local/UnrealEngine/4.15/DerivedDataCache/Boot.ddc.
[2017.05.04-00.38.06:065][  0]LogDerivedDataCache:Display: Loaded Boot cache: C:/Users/Diana/AppData/Local/UnrealEngine/4.15/DerivedDataCache/Boot.ddc
[2017.05.04-00.38.06:065][  0]LogDerivedDataCache: FDerivedDataBackendGraph:  Pak pak cache file ../../../../../../Users/Diana/Documents/Unreal Projects/VR-UW/Diana/VRProject/DerivedDataCache/DDC.ddp not found, will not use a pak cache.
[2017.05.04-00.38.06:065][  0]LogDerivedDataCache: Unable to find inner node Pak for hierarchical cache Hierarchy.
[2017.05.04-00.38.06:065][  0]LogDerivedDataCache: FDerivedDataBackendGraph:  CompressedPak pak cache file ../../../../../../Users/Diana/Documents/Unreal Projects/VR-UW/Diana/VRProject/DerivedDataCache/Compressed.ddp not found, will not use a pak cache.
[2017.05.04-00.38.06:065][  0]LogDerivedDataCache: Unable to find inner node CompressedPak for hierarchical cache Hierarchy.
[2017.05.04-00.38.06:149][  0]LogDerivedDataCache:Display: Pak cache opened for reading ../../../Engine/DerivedDataCache/Compressed.ddp.
[2017.05.04-00.38.06:166][  0]LogDerivedDataCache: Using Local data cache path C:/Users/Diana/AppData/Local/UnrealEngine/Common/DerivedDataCache: Writable
[2017.05.04-00.38.06:211][  0]LogSlate: Using Freetype 2.6.0
[2017.05.04-00.38.06:215][  0]LogSlate: SlateFontCache - WITH_FREETYPE: 1, WITH_HARFBUZZ: 1
[2017.05.04-00.38.06:215][  0]LogSlate: SlateFontCache - WITH_FREETYPE: 1, WITH_HARFBUZZ: 1
[2017.05.04-00.38.07:940][  0]LogInit: Selected Device Profile: [Windows]
[2017.05.04-00.38.07:953][  0]LogContentStreaming: Texture pool size is 0.00 MB
[2017.05.04-00.38.08:985][  0]LogMeshUtilities: Using QuadricMeshReduction for automatic static mesh reduction
[2017.05.04-00.38.09:136][  0]LogSimplygon: Simplygon DLL not present - disabling.
[2017.05.04-00.38.09:378][  0]LogMeshUtilities: Using SimplygonSwarm for distributed automatic mesh merging
[2017.05.04-00.38.09:378][  0]LogMeshUtilities: No automatic skeletal mesh reduction module available
[2017.05.04-00.38.09:378][  0]LogMeshUtilities: No automatic mesh merging module available
[2017.05.04-00.38.11:790][  0]LogNetVersion: GetLocalNetworkVersion: CL: 3299760, ProjectName: vrproject, ProjectVersion: , EngineNetworkVersion: 2, GameNetworkVersion: 0, NetworkChecksum: 2635692910
[2017.05.04-00.38.11:925][  0]LogAssetRegistry: FAssetRegistry took 0.0242 seconds to start up
[2017.05.04-00.38.12:224][  0]LogPackageLocalizationCache: Processed 3 localized package path(s) for 2 prioritized culture(s) in 0.152222 seconds
[2017.05.04-00.38.12:260][  0]LogUObjectArray: 32493 objects as part of root set at end of initial load.
[2017.05.04-00.38.12:260][  0]LogUObjectAllocator: 7077024 out of 0 bytes used by permanent object pool.
[2017.05.04-00.38.12:260][  0]LogUObjectArray: CloseDisregardForGC: 0/0 objects in disregard for GC pool
[2017.05.04-00.38.12:609][  0]LogInit: WinSock: version 1.1 (2.2), MaxSocks=32767, MaxUdp=65467
[2017.05.04-00.38.20:686][  0]LogTcpMessaging: Initializing TcpMessaging bridge
[2017.05.04-00.38.20:843][  0]LogUdpMessaging: Initializing bridge on interface 0.0.0.0:0 to multicast group 230.0.0.1:6666.
[2017.05.04-00.38.22:931][  0]LogMaterial: Uniform references updated for custom material expression Custom.
[2017.05.04-00.38.24:852][  0]SourceControl: Info Source control is disabled
[2017.05.04-00.38.24:852][  0]SourceControl: Info Source control is disabled
[2017.05.04-00.38.25:104][  0]SourceControl: Info Source control is disabled
[2017.05.04-00.38.25:345][  0]SourceControl: Info Source control is disabled
[2017.05.04-00.38.31:711][  0]LogEngine: Initializing Engine...
[2017.05.04-00.38.31:714][  0]LogHMD: Failed to initialize OpenVR with code 110
[2017.05.04-00.38.32:832][  0]LogAIModule: Creating AISystem for world Untitled
[2017.05.04-00.38.32:879][  0]LogInit: XAudio2 using 'Headphones (LG HBS760 Stereo)' : 2 channels at 44.1 kHz using 16 bits per sample (channel mask 0x3)
[2017.05.04-00.38.32:924][  0]LogInit: FAudioDevice initialized.
[2017.05.04-00.38.33:040][  0]LogDerivedDataCache: Saved boot cache 0.12s 61MB C:/Users/Diana/AppData/Local/UnrealEngine/4.15/DerivedDataCache/Boot.ddc.
[2017.05.04-00.38.33:078][  0]LogInit: Texture streaming: Enabled
[2017.05.04-00.38.33:580][  0]LogEngineSessionManager: EngineSessionManager initialized
[2017.05.04-00.38.33:581][  0]LogEngineSessionManager: EngineSessionManager sent abnormal shutdown report. Type=Crashed, SessionId={C7C527D4-4EA0-4E17-8799-4D91A5809907}
[2017.05.04-00.38.34:045][  0]LogInit: Transaction tracking system initialized
[2017.05.04-00.38.35:885][  0]BlueprintLog: New page: Editor Load
[2017.05.04-00.38.40:485][  0]LocalizationService: Info Localization service is disabled
[2017.05.04-00.38.43:929][  0]LogConsoleResponse:Display: 
[2017.05.04-00.38.44:556][  0]LogCook:Display: Max memory allowance for cook 16384mb min free memory 0mb
[2017.05.04-00.38.44:556][  0]LogCook:Display: Mobile HDR setting 1
[2017.05.04-00.38.45:737][  0]LogFileCache: Scanning file cache for directory 'C:/Users/Diana/Documents/Unreal Projects/VR-UW/Diana/VRProject/Content/' took 0.02s
[2017.05.04-00.38.49:889][  0]SourceControl: Info Source control is disabled
[2017.05.04-00.38.49:993][  0]LogWindowsTextInputMethodSystem:Display: IME system now deactivated.
[2017.05.04-00.38.49:994][  0]LogWindowsTextInputMethodSystem:Display: IME system now deactivated.
[2017.05.04-00.38.50:052][  0]LogSlate: Took 0.001041 seconds to synchronously load lazily loaded font '../../../Engine/Content/Slate/Fonts/Roboto-Regular.ttf' (155K)
[2017.05.04-00.40.06:719][  0]LogWindowsTextInputMethodSystem:Display: IME system now deactivated.
[2017.05.04-00.40.06:719][  0]LogWindowsTextInputMethodSystem:Display: IME system now deactivated.
[2017.05.04-00.40.06:730][  0]LogWindowsTextInputMethodSystem:Display: IME system now deactivated.
[2017.05.04-00.40.06:731][  0]LogWindowsTextInputMethodSystem:Display: IME system now deactivated.
[2017.05.04-00.40.08:535][  0]LogWindowsTextInputMethodSystem:Display: IME system now deactivated.
[2017.05.04-00.40.08:536][  0]LogWindowsTextInputMethodSystem:Display: IME system now deactivated.
[2017.05.04-00.40.08:546][  0]LogWindowsTextInputMethodSystem:Display: IME system now deactivated.
[2017.05.04-00.40.08:546][  0]LogWindowsTextInputMethodSystem:Display: IME system now deactivated.
[2017.05.04-00.40.08:611][  0]Cmd: MAP LOAD FILE="../../../../../../Users/Diana/Documents/Unreal Projects/VR-UW/Diana/VRProject/Content/VirtualRealityBP/Maps/StartupMap.umap" TEMPLATE=0 SHOWPROGRESS=1 FEATURELEVEL=3
[2017.05.04-00.40.08:614][  0]LightingResults: New page: Lighting Build
[2017.05.04-00.40.09:086][  0]MapCheck: New page: Map Check
[2017.05.04-00.40.09:086][  0]LightingResults: New page: Lighting Build
[2017.05.04-00.40.09:909][  0]LogAIModule: Creating AISystem for world StartupMap
[2017.05.04-00.40.10:055][  0]LogEditorServer: Finished looking for orphan Actors (0.000 secs)
[2017.05.04-00.40.10:059][  0]Cmd: MAP CHECKDEP NOCLEARLOG
[2017.05.04-00.40.10:399][  0]MapCheck: Info Map check complete: 0 Error(s), 0 Warning(s), took 339.058ms to complete.
[2017.05.04-00.40.10:406][  0]LogFileHelpers: Loading map 'StartupMap' took 1.794
[2017.05.04-00.40.11:012][  0]LogStats:Warning: MetaData mismatch. Did you assign a stat to two groups? New //STATGROUP_Threads//SplashScreenThread///Thread_168c_0///####STATCAT_Advanced#### old //STATGROUP_Threads//SplashScreenThread///Thread_7c8_0///####STATCAT_Advanced####
[2017.05.04-00.40.11:012][  0]LogCollectionManager: Loaded 0 collections in 0.005454 seconds
[2017.05.04-00.40.11:285][  0]LogFileCache: Scanning file cache for directory 'C:/Users/Diana/Documents/Unreal Projects/VR-UW/Diana/VRProject/Saved/Collections/' took 0.01s
[2017.05.04-00.40.11:285][  0]LogFileCache: Scanning file cache for directory 'C:/Users/Diana/Documents/Unreal Projects/VR-UW/Diana/VRProject/Content/Developers/Diana/Collections/' took 0.01s
[2017.05.04-00.40.11:285][  0]LogFileCache: Scanning file cache for directory 'C:/Users/Diana/Documents/Unreal Projects/VR-UW/Diana/VRProject/Content/Collections/' took 0.01s
[2017.05.04-00.40.11:285][  0]LogCollectionManager: Rebuilt the GUID cache for 0 collections in 0.000004 seconds
[2017.05.04-00.40.11:316][  0]LogContentBrowser: Native class hierarchy populated in 0.0307 seconds. Added 2245 classes and 453 folders.
[2017.05.04-00.40.11:329][  0]LogStats: UGameplayTagsManager::ConstructGameplayTagTree: Construct from data asset -  0.000 s
[2017.05.04-00.40.11:329][  0]LogStats: UGameplayTagsManager::ConstructGameplayTagTree: GameplayTagTreeChangedEvent.Broadcast -  0.000 s
[2017.05.04-00.40.11:647][  0]LogContentBrowser: Native class hierarchy updated for 'WidgetCarousel' in 0.0015 seconds. Added 0 classes and 0 folders.
[2017.05.04-00.40.11:805][  0]LogContentBrowser: Native class hierarchy updated for 'AddContentDialog' in 0.0018 seconds. Added 0 classes and 0 folders.
[2017.05.04-00.40.11:980][  0]LogContentBrowser: Native class hierarchy updated for 'SceneOutliner' in 0.0015 seconds. Added 1 classes and 2 folders.
[2017.05.04-00.40.12:167][  0]LogCrashTracker: Crashtracker disabled due to settings.
[2017.05.04-00.40.12:182][  0]LogUObjectGlobals:Warning: Failed to find object 'Class None.'
[2017.05.04-00.40.12:428][  0]LogContentBrowser: Native class hierarchy updated for 'HierarchicalLODOutliner' in 0.0025 seconds. Added 1 classes and 2 folders.
[2017.05.04-00.40.12:429][  0]LogLoad: (Engine Initialization) Total time: 151.79 seconds
[2017.05.04-00.40.12:429][  0]LogLoad: (Engine Initialization) Total Blueprint compile time: 0.22 seconds
[2017.05.04-00.40.12:429][  0]LogExternalProfiler: Found external profiler: VSPerf
[2017.05.04-00.40.12:429][  0]LogExternalProfiler: Using external profiler: VSPerf
[2017.05.04-00.40.12:443][  0]LogOcInput: OculusInput pre-init called
[2017.05.04-00.40.12:471][  0]LogContentStreaming: Texture pool size now 1000 MB
[2017.05.04-00.40.12:476][  0]LogSlate: Took 0.000520 seconds to synchronously load lazily loaded font '../../../Engine/Content/Slate/Fonts/Roboto-Bold.ttf' (160K)
[2017.05.04-00.40.12:490][  0]LogSlate: Took 0.000613 seconds to synchronously load lazily loaded font '../../../Engine/Content/Editor/Slate/Fonts/FontAwesome.ttf' (139K)
[2017.05.04-00.40.12:617][  0]LogSlate: Took 0.000328 seconds to synchronously load lazily loaded font '../../../Engine/Content/Slate/Fonts/Roboto-Light.ttf' (159K)
[2017.05.04-00.40.12:773][  2]LogRenderer: Reallocating scene render targets to support 796x344 NumSamples 1 (Frame:2).
[2017.05.04-00.40.13:425][  2]LogMaterial: Missing cached shader map for material Material_0, compiling. 
[2017.05.04-00.40.13:426][  2]LogMaterial:Warning: Failed to compile Material /Engine/Transient.Material_0 for platform PCD3D_SM5, Default Material will be used in game.
[2017.05.04-00.40.13:426][  2]LogMaterial:Warning: 	Only transparent or postprocess materials can read from scene depth.
[2017.05.04-00.40.13:467][  3]LogAssetRegistry: Asset discovery search completed in 121.5659 seconds
[2017.05.04-00.40.13:467][  3]LogCollectionManager: Rebuilt the object cache for 0 collections in 0.000008 seconds (found 0 objects)
[2017.05.04-00.40.13:467][  3]LogCollectionManager: Fixed up redirectors for 0 collections in 0.000035 seconds (updated 0 objects)
[2017.05.04-00.40.13:706][  4]LogSlate: Took 0.000562 seconds to synchronously load lazily loaded font '../../../Engine/Content/Slate/Fonts/Roboto-Light.ttf' (159K)
[2017.05.04-00.41.42:007][865]LogSlate: Took 0.001062 seconds to synchronously load lazily loaded font '../../../Engine/Content/Slate/Fonts/Roboto-Light.ttf' (159K)
[2017.05.04-00.41.42:365][865]LogMaterial: Missing cached shader map for material M_Button_Joy, compiling. 
[2017.05.04-00.41.42:377][865]LogTemp:Display: Added material ShaderMap 0x0000019F3BE02400 with Material 0x0000019F3ADFC900 to ShaderMapsBeingCompiled
[2017.05.04-00.41.42:531][865]LogTemp:Display: Kicking off shader compilation for M_Button_Joy, GameThreadShaderMap 0x0000019F3BE02400
[2017.05.04-00.41.42:570][865]LogSlate: Took 0.000891 seconds to synchronously load lazily loaded font '../../../Engine/Content/Slate/Fonts/Roboto-Regular.ttf' (155K)
[2017.05.04-00.41.43:027][865]LogMaterial: Missing cached shader map for material M_Button_Joy, compiling. 
[2017.05.04-00.41.43:030][865]LogTemp:Display: Added material ShaderMap 0x0000019F3CF36B00 with Material 0x0000019F3ADFC900 to ShaderMapsBeingCompiled
[2017.05.04-00.41.43:103][865]LogTemp:Display: Kicking off shader compilation for M_Button_Joy, GameThreadShaderMap 0x0000019F3CF36B00
[2017.05.04-00.41.43:103][865]LogMaterial: 0.00 seconds spent updating 1 materials, 1 interfaces, 0 instances, 0 with static permutations.
[2017.05.04-00.41.43:139][865]LogMaterial: Missing cached shader map for material FMatExpressionPreview MaterialExpressionTextureSample_2, compiling. 
[2017.05.04-00.41.43:143][865]LogTemp:Display: Added material ShaderMap 0x0000019F3CD72B00 with Material 0x0000019F3CF07A00 to ShaderMapsBeingCompiled
[2017.05.04-00.41.43:158][865]LogTemp:Display: Kicking off shader compilation for FMatExpressionPreview MaterialExpressionTextureSample_2, GameThreadShaderMap 0x0000019F3CD72B00
[2017.05.04-00.41.43:187][865]LogSlate: Took 0.001139 seconds to synchronously load lazily loaded font '../../../Engine/Content/Editor/Slate/Fonts/Roboto-BoldCondensed.ttf' (158K)
[2017.05.04-00.41.44:233][866]LogSlate: Took 0.001111 seconds to synchronously load lazily loaded font '../../../Engine/Content/Editor/Slate/Fonts/Roboto-Italic.ttf' (157K)
[2017.05.04-00.41.47:427][969]LogTemp:Display: Removed shader map 0x0000019F3CD72B00 from material 0x0000019F3CF07A00
[2017.05.04-00.41.57:742][255]LogContentBrowser: Native class hierarchy updated for 'BlueprintGraph' in 0.0025 seconds. Added 112 classes and 0 folders.
[2017.05.04-00.42.01:788][297]LogTemp:Display: Finished compile of shader map 0x0000019F3CF36B00
[2017.05.04-00.42.01:788][297]LogTemp:Display: Shader map M_Button_Joy complete, GameThreadShaderMap 0x0000019F3CF36B00, marking material M_Button_Joy as finished
[2017.05.04-00.42.01:788][297]LogTemp:Display: Marking material as finished 0x0000019F3ADFC900
[2017.05.04-00.43.24:814][492]LogCrashTracker: 


[2017.05.04-00.43.24:814][492]LogCrashTracker: 


[2017.05.04-00.43.24:814][492]LogWindows:Error: === Critical error: ===
[2017.05.04-00.43.24:814][492]LogWindows:Error: 
[2017.05.04-00.43.24:814][492]LogWindows:Error: Fatal error!
[2017.05.04-00.43.24:814][492]LogWindows:Error: 
[2017.05.04-00.43.24:814][492]LogWindows:Error: Unhandled Exception: EXCEPTION_ACCESS_VIOLATION reading address 0x00000000
[2017.05.04-00.43.24:814][492]LogWindows:Error: 
[2017.05.04-00.43.24:814][492]LogWindows:Error: UE4Editor-GraphEditor.dll!0x00000000DC885A71
[2017.05.04-00.43.24:814][492]LogWindows:Error: UE4Editor-GraphEditor.dll!0x00000000DC92060D
[2017.05.04-00.43.24:814][492]LogWindows:Error: UE4Editor-GraphEditor.dll!0x00000000DC8C6B9B
[2017.05.04-00.43.24:814][492]LogWindows:Error: UE4Editor-Slate.dll!0x00000000DFA9F76E
[2017.05.04-00.43.24:814][492]LogWindows:Error: UE4Editor-Slate.dll!0x00000000DFA9E806
[2017.05.04-00.43.24:814][492]LogWindows:Error: UE4Editor-Slate.dll!0x00000000DF9D56B5
[2017.05.04-00.43.24:814][492]LogWindows:Error: UE4Editor-Slate.dll!0x00000000DF9A9FD5
[2017.05.04-00.43.24:814][492]LogWindows:Error: UE4Editor-SlateCore.dll!0x00000000ED61E65A
[2017.05.04-00.43.24:814][492]LogWindows:Error: UE4Editor-SlateCore.dll!0x00000000ED6A854D
[2017.05.04-00.43.24:814][492]LogWindows:Error: UE4Editor-SlateCore.dll!0x00000000ED6A854D
[2017.05.04-00.43.24:814][492]LogWindows:Error: UE4Editor-SlateCore.dll!0x00000000ED6A854D
[2017.05.04-00.43.24:814][492]LogWindows:Error: UE4Editor-SlateCore.dll!0x00000000ED6A854D
[2017.05.04-00.43.24:814][492]LogWindows:Error: UE4Editor-GraphEditor.dll!0x00000000DC93F4B9
[2017.05.04-00.43.24:814][492]LogWindows:Error: UE4Editor-Slate.dll!0x00000000DFAA4677
[2017.05.04-00.43.24:814][492]LogWindows:Error: UE4Editor-Slate.dll!0x00000000DF8237A3
[2017.05.04-00.43.24:814][492]LogWindows:Error: UE4Editor-Slate.dll!0x00000000DF7F3CCE
[2017.05.04-00.43.24:814][492]LogWindows:Error: UE4Editor-Slate.dll!0x00000000DF895798
[2017.05.04-00.43.24:814][492]LogWindows:Error: UE4Editor-Slate.dll!0x00000000DF881F5B
[2017.05.04-00.43.24:815][492]LogWindows:Error: UE4Editor-Slate.dll!0x00000000DF87051D
[2017.05.04-00.43.24:815][492]LogWindows:Error: UE4Editor-Core.dll!0x00000000E015CF18
[2017.05.04-00.43.24:815][492]LogWindows:Error: UE4Editor-Core.dll!0x00000000E015C1B2
[2017.05.04-00.43.24:815][492]LogWindows:Error: UE4Editor-Slate.dll!0x00000000DF8A2A9A
[2017.05.04-00.43.24:815][492]LogWindows:Error: UE4Editor-Slate.dll!0x00000000DF8A15B5
[2017.05.04-00.43.24:815][492]LogWindows:Error: UE4Editor.exe!0x000000007DAFEA1D
[2017.05.04-00.43.24:815][492]LogWindows:Error: UE4Editor.exe!0x000000007DAEEB40
[2017.05.04-00.43.24:815][492]LogWindows:Error: UE4Editor.exe!0x000000007DAEEBBA
[2017.05.04-00.43.24:815][492]LogWindows:Error: UE4Editor.exe!0x000000007DB00A29
[2017.05.04-00.43.24:815][492]LogWindows:Error: UE4Editor.exe!0x000000007DB022B6
[2017.05.04-00.43.24:815][492]LogWindows:Error: KERNEL32.DLL!0x000000002AE18364
[2017.05.04-00.43.24:815][492]LogWindows:Error: ntdll.dll!0x000000002BC370D1
[2017.05.04-00.43.24:815][492]LogWindows:Error: ntdll.dll!0x000000002BC370D1
[2017.05.04-00.43.24:815][492]LogWindows:Error: 
[2017.05.04-00.43.24:913][492]LogExit: Executing StaticShutdownAfterError
[2017.05.04-00.43.24:930][492]LogWindows: FPlatformMisc::RequestExit(1)
[2017.05.04-00.43.24:930][492]Log file closed, 05/03/17 17:43:24
