Log file open, 05/05/17 14:57:37
LogInit:Display: Running engine for game: VRProject
LogPlatformFile: Not using cached read wrapper
LogInit:Display: RandInit(-1386642094) SRandInit(-1386642094).
LogTaskGraph: Started task graph with 5 named threads and 8 total threads with 1 sets of task threads.
LogStats: Stats thread started at 0.077313
LogInit: Using libcurl 7.47.1
LogInit:  - built for x86_64-pc-win32
LogInit:  - supports SSL with OpenSSL/1.0.2g
LogInit:  - supports HTTP deflate (compression) using libz 1.2.8
LogInit:  - other features:
LogInit:      CURL_VERSION_SSL
LogInit:      CURL_VERSION_LIBZ
LogInit:      CURL_VERSION_IPV6
LogInit:      CURL_VERSION_ASYNCHDNS
LogInit:      CURL_VERSION_LARGEFILE
LogInit:      CURL_VERSION_IDN
LogInit:  CurlRequestOptions (configurable via config and command line):
LogInit:  - bVerifyPeer = false  - Libcurl will NOT verify peer certificate
LogInit:  - bUseHttpProxy = false  - Libcurl will NOT use HTTP proxy
LogInit:  - bDontReuseConnections = false  - Libcurl will reuse connections
LogInit:  - CertBundlePath = nullptr  - Libcurl will use whatever was configured at build time.
LogInit: Build: ++UE4+Release-4.15-CL-3416026
LogInit: Engine Version: 4.15.2-3416026+++UE4+Release-4.15
LogInit: Compatible Engine Version: 4.15.0-3299760+++UE4+Release-4.15
LogInit: Net CL: 3299760
LogDevObjectVersion: Number of dev versions registered: 14
LogDevObjectVersion:   Dev-Blueprints (B0D832E4-1F89-4F0D-ACCF-7EB736FD4AA2): 8
LogDevObjectVersion:   Dev-Build (E1C64328-A22C-4D53-A36C-8E866417BD8C): 0
LogDevObjectVersion:   Dev-Core (375EC13C-06E4-48FB-B500-84F0262A717E): 2
LogDevObjectVersion:   Dev-Editor (E4B068ED-F494-42E9-A231-DA0B2E46BB41): 14
LogDevObjectVersion:   Dev-Framework (CFFC743F-43B0-4480-9391-14DF171D2073): 22
LogDevObjectVersion:   Dev-Mobile (B02B49B5-BB20-44E9-A304-32B752E40360): 0
LogDevObjectVersion:   Dev-Networking (A4E4105C-59A1-49B5-A7C5-40C4547EDFEE): 0
LogDevObjectVersion:   Dev-Online (39C831C9-5AE6-47DC-9A44-9C173E1C8E7C): 0
LogDevObjectVersion:   Dev-Physics (78F01B33-EBEA-4F98-B9B4-84EACCB95AA2): 0
LogDevObjectVersion:   Dev-Platform (6631380F-2D4D-43E0-8009-CF276956A95A): 0
LogDevObjectVersion:   Dev-Rendering (12F88B9F-8875-4AFC-A67C-D90C383ABD29): 12
LogDevObjectVersion:   Dev-Sequencer (7B5AE74C-D270-4C10-A958-57980B212A5A): 3
LogDevObjectVersion:   Dev-VR (D7296918-1DD6-4BDD-9DE2-64A83CC13884): 0
LogDevObjectVersion:   Dev-LoadTimes (C2A15278-BFE7-4AFE-6C17-90FF531DF755): 1
LogInit: Compiled (64-bit): May  1 2017 13:11:28
LogInit: Compiled with Visual C++: 19.00.23026.00
LogInit: Build Configuration: Development
LogInit: Branch Name: ++UE4+Release-4.15
LogInit: Command line:  
LogInit: Base directory: C:/Program Files/Epic Games/UE_4.15/Engine/Binaries/Win64/
LogInit: Installed Engine Build: 1
LogInit: Presizing for max 8388607 objects, including 0 objects not considered by GC, pre-allocating 0 bytes for permanent pool.
LogInit: Object subsystem initialized
[2017.05.05-21.57.38:180][  0]LogConsoleManager:Display: Setting the console variable 'r.RHICmdBypass' with 'SetByProjectSetting' was ignored as it is lower priority than the previous 'SetBySystemSettingsIni'. Value remains '1'
[2017.05.05-21.57.38:184][  0]LogInit: Selected Device Profile: [Windows]
[2017.05.05-21.57.38:184][  0]LogInit: Applying CVar settings loaded from the selected device profile: [Windows]
[2017.05.05-21.57.38:216][  0]LogInit: Computer: WATERCOLOR
[2017.05.05-21.57.38:216][  0]LogInit: User: dianaw14
[2017.05.05-21.57.38:216][  0]LogInit: CPU Page size=65536, Cores=4
[2017.05.05-21.57.38:216][  0]LogInit: High frequency timer resolution =3.507504 MHz
[2017.05.05-21.57.38:216][  0]LogMemory: Memory total: Physical=15.8GB (16GB approx)
[2017.05.05-21.57.38:216][  0]LogMemory: Platform Memory Stats for Windows
[2017.05.05-21.57.38:216][  0]LogMemory: Process Physical Memory: 263.98 MB used, 263.98 MB peak
[2017.05.05-21.57.38:216][  0]LogMemory: Process Virtual Memory: 262.74 MB used, 262.74 MB peak
[2017.05.05-21.57.38:216][  0]LogMemory: Physical Memory: 7117.27 MB used,  9019.64 MB free, 16136.91 MB total
[2017.05.05-21.57.38:216][  0]LogMemory: Virtual Memory: 645.77 MB used,  9019.64 MB free, 134217728.00 MB total
[2017.05.05-21.57.38:306][  0]LogTextLocalizationManager: No specific translations for ('en-US') exist, so ('en') translations will be used.
[2017.05.05-21.57.38:871][  0]LogD3D11RHI: D3D11 adapters:
[2017.05.05-21.57.38:887][  0]LogD3D11RHI:    0. 'NVIDIA Quadro K2200' (Feature Level 11_0)
[2017.05.05-21.57.38:887][  0]LogD3D11RHI:       4062/0/8068 MB DedicatedVideo/DedicatedSystem/SharedSystem, Outputs:2, VendorId:0x10de
[2017.05.05-21.57.38:889][  0]LogD3D11RHI:    1. 'Microsoft Basic Render Driver' (Feature Level 11_0)
[2017.05.05-21.57.38:889][  0]LogD3D11RHI:       0/0/8068 MB DedicatedVideo/DedicatedSystem/SharedSystem, Outputs:0, VendorId:0x1414
[2017.05.05-21.57.38:889][  0]LogD3D11RHI: Chosen D3D11 Adapter: 0
[2017.05.05-21.57.38:892][  0]LogD3D11RHI: Creating new Direct3DDevice
[2017.05.05-21.57.38:892][  0]LogD3D11RHI:     GPU DeviceId: 0x13ba (for the marketing name, search the web for "GPU Device Id")
[2017.05.05-21.57.38:892][  0]LogWindows: EnumDisplayDevices:
[2017.05.05-21.57.38:892][  0]LogWindows:    0. 'NVIDIA Quadro K2200' (P:1 D:1)
[2017.05.05-21.57.38:892][  0]LogWindows:    1. 'NVIDIA Quadro K2200' (P:0 D:1)
[2017.05.05-21.57.38:892][  0]LogWindows:    2. 'NVIDIA Quadro K2200' (P:0 D:0)
[2017.05.05-21.57.38:892][  0]LogWindows:    3. 'NVIDIA Quadro K2200' (P:0 D:0)
[2017.05.05-21.57.38:893][  0]LogWindows: DebugString: FoundDriverCount:4 
[2017.05.05-21.57.38:893][  0]LogD3D11RHI:     Adapter Name: NVIDIA Quadro K2200
[2017.05.05-21.57.38:893][  0]LogD3D11RHI:   Driver Version: 369.26 (internal:21.21.13.6926, unified:369.26)
[2017.05.05-21.57.38:893][  0]LogD3D11RHI:      Driver Date: 8-30-2016
[2017.05.05-21.57.38:893][  0]LogRHI: Texture pool is 1361 MB (70% of 1945 MB)
[2017.05.05-21.57.38:906][  0]LogD3D11RHI: [Aftermath] Aftermath enabled but failed to initialize due to reason: DriverVersionNotSupported
[2017.05.05-21.57.38:906][  0]LogD3D11RHI: Async texture creation enabled
[2017.05.05-21.57.38:915][  0]LogD3D11RHI: GPU Timing Frequency: 1000.000000 (Debug: 2 1)
[2017.05.05-21.57.39:011][  0]LogShaderCompilers: Guid format shader working directory is 12 characters bigger than the processId version (Z:/animation/vr/VR-UW/Diana/VRProject/Intermediate/Shaders/WorkingDirectory/7692/).
[2017.05.05-21.57.39:011][  0]LogShaderCompilers: Cleaned the shader compiler working directory 'C:/Users/dianaw14/AppData/Local/Temp/UnrealShaderWorkingDir/9A0A2CE4498D4D22E259D78D0009F237/'.
[2017.05.05-21.57.39:011][  0]LogShaderCompilers:Display: Using Local Shader Compiler.
[2017.05.05-21.57.39:973][  0]LogTemp:Display: Loaded TP AllDesktopTargetPlatform
[2017.05.05-21.57.40:037][  0]LogTemp:Display: Loaded TP MacClientTargetPlatform
[2017.05.05-21.57.40:102][  0]LogTemp:Display: Loaded TP MacNoEditorTargetPlatform
[2017.05.05-21.57.40:167][  0]LogTemp:Display: Loaded TP MacServerTargetPlatform
[2017.05.05-21.57.40:233][  0]LogTemp:Display: Loaded TP MacTargetPlatform
[2017.05.05-21.57.40:296][  0]LogTemp:Display: Loaded TP WindowsClientTargetPlatform
[2017.05.05-21.57.40:361][  0]LogTemp:Display: Loaded TP WindowsNoEditorTargetPlatform
[2017.05.05-21.57.40:425][  0]LogTemp:Display: Loaded TP WindowsServerTargetPlatform
[2017.05.05-21.57.40:479][  0]LogTemp:Display: Loaded TP WindowsTargetPlatform
[2017.05.05-21.57.40:542][  0]LogTemp:Display: Loaded TP AndroidTargetPlatform
[2017.05.05-21.57.40:606][  0]LogTemp:Display: Loaded TP Android_ASTCTargetPlatform
[2017.05.05-21.57.40:670][  0]LogTemp:Display: Loaded TP Android_ATCTargetPlatform
[2017.05.05-21.57.40:734][  0]LogTemp:Display: Loaded TP Android_DXTTargetPlatform
[2017.05.05-21.57.40:798][  0]LogTemp:Display: Loaded TP Android_ETC1TargetPlatform
[2017.05.05-21.57.40:862][  0]LogTemp:Display: Loaded TP Android_ETC2TargetPlatform
[2017.05.05-21.57.40:991][  0]LogTemp:Display: Loaded TP Android_MultiTargetPlatform
[2017.05.05-21.57.40:991][  0]LogTemp:Display: Loaded TP Android_PVRTCTargetPlatform
[2017.05.05-21.57.41:035][  0]LogTemp:Display: Loaded TP HTML5TargetPlatform
[2017.05.05-21.57.41:157][  0]LogTemp:Display: Loaded TP IOSTargetPlatform
[2017.05.05-21.57.41:200][  0]LogTemp:Display: Loaded TP TVOSTargetPlatform
[2017.05.05-21.57.41:270][  0]LogTemp:Display: Loaded TP LinuxClientTargetPlatform
[2017.05.05-21.57.41:335][  0]LogTemp:Display: Loaded TP LinuxNoEditorTargetPlatform
[2017.05.05-21.57.41:401][  0]LogTemp:Display: Loaded TP LinuxServerTargetPlatform
[2017.05.05-21.57.41:468][  0]LogTemp:Display: Loaded TP LinuxTargetPlatform
[2017.05.05-21.57.41:468][  0]LogTargetPlatformManager:Display: Building Assets For Windows
[2017.05.05-21.57.41:946][  0]LogDerivedDataCache:Display: Max Cache Size: 512 MB
[2017.05.05-21.57.41:997][  0]LogDerivedDataCache: Loaded boot cache 0.05s 61MB C:/Users/dianaw14/AppData/Local/UnrealEngine/4.15/DerivedDataCache/Boot.ddc.
[2017.05.05-21.57.41:997][  0]LogDerivedDataCache:Display: Loaded Boot cache: C:/Users/dianaw14/AppData/Local/UnrealEngine/4.15/DerivedDataCache/Boot.ddc
[2017.05.05-21.57.41:998][  0]LogDerivedDataCache: FDerivedDataBackendGraph:  Pak pak cache file Z:/animation/vr/VR-UW/Diana/VRProject/DerivedDataCache/DDC.ddp not found, will not use a pak cache.
[2017.05.05-21.57.41:998][  0]LogDerivedDataCache: Unable to find inner node Pak for hierarchical cache Hierarchy.
[2017.05.05-21.57.41:999][  0]LogDerivedDataCache: FDerivedDataBackendGraph:  CompressedPak pak cache file Z:/animation/vr/VR-UW/Diana/VRProject/DerivedDataCache/Compressed.ddp not found, will not use a pak cache.
[2017.05.05-21.57.41:999][  0]LogDerivedDataCache: Unable to find inner node CompressedPak for hierarchical cache Hierarchy.
[2017.05.05-21.57.42:014][  0]LogDerivedDataCache:Display: Pak cache opened for reading ../../../Engine/DerivedDataCache/Compressed.ddp.
[2017.05.05-21.57.42:027][  0]LogDerivedDataCache: Using Local data cache path C:/Users/dianaw14/AppData/Local/UnrealEngine/Common/DerivedDataCache: Writable
[2017.05.05-21.57.42:035][  0]LogSlate: Using Freetype 2.6.0
[2017.05.05-21.57.42:036][  0]LogSlate: SlateFontCache - WITH_FREETYPE: 1, WITH_HARFBUZZ: 1
[2017.05.05-21.57.42:036][  0]LogSlate: SlateFontCache - WITH_FREETYPE: 1, WITH_HARFBUZZ: 1
[2017.05.05-21.57.42:270][  0]LogInit: Selected Device Profile: [Windows]
[2017.05.05-21.57.42:273][  0]LogContentStreaming: Texture pool size is 0.00 MB
[2017.05.05-21.57.42:472][  0]LogMeshUtilities: Using QuadricMeshReduction for automatic static mesh reduction
[2017.05.05-21.57.42:521][  0]LogSimplygon: Simplygon DLL not present - disabling.
[2017.05.05-21.57.42:569][  0]LogMeshUtilities: Using SimplygonSwarm for distributed automatic mesh merging
[2017.05.05-21.57.42:569][  0]LogMeshUtilities: No automatic skeletal mesh reduction module available
[2017.05.05-21.57.42:569][  0]LogMeshUtilities: No automatic mesh merging module available
[2017.05.05-21.57.43:123][  0]LogNetVersion: GetLocalNetworkVersion: CL: 3299760, ProjectName: vrproject, ProjectVersion: , EngineNetworkVersion: 2, GameNetworkVersion: 0, NetworkChecksum: 2635692910
[2017.05.05-21.57.43:172][  0]LogAssetRegistry: FAssetRegistry took 0.0219 seconds to start up
[2017.05.05-21.57.46:724][  0]LogPackageLocalizationCache: Processed 3 localized package path(s) for 2 prioritized culture(s) in 3.524945 seconds
[2017.05.05-21.57.46:728][  0]LogUObjectArray: 32493 objects as part of root set at end of initial load.
[2017.05.05-21.57.46:728][  0]LogUObjectAllocator: 7077032 out of 0 bytes used by permanent object pool.
[2017.05.05-21.57.46:728][  0]LogUObjectArray: CloseDisregardForGC: 0/0 objects in disregard for GC pool
[2017.05.05-21.57.46:819][  0]LogInit: WinSock: version 1.1 (2.2), MaxSocks=32767, MaxUdp=65467
[2017.05.05-21.57.48:808][  0]LogTcpMessaging: Initializing TcpMessaging bridge
[2017.05.05-21.57.48:848][  0]LogUdpMessaging: Initializing bridge on interface 0.0.0.0:0 to multicast group 230.0.0.1:6666.
[2017.05.05-21.57.48:848][  0]LogDirectoryWatcher: A directory notification failed for 'Z:/animation/vr/VR-UW/Diana/VRProject/Content/' because it was empty or there was a buffer overflow. Attemping another request...
[2017.05.05-21.57.49:367][  0]LogMaterial: Uniform references updated for custom material expression Custom.
[2017.05.05-21.57.49:783][  0]SourceControl: Info Source control is disabled
[2017.05.05-21.57.49:783][  0]SourceControl: Info Source control is disabled
[2017.05.05-21.57.49:834][  0]SourceControl: Info Source control is disabled
[2017.05.05-21.57.49:882][  0]SourceControl: Info Source control is disabled
[2017.05.05-21.57.51:180][  0]LogEngine: Initializing Engine...
[2017.05.05-21.57.51:180][  0]LogHMD: Failed to initialize OpenVR with code 110
[2017.05.05-21.57.51:279][  0]LogStats: UGameplayTagsManager::ConstructGameplayTagTree: Construct from data asset -  0.000 s
[2017.05.05-21.57.51:279][  0]LogStats: UGameplayTagsManager::ConstructGameplayTagTree: GameplayTagTreeChangedEvent.Broadcast -  0.000 s
[2017.05.05-21.57.51:414][  0]LogAIModule: Creating AISystem for world Untitled
[2017.05.05-21.57.51:420][  0]LogInit: XAudio2 using 'Speakers (Realtek High Definition Audio)' : 2 channels at 48 kHz using 32 bits per sample (channel mask 0x3)
[2017.05.05-21.57.51:463][  0]LogInit: FAudioDevice initialized.
[2017.05.05-21.57.51:492][  0]LogDerivedDataCache: Saved boot cache 0.03s 61MB C:/Users/dianaw14/AppData/Local/UnrealEngine/4.15/DerivedDataCache/Boot.ddc.
[2017.05.05-21.57.51:499][  0]LogInit: Texture streaming: Enabled
[2017.05.05-21.57.51:606][  0]LogEngineSessionManager: EngineSessionManager initialized
[2017.05.05-21.57.51:703][  0]LogInit: Transaction tracking system initialized
[2017.05.05-21.57.52:101][  0]BlueprintLog: New page: Editor Load
[2017.05.05-21.57.53:108][  0]LocalizationService: Info Localization service is disabled
[2017.05.05-21.57.53:849][  0]LogConsoleResponse:Display: 
[2017.05.05-21.57.53:969][  0]LogCook:Display: Max memory allowance for cook 16384mb min free memory 0mb
[2017.05.05-21.57.53:969][  0]LogCook:Display: Mobile HDR setting 1
[2017.05.05-21.57.54:378][  0]LogFileCache: Scanning file cache for directory 'Z:/animation/vr/VR-UW/Diana/VRProject/Content/' took 0.05s
[2017.05.05-21.57.55:073][  0]SourceControl: Info Source control is disabled
[2017.05.05-21.57.55:073][  0]Cmd: MAP LOAD FILE="Z:/animation/vr/VR-UW/Diana/VRProject/Content/VirtualRealityBP/Maps/StartupMap.umap" TEMPLATE=0 SHOWPROGRESS=1 FEATURELEVEL=3
[2017.05.05-21.57.55:080][  0]LightingResults: New page: Lighting Build
[2017.05.05-21.57.55:125][  0]MapCheck: New page: Map Check
[2017.05.05-21.57.55:125][  0]LightingResults: New page: Lighting Build
[2017.05.05-21.57.55:145][  0]LogLinker:Warning: Can't find file '/Game/VirtualRealityBP/Maps/StartupMap_BuiltData'
[2017.05.05-21.57.55:145][  0]LogLinker:Warning: Can't find file for asset '/Game/VirtualRealityBP/Maps/StartupMap_BuiltData' while loading Z:/animation/vr/VR-UW/Diana/VRProject/Content/VirtualRealityBP/Maps/StartupMap.umap.
[2017.05.05-21.57.55:145][  0]LoadErrors:Error: Error /Game/VirtualRealityBP/Maps/StartupMap : Can't find file for asset. /Game/VirtualRealityBP/Maps/StartupMap_BuiltData
[2017.05.05-21.57.55:273][  0]LogLinker:Warning: Can't find file '/Game/VirtualRealityBP/Maps/StartupMap_BuiltData'
[2017.05.05-21.57.55:273][  0]LogLinker:Warning: Can't find file for asset '/Game/VirtualRealityBP/Maps/StartupMap_BuiltData' while loading Z:/animation/vr/VR-UW/Diana/VRProject/Content/VirtualRealityBP/Maps/StartupMap.umap.
[2017.05.05-21.57.55:273][  0]LoadErrors:Error: Error /Game/VirtualRealityBP/Maps/StartupMap : Can't find file for asset. /Game/VirtualRealityBP/Maps/StartupMap_BuiltData
[2017.05.05-21.57.55:280][  0]LogLinker:Warning: Can't find file '/Game/VirtualRealityBP/Maps/StartupMap_BuiltData'
[2017.05.05-21.57.55:280][  0]LoadErrors: Info Failed to load /Game/VirtualRealityBP/Maps/StartupMap_BuiltData.StartupMap_BuiltData Referenced by PersistentLevel
[2017.05.05-21.57.55:280][  0]LogLinker:Warning: Can't find file for asset '/Game/VirtualRealityBP/Maps/StartupMap_BuiltData' while loading NULL.
[2017.05.05-21.57.55:280][  0]LoadErrors: Info Failed to load /Game/VirtualRealityBP/Maps/StartupMap_BuiltData.StartupMap_BuiltData Referenced by PersistentLevel
[2017.05.05-21.57.55:333][  0]LogAIModule: Creating AISystem for world StartupMap
[2017.05.05-21.57.55:353][  0]LogEditorServer: Finished looking for orphan Actors (0.000 secs)
[2017.05.05-21.57.55:353][  0]Cmd: MAP CHECKDEP NOCLEARLOG
[2017.05.05-21.57.55:460][  0]MapCheck: Info Map check complete: 0 Error(s), 0 Warning(s), took 107.03ms to complete.
[2017.05.05-21.57.55:460][  0]LogFileHelpers: Loading map 'StartupMap' took 0.388
[2017.05.05-21.57.55:531][  0]LogWindowsTextInputMethodSystem:Display: IME system now deactivated.
[2017.05.05-21.57.55:637][  0]LogCollectionManager: Loaded 0 collections in 0.002524 seconds
[2017.05.05-21.57.55:730][  0]LogFileCache: Scanning file cache for directory 'Z:/animation/vr/VR-UW/Diana/VRProject/Saved/Collections/' took 0.01s
[2017.05.05-21.57.55:730][  0]LogFileCache: Scanning file cache for directory 'Z:/animation/vr/VR-UW/Diana/VRProject/Content/Developers/dianaw14/Collections/' took 0.01s
[2017.05.05-21.57.55:730][  0]LogFileCache: Scanning file cache for directory 'Z:/animation/vr/VR-UW/Diana/VRProject/Content/Collections/' took 0.01s
[2017.05.05-21.57.55:730][  0]LogCollectionManager: Rebuilt the GUID cache for 0 collections in 0.000001 seconds
[2017.05.05-21.57.55:739][  0]LogContentBrowser: Native class hierarchy populated in 0.0075 seconds. Added 2245 classes and 453 folders.
[2017.05.05-21.57.55:814][  0]LogContentBrowser: Native class hierarchy updated for 'WidgetCarousel' in 0.0007 seconds. Added 0 classes and 0 folders.
[2017.05.05-21.57.55:852][  0]LogContentBrowser: Native class hierarchy updated for 'AddContentDialog' in 0.0007 seconds. Added 0 classes and 0 folders.
[2017.05.05-21.57.55:899][  0]LogContentBrowser: Native class hierarchy updated for 'SceneOutliner' in 0.0007 seconds. Added 1 classes and 2 folders.
[2017.05.05-21.57.55:948][  0]LogCrashTracker: Crashtracker disabled due to settings.
[2017.05.05-21.57.55:954][  0]LogUObjectGlobals:Warning: Failed to find object 'Class None.'
[2017.05.05-21.57.56:024][  0]LogContentBrowser: Native class hierarchy updated for 'HierarchicalLODOutliner' in 0.0008 seconds. Added 1 classes and 2 folders.
[2017.05.05-21.57.56:024][  0]LogLoad: (Engine Initialization) Total time: 20.07 seconds
[2017.05.05-21.57.56:024][  0]LogLoad: (Engine Initialization) Total Blueprint compile time: 0.05 seconds
[2017.05.05-21.57.56:024][  0]LogExternalProfiler: Found external profiler: VSPerf
[2017.05.05-21.57.56:024][  0]LogExternalProfiler: Using external profiler: VSPerf
[2017.05.05-21.57.56:033][  0]LogOcInput: OculusInput pre-init called
[2017.05.05-21.57.56:049][  0]LogDirectoryWatcher: A directory notification failed for 'Z:/animation/vr/VR-UW/Diana/VRProject/Content/' because it was empty or there was a buffer overflow. Attemping another request...
[2017.05.05-21.57.56:049][  0]LogDirectoryWatcher: A directory notification failed for 'Z:/animation/vr/VR-UW/Diana/VRProject/Content/', and we were unable to create a new request.
[2017.05.05-21.57.56:049][  0]LogDirectoryWatcher: A directory notification failed for 'Z:/animation/vr/VR-UW/Diana/VRProject/Saved/Collections/' because it was empty or there was a buffer overflow. Attemping another request...
[2017.05.05-21.57.56:049][  0]LogDirectoryWatcher: A directory notification failed for 'Z:/animation/vr/VR-UW/Diana/VRProject/Content/Developers/dianaw14/Collections/' because it was empty or there was a buffer overflow. Attemping another request...
[2017.05.05-21.57.56:050][  0]LogDirectoryWatcher: A directory notification failed for 'Z:/animation/vr/VR-UW/Diana/VRProject/Content/Collections/' because it was empty or there was a buffer overflow. Attemping another request...
[2017.05.05-21.57.56:054][  0]LogContentStreaming: Texture pool size now 1000 MB
[2017.05.05-21.57.56:068][  0]LogSlate: Took 0.000342 seconds to synchronously load lazily loaded font '../../../Engine/Content/Slate/Fonts/Roboto-Regular.ttf' (155K)
[2017.05.05-21.57.56:071][  0]LogSlate: Took 0.000291 seconds to synchronously load lazily loaded font '../../../Engine/Content/Slate/Fonts/Roboto-Bold.ttf' (160K)
[2017.05.05-21.57.56:075][  0]LogSlate: Took 0.000234 seconds to synchronously load lazily loaded font '../../../Engine/Content/Editor/Slate/Fonts/FontAwesome.ttf' (139K)
[2017.05.05-21.57.56:170][  0]LogSlate: Took 0.000228 seconds to synchronously load lazily loaded font '../../../Engine/Content/Slate/Fonts/Roboto-Light.ttf' (159K)
[2017.05.05-21.57.56:209][  0]LogRenderer: Reallocating scene render targets to support 1208x576 NumSamples 1 (Frame:2).
[2017.05.05-21.57.56:291][  1]LogAssetRegistry: Asset discovery search completed in 13.1404 seconds
[2017.05.05-21.57.56:291][  1]LogCollectionManager: Rebuilt the object cache for 0 collections in 0.000003 seconds (found 0 objects)
[2017.05.05-21.57.56:291][  1]LogCollectionManager: Fixed up redirectors for 0 collections in 0.000015 seconds (updated 0 objects)
[2017.05.05-21.57.56:291][  1]LogDirectoryWatcher: A directory notification failed for 'Z:/animation/vr/VR-UW/Diana/VRProject/Saved/Collections/' because it was empty or there was a buffer overflow. Attemping another request...
[2017.05.05-21.57.56:291][  1]LogDirectoryWatcher: A directory notification failed for 'Z:/animation/vr/VR-UW/Diana/VRProject/Saved/Collections/', and we were unable to create a new request.
[2017.05.05-21.57.56:291][  1]LogDirectoryWatcher: A directory notification failed for 'Z:/animation/vr/VR-UW/Diana/VRProject/Content/Developers/dianaw14/Collections/' because it was empty or there was a buffer overflow. Attemping another request...
[2017.05.05-21.57.56:292][  1]LogDirectoryWatcher: A directory notification failed for 'Z:/animation/vr/VR-UW/Diana/VRProject/Content/Developers/dianaw14/Collections/', and we were unable to create a new request.
[2017.05.05-21.57.56:292][  1]LogDirectoryWatcher: A directory notification failed for 'Z:/animation/vr/VR-UW/Diana/VRProject/Content/Collections/' because it was empty or there was a buffer overflow. Attemping another request...
[2017.05.05-21.57.56:292][  1]LogDirectoryWatcher: A directory notification failed for 'Z:/animation/vr/VR-UW/Diana/VRProject/Content/Collections/', and we were unable to create a new request.
[2017.05.05-21.57.57:058][ 79]LogSlate: Took 0.000294 seconds to synchronously load lazily loaded font '../../../Engine/Content/Slate/Fonts/Roboto-Light.ttf' (159K)
[2017.05.05-22.00.45:092][240]LogSlate: Took 0.000151 seconds to synchronously load lazily loaded font '../../../Engine/Content/Slate/Fonts/Roboto-Light.ttf' (159K)
[2017.05.05-22.00.45:811][240]LogFactory: FactoryCreateFile: StaticMesh with AlembicImportFactory (0 0 O:/unix/projects/instr/capstone1/production/virtual reality/diana/fish_effects_cache.abc)
[2017.05.05-22.01.26:192][661]Cmd: MAP LOAD FILE="Z:/animation/vr/VR-UW/Diana/VRProject/Content/VirtualRealityBP/Maps/MotionControllerMap.umap" TEMPLATE=0 SHOWPROGRESS=1 FEATURELEVEL=3
[2017.05.05-22.01.26:212][661]LightingResults: New page: Lighting Build
[2017.05.05-22.01.26:214][661]LoadErrors: New page: Loading map: MotionControllerMap.umap
[2017.05.05-22.01.26:217][661]MapCheck: New page: Map Check
[2017.05.05-22.01.26:217][661]LightingResults: New page: Lighting Build
[2017.05.05-22.01.26:795][661]LogLinker:Warning: Can't find file '/Game/VirtualRealityBP/Maps/MotionControllerMap_BuiltData'
[2017.05.05-22.01.26:796][661]LogLinker:Warning: Can't find file for asset '/Game/VirtualRealityBP/Maps/MotionControllerMap_BuiltData' while loading Z:/animation/vr/VR-UW/Diana/VRProject/Content/VirtualRealityBP/Maps/MotionControllerMap.umap.
[2017.05.05-22.01.26:796][661]LoadErrors:Error: Error /Game/VirtualRealityBP/Maps/MotionControllerMap : Can't find file for asset. /Game/VirtualRealityBP/Maps/MotionControllerMap_BuiltData
[2017.05.05-22.01.26:962][661]LogLinker:Warning: Can't find file '/Game/VirtualRealityBP/Maps/MotionControllerMap_BuiltData'
[2017.05.05-22.01.26:962][661]LogLinker:Warning: Can't find file for asset '/Game/VirtualRealityBP/Maps/MotionControllerMap_BuiltData' while loading Z:/animation/vr/VR-UW/Diana/VRProject/Content/VirtualRealityBP/Maps/MotionControllerMap.umap.
[2017.05.05-22.01.26:963][661]LogLinker:Warning: Can't find file '/Game/VirtualRealityBP/Maps/MotionControllerMap_BuiltData'
[2017.05.05-22.01.26:963][661]LogLinker:Warning: Can't find file for asset '/Game/VirtualRealityBP/Maps/MotionControllerMap_BuiltData' while loading NULL.
[2017.05.05-22.01.26:963][661]LogLinker:Warning: Can't find file '/Game/VirtualRealityBP/Maps/MotionControllerMap_BuiltData'
[2017.05.05-22.01.26:963][661]LogLinker:Warning: Can't find file for asset '/Game/VirtualRealityBP/Maps/MotionControllerMap_BuiltData' while loading NULL.
[2017.05.05-22.01.26:979][661]LogLinker:Warning: Can't find file '/Game/VirtualRealityBP/Maps/MotionControllerMap_BuiltData'
[2017.05.05-22.01.26:979][661]LoadErrors: Info Failed to load /Game/VirtualRealityBP/Maps/MotionControllerMap_BuiltData.MotionControllerMap_BuiltData Referenced by PersistentLevel
[2017.05.05-22.01.26:980][661]LogLinker:Warning: Can't find file for asset '/Game/VirtualRealityBP/Maps/MotionControllerMap_BuiltData' while loading NULL.
[2017.05.05-22.01.27:032][661]LogSlate: Took 0.000154 seconds to synchronously load lazily loaded font '../../../Engine/Content/Slate/Fonts/Roboto-Regular.ttf' (155K)
[2017.05.05-22.01.27:162][661]LogAIModule: Creating AISystem for world MotionControllerMap
[2017.05.05-22.01.27:177][661]LogEditorServer: Finished looking for orphan Actors (0.000 secs)
[2017.05.05-22.01.27:224][661]Cmd: MAP CHECKDEP NOCLEARLOG
[2017.05.05-22.01.27:423][661]MapCheck: Info Map check complete: 0 Error(s), 0 Warning(s), took 198.52ms to complete.
[2017.05.05-22.01.27:423][661]LogFileHelpers: Loading map 'MotionControllerMap' took 1.232
[2017.05.05-22.01.36:481][417]LogFactory: FactoryCreateFile: StaticMesh with AlembicImportFactory (0 0 O:/unix/projects/instr/capstone1/production/virtual reality/diana/fish_effects_cache.abc)
[2017.05.05-22.01.40:962][417]LogAlembicImport:Display: Running import for frame 0 to frame 1
[2017.05.05-22.01.40:962][417]LogStats: Alembic_FAbcMeshDataImportRunnable::Run -  0.029 ms
[2017.05.05-22.01.40:962][417]LogStats:            Alembic_ReadTrackData - 11.484 ms
[2017.05.05-22.01.40:962][417]AssetTools: New page: Importing fish_effects_cache.abc
[2017.05.05-22.01.40:962][417]AssetTools:Error: Error Unable to import valid frames for b_geo_Shape29Deformed, skipping object.
[2017.05.05-22.01.40:962][417]AssetTools:Error: Error Unable to import valid frames for static_stackShapeDeformed, skipping object.
[2017.05.05-22.01.44:093][417]LogAssetTools:Warning: Failed to import 'O:/unix/projects/instr/capstone1/production/virtual reality/diana/fish_effects_cache.abc'. Failed to create asset '/Game/fish_effects_cache'.
Please see Output Log for details.
[2017.05.05-22.01.50:574][820]LogFactory: FactoryCreateFile: StaticMesh with AlembicImportFactory (0 0 O:/unix/projects/instr/capstone1/production/virtual reality/diana/fish_effects_cache.abc)
[2017.05.05-22.02.06:204][820]LogAlembicImport:Display: Running import for frame 311 to frame 312
[2017.05.05-22.02.06:204][820]LogStats:     STAT_ALEMBIC_GenerateAbcMesh - 13.816 ms
[2017.05.05-22.02.06:204][820]LogStats:     STAT_ALEMBIC_GenerateAbcMesh -  0.528 ms
[2017.05.05-22.02.06:204][820]LogStats: Alembic_FAbcMeshDataImportRunnable::Run - 21.298 ms
[2017.05.05-22.02.06:204][820]LogStats:            Alembic_ReadTrackData - 57.250 ms
[2017.05.05-22.02.06:208][820]LogStaticMesh: Building static mesh fish_effects_cache...
[2017.05.05-22.02.06:277][820]LogStaticMesh: Built static mesh [0.07s] /Game/fish_effects_cache.fish_effects_cache
[2017.05.05-22.02.06:278][820]LogStats:Warning: MetaData mismatch. Did you assign a stat to two groups? New //STATGROUP_Threads//FAbcMeshDataImportRunnable///Thread_28fc_0///####STATCAT_Advanced#### old //STATGROUP_Threads//FAbcMeshDataImportRunnable///Thread_2608_0///####STATCAT_Advanced####
[2017.05.05-22.02.07:078][820]AssetTools: New page: Importing fish_effects_cache.abc
[2017.05.05-22.02.10:343][204]LogActorFactory: Actor Factory created fish_effects_cache
[2017.05.05-22.02.11:395][325]LogActorFactory: Actor Factory created fish_effects_cache
[2017.05.05-22.02.17:384][ 33]Cmd: DELETE
[2017.05.05-22.02.17:384][ 33]Cmd: ACTOR DELETE
[2017.05.05-22.02.17:387][ 33]LogEditorActor: Deleted Actor: StaticMeshActor
[2017.05.05-22.02.17:402][ 33]LogEditorActor: Deleted 1 Actors (0.015 secs)
[2017.05.05-22.02.32:892][842]LogActorFactory: Actor Factory created fish_effects_cache
[2017.05.05-22.02.34:210][999]LogActorFactory: Actor Factory created fish_effects_cache
[2017.05.05-22.02.41:395][850]LogSlate: Took 0.000221 seconds to synchronously load lazily loaded font '../../../Engine/Content/Editor/Slate/Fonts/Roboto-Italic.ttf' (157K)
[2017.05.05-22.03.01:695][246]LogTemp: Repeting last play command: Selected Viewport
[2017.05.05-22.03.01:714][246]LogBlueprintUserMessages: Early PlayInEditor Detection: Level '/Game/VirtualRealityBP/Maps/MotionControllerMap.MotionControllerMap:PersistentLevel' has LevelScriptBlueprint '/Game/VirtualRealityBP/Maps/MotionControllerMap.MotionControllerMap:PersistentLevel.MotionControllerMap' with GeneratedClass '/Game/VirtualRealityBP/Maps/MotionControllerMap.MotionControllerMap_C' with ClassGeneratedBy '/Game/VirtualRealityBP/Maps/MotionControllerMap.MotionControllerMap:PersistentLevel.MotionControllerMap'
[2017.05.05-22.03.01:714][246]LogPlayLevel: PlayLevel: No blueprints needed recompiling
[2017.05.05-22.03.01:714][246]PIE: New page: PIE session: MotionControllerMap (May 5, 2017, 8:03:01 AM)
[2017.05.05-22.03.01:715][246]LogPlayLevel: Creating play world package: /Game/VirtualRealityBP/Maps/UEDPIE_0_MotionControllerMap
[2017.05.05-22.03.01:727][246]LogPlayLevel: PIE: StaticDuplicateObject took: (0.011863s)
[2017.05.05-22.03.01:727][246]LogAIModule: Creating AISystem for world MotionControllerMap
[2017.05.05-22.03.01:728][246]LogPlayLevel: PIE: World Init took: (0.000713s)
[2017.05.05-22.03.01:728][246]LogPlayLevel: PIE: Created PIE world by copying editor world from /Game/VirtualRealityBP/Maps/MotionControllerMap.MotionControllerMap to /Game/VirtualRealityBP/Maps/UEDPIE_0_MotionControllerMap.MotionControllerMap (0.013202s)
[2017.05.05-22.03.01:740][246]LogInit: XAudio2 using 'Speakers (Realtek High Definition Audio)' : 2 channels at 48 kHz using 32 bits per sample (channel mask 0x3)
[2017.05.05-22.03.01:747][246]LogInit: FAudioDevice initialized.
[2017.05.05-22.03.01:797][246]LogUObjectGlobals:Warning: Failed to find object 'Class None.'
[2017.05.05-22.03.01:797][246]LogLoad: Game class is 'GameModeBase'
[2017.05.05-22.03.01:806][246]LogWorld: Bringing World /Game/VirtualRealityBP/Maps/UEDPIE_0_MotionControllerMap.MotionControllerMap up for play (max tick rate 0) at 2017.05.05-15.03.01
[2017.05.05-22.03.01:808][246]LogWorld: Bringing up level for play took: 0.003582
[2017.05.05-22.03.01:882][246]LogContentBrowser: Native class hierarchy updated for 'MovieSceneCapture' in 0.0014 seconds. Added 11 classes and 0 folders.
[2017.05.05-22.03.01:898][246]PIE: Info Play in editor start time for /Game/VirtualRealityBP/Maps/UEDPIE_0_MotionControllerMap 1.124
[2017.05.05-22.03.01:913][246]LogBlueprintUserMessages: Late PlayInEditor Detection: Level '/Game/VirtualRealityBP/Maps/MotionControllerMap.MotionControllerMap:PersistentLevel' has LevelScriptBlueprint '/Game/VirtualRealityBP/Maps/MotionControllerMap.MotionControllerMap:PersistentLevel.MotionControllerMap' with GeneratedClass '/Game/VirtualRealityBP/Maps/MotionControllerMap.MotionControllerMap_C' with ClassGeneratedBy '/Game/VirtualRealityBP/Maps/MotionControllerMap.MotionControllerMap:PersistentLevel.MotionControllerMap'
[2017.05.05-22.03.09:622][165]LogBlueprintUserMessages: Early EndPlayMap Detection: Level '/Game/VirtualRealityBP/Maps/MotionControllerMap.MotionControllerMap:PersistentLevel' has LevelScriptBlueprint '/Game/VirtualRealityBP/Maps/MotionControllerMap.MotionControllerMap:PersistentLevel.MotionControllerMap' with GeneratedClass '/Game/VirtualRealityBP/Maps/MotionControllerMap.MotionControllerMap_C' with ClassGeneratedBy '/Game/VirtualRealityBP/Maps/MotionControllerMap.MotionControllerMap:PersistentLevel.MotionControllerMap'
[2017.05.05-22.03.09:672][165]LogBlueprintUserMessages: Late EndPlayMap Detection: Level '/Game/VirtualRealityBP/Maps/MotionControllerMap.MotionControllerMap:PersistentLevel' has LevelScriptBlueprint '/Game/VirtualRealityBP/Maps/MotionControllerMap.MotionControllerMap:PersistentLevel.MotionControllerMap' with GeneratedClass '/Game/VirtualRealityBP/Maps/MotionControllerMap.MotionControllerMap_C' with ClassGeneratedBy '/Game/VirtualRealityBP/Maps/MotionControllerMap.MotionControllerMap:PersistentLevel.MotionControllerMap'
[2017.05.05-22.03.09:812][176]Cmd: SELECT NONE
[2017.05.05-22.03.12:500][496]MapCheck: New page: Map Check
[2017.05.05-22.03.12:515][496]Cmd: MAP REBUILD ALLVISIBLE
[2017.05.05-22.03.12:515][496]LogEditorServer: Rebuildmap Clear paths rebuilt
[2017.05.05-22.03.12:539][496]LightingResults: New page: Lighting Build - May 5, 2017, 8:03:12 AM
[2017.05.05-22.03.12:594][496]LogSwarmInterface: [OpenConnection] Registering TCP channel ...
[2017.05.05-22.03.12:623][496]LogSwarmInterface: [OpenConnection] Connecting to agent ...
[2017.05.05-22.03.12:631][496]LogSwarmInterface: [TryOpenConnection] Testing the Agent
[2017.05.05-22.03.13:138][496]LogSwarmInterface: [TryOpenConnection] Opening Connection to Agent
[2017.05.05-22.03.13:138][496]LogSwarmInterface: [TryOpenConnection] Local Process ID is 7692
[2017.05.05-22.03.20:244][496]LogStaticLightingSystem: Running Lightmass w/ ImmediateImport mode ENABLED
[2017.05.05-22.03.20:244][496]LogStaticLightingSystem: Running Lightmass w/ ImmediateProcess mode ENABLED
[2017.05.05-22.03.20:244][496]LogStaticLightingSystem: Running Lightmass w/ Sorting mode ENABLED
[2017.05.05-22.03.20:244][496]LogStaticLightingSystem: Running Lightmass w/ Mapping paddings ENABLED
[2017.05.05-22.03.20:244][496]LogStaticLightingSystem: Running Lightmass w/ Mapping debug paddings DISABLED
[2017.05.05-22.03.20:404][496]LogEditorBuildUtils: Build time 0:07
[2017.05.05-22.03.26:159][981]LogEditorViewport: Clicking on Actor (LMB): StaticMeshActor (fish_effects_cache)
[2017.05.05-22.03.27:672][117]Job is a success!
[2017.05.05-22.03.28:437][118]LogTexture:Display: Building textures: HQ_Lightmap0_1 (AutoDXT, 1024X1024) - 83 MB total VRAM
[2017.05.05-22.03.28:437][118]LogTexture:Display: Building textures: LQ_Lightmap_0_1 (DXT1, 1024X1024) - 83 MB total VRAM
[2017.05.05-22.03.28:437][118]LogTexture:Display: Building textures: HQ_Lightmap0_2 (AutoDXT, 1024X1024) - 83 MB total VRAM
[2017.05.05-22.03.28:437][118]LogTexture:Display: Building textures: LQ_Lightmap_0_2 (DXT1, 1024X1024) - 83 MB total VRAM
[2017.05.05-22.03.28:437][118]LogTexture:Display: Building textures: HQ_Lightmap0_3 (AutoDXT, 64X64) - 83 MB total VRAM
[2017.05.05-22.03.28:437][118]LogTexture:Display: Building textures: LQ_Lightmap_0_3 (DXT1, 64X64) - 83 MB total VRAM
[2017.05.05-22.03.28:616][118]LogTexture:Display: Building textures: ShadowMapTexture2D_2 (G8, 32X32) - 83 MB total VRAM
[2017.05.05-22.03.28:616][118]LogTexture:Display: Building textures: ShadowMapTexture2D_1 (G8, 1024X256) - 83 MB total VRAM
[2017.05.05-22.03.28:616][118]LogTexture:Display: Building textures: ShadowMapTexture2D_0 (G8, 1024X512) - 83 MB total VRAM
[2017.05.05-22.03.28:640][118]Lightmass on WATERCOLOR: 7.58 sec total, 100 ms importing, 14 ms setup, 2.11 sec photons, 5.33 sec processing, 0 ms extra exporting [58/58 mappings]. Threads: 37.2 sec total, 13.2 sec processing.
[2017.05.05-22.03.28:646][118]LogStaticLightingSystem: Illumination: 16.0 sec (564 ms encoding lightmaps, 173 ms encoding shadowmaps)
[2017.05.05-22.03.28:646][118]LogStaticLightingSystem: Lightmap texture memory:  4.0 MB (2.0 MB streaming, 2.0 MB non-streaming), 6 textures
[2017.05.05-22.03.28:646][118]LogStaticLightingSystem: Shadowmap texture memory: 1.0 MB (0.3 MB streaming, 0.7 MB non-streaming), 3 textures
[2017.05.05-22.03.29:247][118]DumpUnbuiltLightIteractions
[2017.05.05-22.03.29:247][118]Lights with unbuilt interactions: 0
[2017.05.05-22.03.29:247][118]
[2017.05.05-22.03.29:247][118]Primitives with unbuilt interactions: 0
[2017.05.05-22.03.29:255][119]Cmd: MAP CHECK NOTIFYRESULTS
[2017.05.05-22.03.29:256][119]MapCheck: New page: MotionControllerMap - May 5, 2017, 8:03:29 AM
[2017.05.05-22.03.29:496][119]MapCheck: Info Map check complete: 0 Error(s), 0 Warning(s), took 240.829ms to complete.
[2017.05.05-22.03.29:693][119]LogMaterial: Missing cached shader map for material M_SkyBox, compiling. 
[2017.05.05-22.03.29:693][119]LogTemp:Display: Added material ShaderMap 0x00000269EFBF4100 with Material 0x00000269E24BD780 to ShaderMapsBeingCompiled
[2017.05.05-22.03.29:700][119]LogTemp:Display: Kicking off shader compilation for M_SkyBox, GameThreadShaderMap 0x00000269EFBF4100
[2017.05.05-22.03.30:452][150]LogTemp:Display: Finished compile of shader map 0x00000269EFBF4100
[2017.05.05-22.03.30:452][150]LogTemp:Display: Shader map M_SkyBox complete, GameThreadShaderMap 0x00000269EFBF4100, marking material M_SkyBox as finished
[2017.05.05-22.03.30:452][150]LogTemp:Display: Marking material as finished 0x00000269E24BD780
[2017.05.05-22.03.37:396][906]LogTemp: Repeting last play command: Selected Viewport
[2017.05.05-22.03.37:414][906]LogBlueprintUserMessages: Early PlayInEditor Detection: Level '/Game/VirtualRealityBP/Maps/MotionControllerMap.MotionControllerMap:PersistentLevel' has LevelScriptBlueprint '/Game/VirtualRealityBP/Maps/MotionControllerMap.MotionControllerMap:PersistentLevel.MotionControllerMap' with GeneratedClass '/Game/VirtualRealityBP/Maps/MotionControllerMap.MotionControllerMap_C' with ClassGeneratedBy '/Game/VirtualRealityBP/Maps/MotionControllerMap.MotionControllerMap:PersistentLevel.MotionControllerMap'
[2017.05.05-22.03.37:414][906]LogPlayLevel: PlayLevel: No blueprints needed recompiling
[2017.05.05-22.03.37:414][906]PIE: New page: PIE session: MotionControllerMap (May 5, 2017, 8:03:37 AM)
[2017.05.05-22.03.37:414][906]LogPlayLevel: Creating play world package: /Game/VirtualRealityBP/Maps/UEDPIE_0_MotionControllerMap
[2017.05.05-22.03.37:425][906]LogPlayLevel: PIE: StaticDuplicateObject took: (0.010136s)
[2017.05.05-22.03.37:425][906]LogAIModule: Creating AISystem for world MotionControllerMap
[2017.05.05-22.03.37:425][906]LogPlayLevel: PIE: World Init took: (0.000517s)
[2017.05.05-22.03.37:425][906]LogPlayLevel: PIE: Created PIE world by copying editor world from /Game/VirtualRealityBP/Maps/MotionControllerMap.MotionControllerMap to /Game/VirtualRealityBP/Maps/UEDPIE_0_MotionControllerMap.MotionControllerMap (0.010870s)
[2017.05.05-22.03.37:434][906]LogInit: XAudio2 using 'Speakers (Realtek High Definition Audio)' : 2 channels at 48 kHz using 32 bits per sample (channel mask 0x3)
[2017.05.05-22.03.37:442][906]LogInit: FAudioDevice initialized.
[2017.05.05-22.03.37:469][906]LogUObjectGlobals:Warning: Failed to find object 'Class None.'
[2017.05.05-22.03.37:469][906]LogLoad: Game class is 'GameModeBase'
[2017.05.05-22.03.37:472][906]LogWorld: Bringing World /Game/VirtualRealityBP/Maps/UEDPIE_0_MotionControllerMap.MotionControllerMap up for play (max tick rate 0) at 2017.05.05-15.03.37
[2017.05.05-22.03.37:472][906]LogWorld: Bringing up level for play took: 0.002252
[2017.05.05-22.03.37:474][906]PIE: Info Play in editor start time for /Game/VirtualRealityBP/Maps/UEDPIE_0_MotionControllerMap 0.701
[2017.05.05-22.03.37:474][906]LogBlueprintUserMessages: Late PlayInEditor Detection: Level '/Game/VirtualRealityBP/Maps/MotionControllerMap.MotionControllerMap:PersistentLevel' has LevelScriptBlueprint '/Game/VirtualRealityBP/Maps/MotionControllerMap.MotionControllerMap:PersistentLevel.MotionControllerMap' with GeneratedClass '/Game/VirtualRealityBP/Maps/MotionControllerMap.MotionControllerMap_C' with ClassGeneratedBy '/Game/VirtualRealityBP/Maps/MotionControllerMap.MotionControllerMap:PersistentLevel.MotionControllerMap'
[2017.05.05-22.03.44:388][733]LogBlueprintUserMessages: Early EndPlayMap Detection: Level '/Game/VirtualRealityBP/Maps/MotionControllerMap.MotionControllerMap:PersistentLevel' has LevelScriptBlueprint '/Game/VirtualRealityBP/Maps/MotionControllerMap.MotionControllerMap:PersistentLevel.MotionControllerMap' with GeneratedClass '/Game/VirtualRealityBP/Maps/MotionControllerMap.MotionControllerMap_C' with ClassGeneratedBy '/Game/VirtualRealityBP/Maps/MotionControllerMap.MotionControllerMap:PersistentLevel.MotionControllerMap'
[2017.05.05-22.03.44:450][733]LogBlueprintUserMessages: Late EndPlayMap Detection: Level '/Game/VirtualRealityBP/Maps/MotionControllerMap.MotionControllerMap:PersistentLevel' has LevelScriptBlueprint '/Game/VirtualRealityBP/Maps/MotionControllerMap.MotionControllerMap:PersistentLevel.MotionControllerMap' with GeneratedClass '/Game/VirtualRealityBP/Maps/MotionControllerMap.MotionControllerMap_C' with ClassGeneratedBy '/Game/VirtualRealityBP/Maps/MotionControllerMap.MotionControllerMap:PersistentLevel.MotionControllerMap'
[2017.05.05-22.03.44:536][739]Cmd: SELECT NONE
[2017.05.05-22.03.44:678][756]Cmd: SELECT NONE
[2017.05.05-22.03.44:819][773]Cmd: SELECT NONE
[2017.05.05-22.03.51:840][435]LogSavePackage: Save=1401.82ms
[2017.05.05-22.03.51:840][435]LogSavePackage: Moving 'Z:/animation/vr/VR-UW/Diana/VRProject/Saved/MotionControllerMap76779E784F511A82CB63F3B761B13BFF.tmp' to 'Z:/animation/vr/VR-UW/Diana/VRProject/Content/VirtualRealityBP/Maps/MotionControllerMap.umap'
[2017.05.05-22.03.52:495][435]LogSavePackage:Display: Finished SavePackage Z:/animation/vr/VR-UW/Diana/VRProject/Content/VirtualRealityBP/Maps/MotionControllerMap.umap
[2017.05.05-22.03.52:961][435]LogSavePackage: Save=382.08ms
[2017.05.05-22.03.52:961][435]LogSavePackage: Moving 'Z:/animation/vr/VR-UW/Diana/VRProject/Saved/MotionControllerMap_BuiltDataAF7E1467449C6F6CF6C3659699DE83D2.tmp' to 'Z:/animation/vr/VR-UW/Diana/VRProject/Content/VirtualRealityBP/Maps/MotionControllerMap_BuiltData.uasset'
[2017.05.05-22.03.53:517][435]LogSavePackage:Display: Finished SavePackage Z:/animation/vr/VR-UW/Diana/VRProject/Content/VirtualRealityBP/Maps/MotionControllerMap_BuiltData.uasset
[2017.05.05-22.04.49:792][604]Cmd: OBJ SAVEPACKAGE PACKAGE="/Game/fish_effects_cache" FILE="Z:/animation/vr/VR-UW/Diana/VRProject/Content/fish_effects_cache.uasset" SILENT=true
[2017.05.05-22.04.49:928][604]LogSavePackage: Save=97.23ms
[2017.05.05-22.04.49:928][604]LogSavePackage: Moving 'Z:/animation/vr/VR-UW/Diana/VRProject/Saved/fish_effects_cache667DF333481A3680CF71ADB62BF7F57F.tmp' to 'Z:/animation/vr/VR-UW/Diana/VRProject/Content/fish_effects_cache.uasset'
[2017.05.05-22.04.50:491][604]LogSavePackage:Display: Finished SavePackage Z:/animation/vr/VR-UW/Diana/VRProject/Content/fish_effects_cache.uasset
