Log file open, 05/03/17 16:00:53
LogInit:Display: Running engine for game: VRProject
LogPlatformFile: Not using cached read wrapper
LogInit:Display: RandInit(-751042891) SRandInit(-751042890).
LogTaskGraph: Started task graph with 5 named threads and 6 total threads with 1 sets of task threads.
LogStats: Stats thread started at 0.178892
LogInit: Using libcurl 7.47.1
LogInit:  - built for x86_64-pc-win32
LogInit:  - supports SSL with OpenSSL/1.0.2g
LogInit:  - supports HTTP deflate (compression) using libz 1.2.8
LogInit:  - other features:
LogInit:      CURL_VERSION_SSL
LogInit:      CURL_VERSION_LIBZ
LogInit:      CURL_VERSION_IPV6
LogInit:      CURL_VERSION_ASYNCHDNS
LogInit:      CURL_VERSION_LARGEFILE
LogInit:      CURL_VERSION_IDN
LogInit:  CurlRequestOptions (configurable via config and command line):
LogInit:  - bVerifyPeer = false  - Libcurl will NOT verify peer certificate
LogInit:  - bUseHttpProxy = false  - Libcurl will NOT use HTTP proxy
LogInit:  - bDontReuseConnections = false  - Libcurl will reuse connections
LogInit:  - CertBundlePath = nullptr  - Libcurl will use whatever was configured at build time.
LogInit: Build: ++UE4+Release-4.15-CL-3348071
LogInit: Engine Version: 4.15.1-3348071+++UE4+Release-4.15
LogInit: Compatible Engine Version: 4.15.0-3299760+++UE4+Release-4.15
LogInit: Net CL: 3299760
LogDevObjectVersion: Number of dev versions registered: 14
LogDevObjectVersion:   Dev-Blueprints (B0D832E4-1F89-4F0D-ACCF-7EB736FD4AA2): 8
LogDevObjectVersion:   Dev-Build (E1C64328-A22C-4D53-A36C-8E866417BD8C): 0
LogDevObjectVersion:   Dev-Core (375EC13C-06E4-48FB-B500-84F0262A717E): 2
LogDevObjectVersion:   Dev-Editor (E4B068ED-F494-42E9-A231-DA0B2E46BB41): 14
LogDevObjectVersion:   Dev-Framework (CFFC743F-43B0-4480-9391-14DF171D2073): 22
LogDevObjectVersion:   Dev-Mobile (B02B49B5-BB20-44E9-A304-32B752E40360): 0
LogDevObjectVersion:   Dev-Networking (A4E4105C-59A1-49B5-A7C5-40C4547EDFEE): 0
LogDevObjectVersion:   Dev-Online (39C831C9-5AE6-47DC-9A44-9C173E1C8E7C): 0
LogDevObjectVersion:   Dev-Physics (78F01B33-EBEA-4F98-B9B4-84EACCB95AA2): 0
LogDevObjectVersion:   Dev-Platform (6631380F-2D4D-43E0-8009-CF276956A95A): 0
LogDevObjectVersion:   Dev-Rendering (12F88B9F-8875-4AFC-A67C-D90C383ABD29): 12
LogDevObjectVersion:   Dev-Sequencer (7B5AE74C-D270-4C10-A958-57980B212A5A): 3
LogDevObjectVersion:   Dev-VR (D7296918-1DD6-4BDD-9DE2-64A83CC13884): 0
LogDevObjectVersion:   Dev-LoadTimes (C2A15278-BFE7-4AFE-6C17-90FF531DF755): 1
LogInit: Compiled (64-bit): Mar 15 2017 16:52:47
LogInit: Compiled with Visual C++: 19.00.23026.00
LogInit: Build Configuration: Development
LogInit: Branch Name: ++UE4+Release-4.15
LogInit: Command line: 
LogInit: Base directory: C:/Program Files/Epic Games/UE_4.15/Engine/Binaries/Win64/
LogInit: Installed Engine Build: 1
LogInit: Presizing for max 8388607 objects, including 0 objects not considered by GC, pre-allocating 0 bytes for permanent pool.
LogInit: Object subsystem initialized
[2017.05.03-23.00.55:712][  0]LogConsoleManager:Display: Setting the console variable 'r.RHICmdBypass' with 'SetByProjectSetting' was ignored as it is lower priority than the previous 'SetBySystemSettingsIni'. Value remains '1'
[2017.05.03-23.00.55:722][  0]LogInit: Selected Device Profile: [Windows]
[2017.05.03-23.00.55:722][  0]LogInit: Applying CVar settings loaded from the selected device profile: [Windows]
[2017.05.03-23.00.55:766][  0]LogInit: Computer: LENOVO-PC
[2017.05.03-23.00.55:766][  0]LogInit: User: Diana
[2017.05.03-23.00.55:766][  0]LogInit: CPU Page size=65536, Cores=2
[2017.05.03-23.00.55:766][  0]LogInit: High frequency timer resolution =2.533192 MHz
[2017.05.03-23.00.55:767][  0]LogMemory: Memory total: Physical=7.9GB (8GB approx)
[2017.05.03-23.00.55:767][  0]LogMemory: Platform Memory Stats for Windows
[2017.05.03-23.00.55:767][  0]LogMemory: Process Physical Memory: 262.94 MB used, 262.94 MB peak
[2017.05.03-23.00.55:767][  0]LogMemory: Process Virtual Memory: 262.32 MB used, 262.32 MB peak
[2017.05.03-23.00.55:767][  0]LogMemory: Physical Memory: 5280.20 MB used,  2824.08 MB free, 8104.27 MB total
[2017.05.03-23.00.55:768][  0]LogMemory: Virtual Memory: 643.25 MB used,  2824.08 MB free, 134217728.00 MB total
[2017.05.03-23.00.56:093][  0]LogTextLocalizationManager: No specific translations for ('en-US') exist, so ('en') translations will be used.
[2017.05.03-23.00.58:595][  0]LogD3D11RHI: D3D11 adapters:
[2017.05.03-23.00.58:616][  0]LogD3D11RHI:    0. 'Intel(R) HD Graphics Family' (Feature Level 11_0)
[2017.05.03-23.00.58:616][  0]LogD3D11RHI:       112/0/2048 MB DedicatedVideo/DedicatedSystem/SharedSystem, Outputs:1, VendorId:0x8086
[2017.05.03-23.00.58:621][  0]LogD3D11RHI:    1. 'Microsoft Basic Render Driver' (Feature Level 11_0)
[2017.05.03-23.00.58:621][  0]LogD3D11RHI:       0/0/4052 MB DedicatedVideo/DedicatedSystem/SharedSystem, Outputs:0, VendorId:0x1414
[2017.05.03-23.00.58:621][  0]LogD3D11RHI: Chosen D3D11 Adapter: 0
[2017.05.03-23.00.58:639][  0]LogD3D11RHI: Creating new Direct3DDevice
[2017.05.03-23.00.58:639][  0]LogD3D11RHI:     GPU DeviceId: 0xa16 (for the marketing name, search the web for "GPU Device Id")
[2017.05.03-23.00.58:639][  0]LogWindows: EnumDisplayDevices:
[2017.05.03-23.00.58:639][  0]LogWindows:    0. 'Intel(R) HD Graphics Family' (P:1 D:1)
[2017.05.03-23.00.58:640][  0]LogWindows:    1. 'Intel(R) HD Graphics Family' (P:0 D:0)
[2017.05.03-23.00.58:641][  0]LogWindows:    2. 'Intel(R) HD Graphics Family' (P:0 D:0)
[2017.05.03-23.00.58:642][  0]LogWindows: DebugString: FoundDriverCount:3 
[2017.05.03-23.00.58:642][  0]LogD3D11RHI:     Adapter Name: Intel(R) HD Graphics Family
[2017.05.03-23.00.58:642][  0]LogD3D11RHI:   Driver Version: 10.18.15.4279 (internal:10.18.15.4279, unified:10.18.15.4279)
[2017.05.03-23.00.58:642][  0]LogD3D11RHI:      Driver Date: 8-24-2015
[2017.05.03-23.00.58:642][  0]LogRHI: Texture pool is 795 MB (70% of 1136 MB)
[2017.05.03-23.00.58:658][  0]LogD3D11RHI: Async texture creation enabled
[2017.05.03-23.00.58:673][  0]LogD3D11RHI: GPU Timing Frequency: 12.500000 (Debug: 2 0)
[2017.05.03-23.00.58:674][  0]LogShaderCompilers: Guid format shader working directory is -20 characters bigger than the processId version (../../../../../../Users/Diana/Documents/Unreal Projects/VRProject/Intermediate/Shaders/WorkingDirectory/15136/).
[2017.05.03-23.00.58:675][  0]LogShaderCompilers: Cleaned the shader compiler working directory 'C:/Users/Diana/AppData/Local/Temp/UnrealShaderWorkingDir/02DA6DA6426CEFEDF063D08A6F12FBC6/'.
[2017.05.03-23.00.58:675][  0]LogShaderCompilers:Display: Using Local Shader Compiler.
[2017.05.03-23.01.03:388][  0]LogTemp:Display: Loaded TP AllDesktopTargetPlatform
[2017.05.03-23.01.03:636][  0]LogTemp:Display: Loaded TP MacClientTargetPlatform
[2017.05.03-23.01.03:884][  0]LogTemp:Display: Loaded TP MacNoEditorTargetPlatform
[2017.05.03-23.01.04:134][  0]LogTemp:Display: Loaded TP MacServerTargetPlatform
[2017.05.03-23.01.04:379][  0]LogTemp:Display: Loaded TP MacTargetPlatform
[2017.05.03-23.01.04:625][  0]LogTemp:Display: Loaded TP WindowsClientTargetPlatform
[2017.05.03-23.01.04:874][  0]LogTemp:Display: Loaded TP WindowsNoEditorTargetPlatform
[2017.05.03-23.01.05:124][  0]LogTemp:Display: Loaded TP WindowsServerTargetPlatform
[2017.05.03-23.01.05:326][  0]LogTemp:Display: Loaded TP WindowsTargetPlatform
[2017.05.03-23.01.05:565][  0]LogTemp:Display: Loaded TP AndroidTargetPlatform
[2017.05.03-23.01.05:803][  0]LogTemp:Display: Loaded TP Android_ASTCTargetPlatform
[2017.05.03-23.01.06:046][  0]LogTemp:Display: Loaded TP Android_ATCTargetPlatform
[2017.05.03-23.01.06:285][  0]LogTemp:Display: Loaded TP Android_DXTTargetPlatform
[2017.05.03-23.01.06:525][  0]LogTemp:Display: Loaded TP Android_ETC1TargetPlatform
[2017.05.03-23.01.06:761][  0]LogTemp:Display: Loaded TP Android_ETC2TargetPlatform
[2017.05.03-23.01.07:237][  0]LogTemp:Display: Loaded TP Android_MultiTargetPlatform
[2017.05.03-23.01.07:237][  0]LogTemp:Display: Loaded TP Android_PVRTCTargetPlatform
[2017.05.03-23.01.07:410][  0]LogTemp:Display: Loaded TP HTML5TargetPlatform
[2017.05.03-23.01.07:773][  0]LogTemp:Display: Loaded TP IOSTargetPlatform
[2017.05.03-23.01.07:931][  0]LogTemp:Display: Loaded TP TVOSTargetPlatform
[2017.05.03-23.01.08:173][  0]LogTemp:Display: Loaded TP LinuxClientTargetPlatform
[2017.05.03-23.01.08:413][  0]LogTemp:Display: Loaded TP LinuxNoEditorTargetPlatform
[2017.05.03-23.01.08:651][  0]LogTemp:Display: Loaded TP LinuxServerTargetPlatform
[2017.05.03-23.01.08:897][  0]LogTemp:Display: Loaded TP LinuxTargetPlatform
[2017.05.03-23.01.08:897][  0]LogTargetPlatformManager:Display: Building Assets For Windows
[2017.05.03-23.01.10:845][  0]LogDerivedDataCache:Display: Max Cache Size: 512 MB
[2017.05.03-23.01.11:069][  0]LogDerivedDataCache: Loaded boot cache 0.22s 61MB C:/Users/Diana/AppData/Local/UnrealEngine/4.15/DerivedDataCache/Boot.ddc.
[2017.05.03-23.01.11:070][  0]LogDerivedDataCache:Display: Loaded Boot cache: C:/Users/Diana/AppData/Local/UnrealEngine/4.15/DerivedDataCache/Boot.ddc
[2017.05.03-23.01.11:070][  0]LogDerivedDataCache: FDerivedDataBackendGraph:  Pak pak cache file ../../../../../../Users/Diana/Documents/Unreal Projects/VRProject/DerivedDataCache/DDC.ddp not found, will not use a pak cache.
[2017.05.03-23.01.11:070][  0]LogDerivedDataCache: Unable to find inner node Pak for hierarchical cache Hierarchy.
[2017.05.03-23.01.11:070][  0]LogDerivedDataCache: FDerivedDataBackendGraph:  CompressedPak pak cache file ../../../../../../Users/Diana/Documents/Unreal Projects/VRProject/DerivedDataCache/Compressed.ddp not found, will not use a pak cache.
[2017.05.03-23.01.11:070][  0]LogDerivedDataCache: Unable to find inner node CompressedPak for hierarchical cache Hierarchy.
[2017.05.03-23.01.11:147][  0]LogDerivedDataCache:Display: Pak cache opened for reading ../../../Engine/DerivedDataCache/Compressed.ddp.
[2017.05.03-23.01.11:164][  0]LogDerivedDataCache: Using Local data cache path C:/Users/Diana/AppData/Local/UnrealEngine/Common/DerivedDataCache: Writable
[2017.05.03-23.01.11:202][  0]LogSlate: Using Freetype 2.6.0
[2017.05.03-23.01.11:204][  0]LogSlate: SlateFontCache - WITH_FREETYPE: 1, WITH_HARFBUZZ: 1
[2017.05.03-23.01.11:204][  0]LogSlate: SlateFontCache - WITH_FREETYPE: 1, WITH_HARFBUZZ: 1
[2017.05.03-23.01.12:522][  0]LogInit: Selected Device Profile: [Windows]
[2017.05.03-23.01.12:534][  0]LogContentStreaming: Texture pool size is 0.00 MB
[2017.05.03-23.01.13:454][  0]LogMeshUtilities: Using QuadricMeshReduction for automatic static mesh reduction
[2017.05.03-23.01.13:646][  0]LogSimplygon: Simplygon DLL not present - disabling.
[2017.05.03-23.01.13:884][  0]LogMeshUtilities: Using SimplygonSwarm for distributed automatic mesh merging
[2017.05.03-23.01.13:884][  0]LogMeshUtilities: No automatic skeletal mesh reduction module available
[2017.05.03-23.01.13:884][  0]LogMeshUtilities: No automatic mesh merging module available
[2017.05.03-23.01.16:218][  0]LogNetVersion: GetLocalNetworkVersion: CL: 3299760, ProjectName: vrproject, ProjectVersion: , EngineNetworkVersion: 2, GameNetworkVersion: 0, NetworkChecksum: 2635692910
[2017.05.03-23.01.16:342][  0]LogAssetRegistry: FAssetRegistry took 0.0232 seconds to start up
[2017.05.03-23.01.16:578][  0]LogPackageLocalizationCache: Processed 3 localized package path(s) for 2 prioritized culture(s) in 0.109463 seconds
[2017.05.03-23.01.16:602][  0]LogUObjectArray: 32493 objects as part of root set at end of initial load.
[2017.05.03-23.01.16:602][  0]LogUObjectAllocator: 7077032 out of 0 bytes used by permanent object pool.
[2017.05.03-23.01.16:602][  0]LogUObjectArray: CloseDisregardForGC: 0/0 objects in disregard for GC pool
[2017.05.03-23.01.16:909][  0]LogInit: WinSock: version 1.1 (2.2), MaxSocks=32767, MaxUdp=65467
[2017.05.03-23.01.24:042][  0]LogTcpMessaging: Initializing TcpMessaging bridge
[2017.05.03-23.01.24:222][  0]LogUdpMessaging: Initializing bridge on interface 0.0.0.0:0 to multicast group 230.0.0.1:6666.
[2017.05.03-23.01.26:049][  0]LogMaterial: Uniform references updated for custom material expression Custom.
[2017.05.03-23.01.27:921][  0]SourceControl: Info Source control is disabled
[2017.05.03-23.01.28:278][  0]SourceControl: Info Source control is disabled
[2017.05.03-23.01.28:538][  0]SourceControl: Info Source control is disabled
[2017.05.03-23.01.28:795][  0]SourceControl: Info Source control is disabled
[2017.05.03-23.01.34:885][  0]LogEngine: Initializing Engine...
[2017.05.03-23.01.34:887][  0]LogHMD: Failed to initialize OpenVR with code 110
[2017.05.03-23.01.35:869][  0]LogAIModule: Creating AISystem for world Untitled
[2017.05.03-23.01.35:900][  0]LogInit: XAudio2 using 'Speakers (Realtek High Definition Audio)' : 2 channels at 48 kHz using 32 bits per sample (channel mask 0x3)
[2017.05.03-23.01.36:003][  0]LogInit: FAudioDevice initialized.
[2017.05.03-23.01.36:116][  0]LogDerivedDataCache: Saved boot cache 0.11s 61MB C:/Users/Diana/AppData/Local/UnrealEngine/4.15/DerivedDataCache/Boot.ddc.
[2017.05.03-23.01.36:134][  0]LogInit: Texture streaming: Enabled
[2017.05.03-23.01.36:574][  0]LogEngineSessionManager: EngineSessionManager initialized
[2017.05.03-23.01.36:574][  0]LogEngineSessionManager: EngineSessionManager sent abnormal shutdown report. Type=Crashed, SessionId={AD8528E7-4F55-7FB4-9AB4-8381C71A8D1B}
[2017.05.03-23.01.36:959][  0]LogInit: Transaction tracking system initialized
[2017.05.03-23.01.38:527][  0]BlueprintLog: New page: Editor Load
[2017.05.03-23.01.44:275][  0]LocalizationService: Info Localization service is disabled
[2017.05.03-23.01.47:306][  0]LogConsoleResponse:Display: 
[2017.05.03-23.01.47:878][  0]LogCook:Display: Max memory allowance for cook 16384mb min free memory 0mb
[2017.05.03-23.01.47:878][  0]LogCook:Display: Mobile HDR setting 1
[2017.05.03-23.01.48:002][  0]LogFileCache: Scanning file cache for directory 'C:/Users/Diana/Documents/Unreal Projects/VRProject/Content/' took 0.02s
[2017.05.03-23.01.53:388][  0]SourceControl: Info Source control is disabled
[2017.05.03-23.01.53:482][  0]LogWindowsTextInputMethodSystem:Display: IME system now deactivated.
[2017.05.03-23.01.53:483][  0]LogWindowsTextInputMethodSystem:Display: IME system now deactivated.
[2017.05.03-23.01.53:541][  0]LogSlate: Took 0.000748 seconds to synchronously load lazily loaded font '../../../Engine/Content/Slate/Fonts/Roboto-Regular.ttf' (155K)
[2017.05.03-23.02.03:601][  0]LogWindowsTextInputMethodSystem:Display: IME system now deactivated.
[2017.05.03-23.02.03:601][  0]LogWindowsTextInputMethodSystem:Display: IME system now deactivated.
[2017.05.03-23.02.03:682][  0]LogWindowsTextInputMethodSystem:Display: IME system now deactivated.
[2017.05.03-23.02.03:683][  0]LogWindowsTextInputMethodSystem:Display: IME system now deactivated.
[2017.05.03-23.02.09:467][  0]LogWindowsTextInputMethodSystem:Display: IME system now deactivated.
[2017.05.03-23.02.09:467][  0]LogWindowsTextInputMethodSystem:Display: IME system now deactivated.
[2017.05.03-23.02.09:611][  0]LogWindowsTextInputMethodSystem:Display: IME system now deactivated.
[2017.05.03-23.02.09:611][  0]LogWindowsTextInputMethodSystem:Display: IME system now deactivated.
[2017.05.03-23.02.09:616][  0]Cmd: MAP LOAD FILE="../../../../../../Users/Diana/Documents/Unreal Projects/VRProject/Content/VirtualRealityBP/Maps/StartupMap.umap" TEMPLATE=0 SHOWPROGRESS=1 FEATURELEVEL=3
[2017.05.03-23.02.09:618][  0]LightingResults: New page: Lighting Build
[2017.05.03-23.02.10:094][  0]MapCheck: New page: Map Check
[2017.05.03-23.02.10:094][  0]LightingResults: New page: Lighting Build
[2017.05.03-23.02.10:744][  0]LogAIModule: Creating AISystem for world StartupMap
[2017.05.03-23.02.10:975][  0]LogEditorServer: Finished looking for orphan Actors (0.003 secs)
[2017.05.03-23.02.10:980][  0]Cmd: MAP CHECKDEP NOCLEARLOG
[2017.05.03-23.02.11:274][  0]MapCheck: Info Map check complete: 0 Error(s), 0 Warning(s), took 293.892ms to complete.
[2017.05.03-23.02.11:276][  0]LogFileHelpers: Loading map 'StartupMap' took 1.660
[2017.05.03-23.02.11:785][  0]LogStats:Warning: MetaData mismatch. Did you assign a stat to two groups? New //STATGROUP_Threads//SplashScreenThread///Thread_3244_0///####STATCAT_Advanced#### old //STATGROUP_Threads//SplashScreenThread///Thread_1fcc_0///####STATCAT_Advanced####
[2017.05.03-23.02.11:785][  0]LogCollectionManager: Loaded 0 collections in 0.006323 seconds
[2017.05.03-23.02.12:047][  0]LogFileCache: Scanning file cache for directory 'C:/Users/Diana/Documents/Unreal Projects/VRProject/Saved/Collections/' took 0.01s
[2017.05.03-23.02.12:047][  0]LogFileCache: Scanning file cache for directory 'C:/Users/Diana/Documents/Unreal Projects/VRProject/Content/Developers/Diana/Collections/' took 0.01s
[2017.05.03-23.02.12:047][  0]LogFileCache: Scanning file cache for directory 'C:/Users/Diana/Documents/Unreal Projects/VRProject/Content/Collections/' took 0.01s
[2017.05.03-23.02.12:047][  0]LogCollectionManager: Rebuilt the GUID cache for 0 collections in 0.000005 seconds
[2017.05.03-23.02.12:090][  0]LogContentBrowser: Native class hierarchy populated in 0.0420 seconds. Added 2245 classes and 453 folders.
[2017.05.03-23.02.12:109][  0]LogStats: UGameplayTagsManager::ConstructGameplayTagTree: Construct from data asset -  0.000 s
[2017.05.03-23.02.12:109][  0]LogStats: UGameplayTagsManager::ConstructGameplayTagTree: GameplayTagTreeChangedEvent.Broadcast -  0.000 s
[2017.05.03-23.02.12:418][  0]LogContentBrowser: Native class hierarchy updated for 'WidgetCarousel' in 0.0018 seconds. Added 0 classes and 0 folders.
[2017.05.03-23.02.12:591][  0]LogContentBrowser: Native class hierarchy updated for 'AddContentDialog' in 0.0019 seconds. Added 0 classes and 0 folders.
[2017.05.03-23.02.12:788][  0]LogContentBrowser: Native class hierarchy updated for 'SceneOutliner' in 0.0020 seconds. Added 1 classes and 2 folders.
[2017.05.03-23.02.12:997][  0]LogCrashTracker: Crashtracker disabled due to settings.
[2017.05.03-23.02.13:023][  0]LogUObjectGlobals:Warning: Failed to find object 'Class None.'
[2017.05.03-23.02.13:308][  0]LogContentBrowser: Native class hierarchy updated for 'HierarchicalLODOutliner' in 0.0021 seconds. Added 1 classes and 2 folders.
[2017.05.03-23.02.13:309][  0]LogLoad: (Engine Initialization) Total time: 84.02 seconds
[2017.05.03-23.02.13:309][  0]LogLoad: (Engine Initialization) Total Blueprint compile time: 0.21 seconds
[2017.05.03-23.02.13:309][  0]LogExternalProfiler: Found external profiler: VSPerf
[2017.05.03-23.02.13:309][  0]LogExternalProfiler: Using external profiler: VSPerf
[2017.05.03-23.02.13:322][  0]LogOcInput: OculusInput pre-init called
[2017.05.03-23.02.13:393][  0]LogContentStreaming: Texture pool size now 1000 MB
[2017.05.03-23.02.13:401][  0]LogSlate: Took 0.000869 seconds to synchronously load lazily loaded font '../../../Engine/Content/Slate/Fonts/Roboto-Bold.ttf' (160K)
[2017.05.03-23.02.13:421][  0]LogSlate: Took 0.000914 seconds to synchronously load lazily loaded font '../../../Engine/Content/Editor/Slate/Fonts/FontAwesome.ttf' (139K)
[2017.05.03-23.02.13:655][  0]LogSlate: Took 0.000857 seconds to synchronously load lazily loaded font '../../../Engine/Content/Slate/Fonts/Roboto-Light.ttf' (159K)
[2017.05.03-23.02.13:922][  1]LogRenderer: Reallocating scene render targets to support 796x344 NumSamples 1 (Frame:2).
[2017.05.03-23.02.15:496][  3]LogMaterial: Missing cached shader map for material Material_0, compiling. 
[2017.05.03-23.02.15:499][  3]LogMaterial:Warning: Failed to compile Material /Engine/Transient.Material_0 for platform PCD3D_SM5, Default Material will be used in game.
[2017.05.03-23.02.15:499][  3]LogMaterial:Warning: 	Only transparent or postprocess materials can read from scene depth.
[2017.05.03-23.02.15:532][  3]LogSlate: Took 0.000836 seconds to synchronously load lazily loaded font '../../../Engine/Content/Slate/Fonts/Roboto-Light.ttf' (159K)
[2017.05.03-23.02.16:074][  6]LogAssetRegistry: Asset discovery search completed in 59.7555 seconds
[2017.05.03-23.02.16:074][  6]LogCollectionManager: Rebuilt the object cache for 0 collections in 0.000022 seconds (found 0 objects)
[2017.05.03-23.02.16:074][  6]LogCollectionManager: Fixed up redirectors for 0 collections in 0.000072 seconds (updated 0 objects)
[2017.05.03-23.02.36:731][654]Cmd: MAP LOAD FILE="../../../../../../Users/Diana/Documents/Unreal Projects/VRProject/Content/VirtualRealityBP/Maps/MotionControllerMap.umap" TEMPLATE=0 SHOWPROGRESS=1 FEATURELEVEL=3
[2017.05.03-23.02.36:743][654]LogSlate: Took 0.000756 seconds to synchronously load lazily loaded font '../../../Engine/Content/Slate/Fonts/Roboto-Light.ttf' (159K)
[2017.05.03-23.02.36:777][654]LightingResults: New page: Lighting Build
[2017.05.03-23.02.36:787][654]LoadErrors: New page: Loading map: MotionControllerMap.umap
[2017.05.03-23.02.36:790][654]MapCheck: New page: Map Check
[2017.05.03-23.02.36:790][654]LightingResults: New page: Lighting Build
[2017.05.03-23.02.38:032][654]LogSlate: Took 0.000658 seconds to synchronously load lazily loaded font '../../../Engine/Content/Slate/Fonts/Roboto-Regular.ttf' (155K)
[2017.05.03-23.02.39:354][654]LogAIModule: Creating AISystem for world MotionControllerMap
[2017.05.03-23.02.39:435][654]LogEditorServer: Finished looking for orphan Actors (0.000 secs)
[2017.05.03-23.02.39:539][654]Cmd: MAP CHECKDEP NOCLEARLOG
[2017.05.03-23.02.39:756][654]MapCheck: Info Map check complete: 0 Error(s), 0 Warning(s), took 216.923ms to complete.
[2017.05.03-23.02.39:756][654]LogFileHelpers: Loading map 'MotionControllerMap' took 3.027
[2017.05.03-23.02.57:902][ 46]LogContentBrowser: Native class hierarchy updated for 'BlueprintGraph' in 0.0035 seconds. Added 112 classes and 0 folders.
[2017.05.03-23.03.00:659][ 46]LogSlate: Took 0.002859 seconds to synchronously load lazily loaded font '../../../Engine/Content/Editor/Slate/Fonts/Roboto-BoldCondensed.ttf' (158K)
[2017.05.03-23.03.00:968][ 47]LogSlate: Took 0.000823 seconds to synchronously load lazily loaded font '../../../Engine/Content/Editor/Slate/Fonts/Roboto-Italic.ttf' (157K)
[2017.05.03-23.05.37:055][500]LogCrashTracker: 


[2017.05.03-23.05.37:055][500]LogCrashTracker: 


[2017.05.03-23.05.37:055][500]LogWindows:Error: === Critical error: ===
[2017.05.03-23.05.37:056][500]LogWindows:Error: 
[2017.05.03-23.05.37:056][500]LogWindows:Error: Fatal error!
[2017.05.03-23.05.37:056][500]LogWindows:Error: 
[2017.05.03-23.05.37:056][500]LogWindows:Error: Unhandled Exception: EXCEPTION_ACCESS_VIOLATION reading address 0x00000000
[2017.05.03-23.05.37:056][500]LogWindows:Error: 
[2017.05.03-23.05.37:056][500]LogWindows:Error: UE4Editor-GraphEditor.dll!0x00000000E4655A71
[2017.05.03-23.05.37:056][500]LogWindows:Error: UE4Editor-GraphEditor.dll!0x00000000E46F060D
[2017.05.03-23.05.37:056][500]LogWindows:Error: UE4Editor-GraphEditor.dll!0x00000000E4696B9B
[2017.05.03-23.05.37:056][500]LogWindows:Error: UE4Editor-Slate.dll!0x00000000E6F1F76E
[2017.05.03-23.05.37:056][500]LogWindows:Error: UE4Editor-Slate.dll!0x00000000E6F1E806
[2017.05.03-23.05.37:056][500]LogWindows:Error: UE4Editor-Slate.dll!0x00000000E6E556B5
[2017.05.03-23.05.37:056][500]LogWindows:Error: UE4Editor-Slate.dll!0x00000000E6E29FD5
[2017.05.03-23.05.37:056][500]LogWindows:Error: UE4Editor-SlateCore.dll!0x00000000EE09E65A
[2017.05.03-23.05.37:056][500]LogWindows:Error: UE4Editor-SlateCore.dll!0x00000000EE12854D
[2017.05.03-23.05.37:056][500]LogWindows:Error: UE4Editor-SlateCore.dll!0x00000000EE12854D
[2017.05.03-23.05.37:056][500]LogWindows:Error: UE4Editor-SlateCore.dll!0x00000000EE12854D
[2017.05.03-23.05.37:056][500]LogWindows:Error: UE4Editor-SlateCore.dll!0x00000000EE12854D
[2017.05.03-23.05.37:056][500]LogWindows:Error: UE4Editor-GraphEditor.dll!0x00000000E470F4B9
[2017.05.03-23.05.37:056][500]LogWindows:Error: UE4Editor-Slate.dll!0x00000000E6F24677
[2017.05.03-23.05.37:056][500]LogWindows:Error: UE4Editor-Slate.dll!0x00000000E6CA37A3
[2017.05.03-23.05.37:056][500]LogWindows:Error: UE4Editor-Slate.dll!0x00000000E6C73CCE
[2017.05.03-23.05.37:056][500]LogWindows:Error: UE4Editor-Slate.dll!0x00000000E6D15798
[2017.05.03-23.05.37:056][500]LogWindows:Error: UE4Editor-Slate.dll!0x00000000E6D01F5B
[2017.05.03-23.05.37:056][500]LogWindows:Error: UE4Editor-Slate.dll!0x00000000E6CF051D
[2017.05.03-23.05.37:056][500]LogWindows:Error: UE4Editor-Core.dll!0x00000000E7ACCF18
[2017.05.03-23.05.37:056][500]LogWindows:Error: UE4Editor-Core.dll!0x00000000E7ACC1B2
[2017.05.03-23.05.37:056][500]LogWindows:Error: UE4Editor-Slate.dll!0x00000000E6D22A9A
[2017.05.03-23.05.37:057][500]LogWindows:Error: UE4Editor-Slate.dll!0x00000000E6D215B5
[2017.05.03-23.05.37:057][500]LogWindows:Error: UE4Editor.exe!0x000000007DAFEA1D
[2017.05.03-23.05.37:057][500]LogWindows:Error: UE4Editor.exe!0x000000007DAEEB40
[2017.05.03-23.05.37:057][500]LogWindows:Error: UE4Editor.exe!0x000000007DAEEBBA
[2017.05.03-23.05.37:057][500]LogWindows:Error: UE4Editor.exe!0x000000007DB00A29
[2017.05.03-23.05.37:057][500]LogWindows:Error: UE4Editor.exe!0x000000007DB022B6
[2017.05.03-23.05.37:057][500]LogWindows:Error: KERNEL32.DLL!0x000000002AE18364
[2017.05.03-23.05.37:057][500]LogWindows:Error: ntdll.dll!0x000000002BC370D1
[2017.05.03-23.05.37:057][500]LogWindows:Error: ntdll.dll!0x000000002BC370D1
[2017.05.03-23.05.37:057][500]LogWindows:Error: 
[2017.05.03-23.05.37:212][500]LogExit: Executing StaticShutdownAfterError
[2017.05.03-23.05.37:235][500]LogWindows: FPlatformMisc::RequestExit(1)
[2017.05.03-23.05.37:235][500]Log file closed, 05/03/17 16:05:37
